-40	-70	1.5	13.692	-12.9897	0	0	
-40	-67.6	1.5	14.4099	-12.0189	0	0	
-40	-65.2	1.5	15.0737	-28.588	0	0	
-40	-62.8	1.5	15.5154	-25.1975	0	0	
-40	-60.4	1.5	-7.17037	-31.2193	0	0	
-40	-58	1.5	15.2888	-15.288	0	0	
-40	-55.6	1.5	-8.92622	-31.2651	0	0	
-40	-53.2	1.5	15.2502	-28.0917	0	0	
-40	-50.8	1.5	16.8769	4.42826	0	0	
-40	-48.4	1.5	16.9088	1.08928	0	0	
-40	-46	1.5	-10.7695	-22.3596	0	0	
-40	-43.6	1.5	18.0722	-3.52268	0	0	
-40	-41.2	1.5	18.1556	-2.13961	0	0	
-40	-38.8	1.5	15.6441	-14.7155	0	0	
-40	-36.4	1.5	17.9584	-4.10671	0	0	
-40	-34	1.5	18.7306	-8.65128	0	0	
-40	-31.6	1.5	16.6962	-28.3316	0	0	
-40	-29.2	1.5	14.5542	-31.6543	0	0	
-40	-26.8	1.5	18.6457	-1.15	0	0	
-40	-24.4	1.5	16.5447	-29.0808	0	0	
-40	-22	1.5	19.1527	-5.7651	0	0	
-40	-19.6	1.5	-11.8825	-37.7933	0	0	
-40	-17.2	1.5	20.8178	-8.63546	0	0	
-40	-14.8	1.5	20.4802	-9.36478	0	0	
-40	-12.4	1.5	20.5389	-5.10739	0	0	
-40	-10	1.5	20.8445	2.37247	0	0	
-40	-7.6	1.5	18.3032	-45.8109	0	0	
-40	-5.2	1.5	21.1718	-15.641	0	0	
-40	-2.8	1.5	21.1113	-18.8931	0	0	
-40	-0.4	1.5	-4.48719	-46.0981	0	0	
-40	2	1.5	19.4604	-50.6323	0	0	
-40	4.4	1.5	20.2396	-16.5602	0	0	
-40	6.8	1.5	19.2082	-42.45	0	0	
-40	9.2	1.5	17.0754	-29.3273	0	0	
-40	11.6	1.5	20.8329	-3.28797	0	0	
-40	14	1.5	-8.46406	-29.732	0	0	
-40	16.4	1.5	19.9953	-6.79879	0	0	
-40	18.8	1.5	17.6828	-31.0231	0	0	
-40	21.2	1.5	18.7655	-2.02039	0	0	
-40	23.6	1.5	18.7774	7.81302	0	0	
-40	26	1.5	19.4755	-1.75809	0	0	
-40	28.4	1.5	18.8528	-5.8594	0	0	
-40	30.8	1.5	18.157	-7.10145	0	0	
-40	33.2	1.5	-7.61571	-32.6784	0	0	
-40	35.6	1.5	18.0366	-7.12595	0	0	
-40	38	1.5	19.0072	-7.46883	0	0	
-40	40.4	1.5	17.9439	-4.35427	0	0	
-40	42.8	1.5	16.8332	-14.874	0	0	
-40	45.2	1.5	-13.4568	-27.8057	0	0	
-40	47.6	1.5	17.1171	9.04157	0	0	
-40	50	1.5	14.8216	-28.8473	0	0	
-37.6	-70	1.5	15.1292	-11.0871	0	0	
-37.6	-67.6	1.5	-13.2307	-39.2152	0	0	
-37.6	-65.2	1.5	15.1708	-9.62565	0	0	
-37.6	-62.8	1.5	15.4519	-11.4328	0	0	
-37.6	-60.4	1.5	12.6979	-30.1888	0	0	
-37.6	-58	1.5	-6.26635	-31.058	0	0	
-37.6	-55.6	1.5	14.6742	-28.641	0	0	
-37.6	-53.2	1.5	16.1592	-15.3998	0	0	
-37.6	-50.8	1.5	-9.77355	-32.2698	0	0	
-37.6	-48.4	1.5	-8.66442	-26.3286	0	0	
-37.6	-46	1.5	15.8414	-18.6305	0	0	
-37.6	-43.6	1.5	16.5442	6.75371	0	0	
-37.6	-41.2	1.5	15.4167	-27.2946	0	0	
-37.6	-38.8	1.5	15.5503	-28.1437	0	0	
-37.6	-36.4	1.5	18.1736	-5.52435	0	0	
-37.6	-34	1.5	18.5729	-7.1791	0	0	
-37.6	-31.6	1.5	19.3997	-4.23124	0	0	
-37.6	-29.2	1.5	-11.4241	-38.3678	0	0	
-37.6	-26.8	1.5	19.8471	-5.47609	0	0	
-37.6	-24.4	1.5	19.1161	1.77601	0	0	
-37.6	-22	1.5	19.4429	-1.14148	0	0	
-37.6	-19.6	1.5	20.4166	-0.3591	0	0	
-37.6	-17.2	1.5	18.9313	-36.5866	0	0	
-37.6	-14.8	1.5	20.3946	-9.95416	0	0	
-37.6	-12.4	1.5	19.4367	-27.2307	0	0	
-37.6	-10	1.5	20.1162	5.98323	0	0	
-37.6	-7.6	1.5	17.2043	-35.4147	0	0	
-37.6	-5.2	1.5	21.5529	-16.0708	0	0	
-37.6	-2.8	1.5	21.6126	-18.8796	0	0	
-37.6	-0.4	1.5	-4.2787	-46.0332	0	0	
-37.6	2	1.5	21.6023	-19.3499	0	0	
-37.6	4.4	1.5	21.9678	-16.6078	0	0	
-37.6	6.8	1.5	17.8026	-35.6816	0	0	
-37.6	9.2	1.5	21.386	-4.19175	0	0	
-37.6	11.6	1.5	20.7684	-5.45016	0	0	
-37.6	14	1.5	18.6045	-29.4786	0	0	
-37.6	16.4	1.5	18.1807	-10.1306	0	0	
-37.6	18.8	1.5	20.8545	-4.4989	0	0	
-37.6	21.2	1.5	17.408	-27.0788	0	0	
-37.6	23.6	1.5	19.6904	4.83252	0	0	
-37.6	26	1.5	19.9366	0.212052	0	0	
-37.6	28.4	1.5	17.9902	-7.56846	0	0	
-37.6	30.8	1.5	18.3151	-26.0037	0	0	
-37.6	33.2	1.5	-7.50167	-34.416	0	0	
-37.6	35.6	1.5	17.3939	-28.3088	0	0	
-37.6	38	1.5	18.735	-2.03779	0	0	
-37.6	40.4	1.5	16.3268	0.966234	0	0	
-37.6	42.8	1.5	16.7236	-24.9598	0	0	
-37.6	45.2	1.5	-9.33826	-22.6945	0	0	
-37.6	47.6	1.5	16.3593	-24.6041	0	0	
-37.6	50	1.5	16.6458	-4.42142	0	0	
-35.2	-70	1.5	13.494	-34.8049	0	0	
-35.2	-67.6	1.5	14.3327	-33.6578	0	0	
-35.2	-65.2	1.5	-9.58088	-35.0139	0	0	
-35.2	-62.8	1.5	14.7665	-10.6208	0	0	
-35.2	-60.4	1.5	13.9518	-19.8966	0	0	
-35.2	-58	1.5	14.1347	-15.7805	0	0	
-35.2	-55.6	1.5	16.0282	-9.99959	0	0	
-35.2	-53.2	1.5	16.9958	-14.0759	0	0	
-35.2	-50.8	1.5	-4.85901	-27.0836	0	0	
-35.2	-48.4	1.5	14.3803	-31.9842	0	0	
-35.2	-46	1.5	16.01	-29.9683	0	0	
-35.2	-43.6	1.5	17.8489	4.49502	0	0	
-35.2	-41.2	1.5	16.8822	-20.3386	0	0	
-35.2	-38.8	1.5	18.3131	7.46435	0	0	
-35.2	-36.4	1.5	18.652	-0.899709	0	0	
-35.2	-34	1.5	-4.24153	-28.4812	0	0	
-35.2	-31.6	1.5	19.6115	-6.5731	0	0	
-35.2	-29.2	1.5	19.9804	-6.7377	0	0	
-35.2	-26.8	1.5	18.555	-5.08432	0	0	
-35.2	-24.4	1.5	20.5204	-3.89544	0	0	
-35.2	-22	1.5	20.9688	4.24985	0	0	
-35.2	-19.6	1.5	-8.77018	-23.6419	0	0	
-35.2	-17.2	1.5	21.4121	-4.60755	0	0	
-35.2	-14.8	1.5	21.1814	-8.95744	0	0	
-35.2	-12.4	1.5	21.7052	-7.73474	0	0	
-35.2	-10	1.5	21.59	1.05337	0	0	
-35.2	-7.6	1.5	19.287	-8.7878	0	0	
-35.2	-5.2	1.5	22.3553	-13.2212	0	0	
-35.2	-2.8	1.5	21.3639	-18.4637	0	0	
-35.2	-0.4	1.5	18.4736	-21.8735	0	0	
-35.2	2	1.5	20.9674	-20.3618	0	0	
-35.2	4.4	1.5	18.4753	-43.0088	0	0	
-35.2	6.8	1.5	20.0212	-36.4393	0	0	
-35.2	9.2	1.5	22.0504	0.886382	0	0	
-35.2	11.6	1.5	21.2356	-1.51945	0	0	
-35.2	14	1.5	21.47	-7.97218	0	0	
-35.2	16.4	1.5	19.7625	-31.0827	0	0	
-35.2	18.8	1.5	19.4526	-27.0984	0	0	
-35.2	21.2	1.5	-2.96066	-23.2539	0	0	
-35.2	23.6	1.5	18.9042	-26.4606	0	0	
-35.2	26	1.5	19.6513	-3.11347	0	0	
-35.2	28.4	1.5	19.6005	-5.56317	0	0	
-35.2	30.8	1.5	18.7166	-7.19029	0	0	
-35.2	33.2	1.5	19.3583	-5.54641	0	0	
-35.2	35.6	1.5	19.0917	-4.60636	0	0	
-35.2	38	1.5	16.4982	1.60905	0	0	
-35.2	40.4	1.5	17.4672	-13.8323	0	0	
-35.2	42.8	1.5	-8.62114	-27.5572	0	0	
-35.2	45.2	1.5	17.5234	1.21375	0	0	
-35.2	47.6	1.5	13.4167	-27.4769	0	0	
-35.2	50	1.5	-7.2742	-29.3756	0	0	
-32.8	-70	1.5	-10.0646	-41.3673	0	0	
-32.8	-67.6	1.5	13.3144	-11.1821	0	0	
-32.8	-65.2	1.5	-10.246	-35.5859	0	0	
-32.8	-62.8	1.5	15.1916	-10.3044	0	0	
-32.8	-60.4	1.5	15.136	-34.7619	0	0	
-32.8	-58	1.5	15.204	-10.8893	0	0	
-32.8	-55.6	1.5	14.1536	-25.3354	0	0	
-32.8	-53.2	1.5	16.8323	-6.21296	0	0	
-32.8	-50.8	1.5	12.8296	-29.2136	0	0	
-32.8	-48.4	1.5	15.6248	-8.23138	0	0	
-32.8	-46	1.5	17.1301	-4.56507	0	0	
-32.8	-43.6	1.5	17.6338	-1.43283	0	0	
-32.8	-41.2	1.5	-7.9917	-25.287	0	0	
-32.8	-38.8	1.5	18.7293	16.4185	0	0	
-32.8	-36.4	1.5	17.9862	-21.796	0	0	
-32.8	-34	1.5	-3.94041	-23.482	0	0	
-32.8	-31.6	1.5	17.5699	-13.9378	0	0	
-32.8	-29.2	1.5	20.2153	-6.53891	0	0	
-32.8	-26.8	1.5	20.6058	-5.05415	0	0	
-32.8	-24.4	1.5	18.5105	-8.57059	0	0	
-32.8	-22	1.5	21.3958	-0.404417	0	0	
-32.8	-19.6	1.5	21.3602	3.25078	0	0	
-32.8	-17.2	1.5	21.9636	3.21802	0	0	
-32.8	-14.8	1.5	19.1268	-27.567	0	0	
-32.8	-12.4	1.5	22.127	-8.82152	0	0	
-32.8	-10	1.5	20.4407	-30.7136	0	0	
-32.8	-7.6	1.5	13.6271	-24.9147	0	0	
-32.8	-5.2	1.5	20.5676	-39.588	0	0	
-32.8	-2.8	1.5	19.1451	-40.0543	0	0	
-32.8	-0.4	1.5	-2.92772	-38.1775	0	0	
-32.8	2	1.5	22.5295	-17.4976	0	0	
-32.8	4.4	1.5	21.3555	-15.1195	0	0	
-32.8	6.8	1.5	20.0457	-35.4461	0	0	
-32.8	9.2	1.5	21.9799	3.19745	0	0	
-32.8	11.6	1.5	21.777	-6.49173	0	0	
-32.8	14	1.5	-5.44567	-34.7924	0	0	
-32.8	16.4	1.5	21.6173	-2.42869	0	0	
-32.8	18.8	1.5	19.839	-19.22	0	0	
-32.8	21.2	1.5	19.6169	-16.3683	0	0	
-32.8	23.6	1.5	-0.0851667	-21.173	0	0	
-32.8	26	1.5	18.7279	-22.1988	0	0	
-32.8	28.4	1.5	20.2083	-6.31357	0	0	
-32.8	30.8	1.5	13.2076	-23.3513	0	0	
-32.8	33.2	1.5	18.6578	-24.8889	0	0	
-32.8	35.6	1.5	16.7164	-20.9213	0	0	
-32.8	38	1.5	19.2983	8.6498	0	0	
-32.8	40.4	1.5	-5.77504	-21.2863	0	0	
-32.8	42.8	1.5	16.3911	-23.7417	0	0	
-32.8	45.2	1.5	16.4446	-30.4051	0	0	
-32.8	47.6	1.5	15.143	-22.5774	0	0	
-32.8	50	1.5	17.2566	-5.01632	0	0	
-30.4	-70	1.5	-8.13287	-30.8303	0	0	
-30.4	-67.6	1.5	15.0439	-35.8356	0	0	
-30.4	-65.2	1.5	-6.7619	-31.9001	0	0	
-30.4	-62.8	1.5	15.283	-10.3698	0	0	
-30.4	-60.4	1.5	15.4195	-31.182	0	0	
-30.4	-58	1.5	16.4751	-8.86479	0	0	
-30.4	-55.6	1.5	-8.38945	-35.1534	0	0	
-30.4	-53.2	1.5	15.6323	-18.8867	0	0	
-30.4	-50.8	1.5	-2.83094	-27.3329	0	0	
-30.4	-48.4	1.5	-10.583	-39.0054	0	0	
-30.4	-46	1.5	-9.92794	-36.1273	0	0	
-30.4	-43.6	1.5	17.822	-5.16319	0	0	
-30.4	-41.2	1.5	19.0836	-1.43093	0	0	
-30.4	-38.8	1.5	17.0306	-24.5886	0	0	
-30.4	-36.4	1.5	19.8351	15.4381	0	0	
-30.4	-34	1.5	18.2136	-16.6767	0	0	
-30.4	-31.6	1.5	19.8681	-0.523969	0	0	
-30.4	-29.2	1.5	18.6302	-31.7383	0	0	
-30.4	-26.8	1.5	18.9138	-5.95814	0	0	
-30.4	-24.4	1.5	21.2433	-3.30012	0	0	
-30.4	-22	1.5	16.824	-26.5419	0	0	
-30.4	-19.6	1.5	-8.44931	-21.7385	0	0	
-30.4	-17.2	1.5	21.4756	5.00363	0	0	
-30.4	-14.8	1.5	22.9687	-2.44484	0	0	
-30.4	-12.4	1.5	22.454	-6.38929	0	0	
-30.4	-10	1.5	22.7269	-5.19439	0	0	
-30.4	-7.6	1.5	21.6303	3.96796	0	0	
-30.4	-5.2	1.5	-7.35384	-45.6048	0	0	
-30.4	-2.8	1.5	22.7116	-15.8387	0	0	
-30.4	-0.4	1.5	23.4948	-15.0615	0	0	
-30.4	2	1.5	23.1581	-16.5498	0	0	
-30.4	4.4	1.5	21.2648	-15.0967	0	0	
-30.4	6.8	1.5	23.4184	1.97345	0	0	
-30.4	9.2	1.5	-2.4767	-29.4468	0	0	
-30.4	11.6	1.5	19.142	-23.0497	0	0	
-30.4	14	1.5	22.8928	0.449809	0	0	
-30.4	16.4	1.5	0.0629944	-25.98	0	0	
-30.4	18.8	1.5	21.9697	10.2085	0	0	
-30.4	21.2	1.5	20.9095	-2.55552	0	0	
-30.4	23.6	1.5	20.9111	-4.02998	0	0	
-30.4	26	1.5	21.0086	-4.86492	0	0	
-30.4	28.4	1.5	18.1975	-5.52503	0	0	
-30.4	30.8	1.5	18.521	-6.54289	0	0	
-30.4	33.2	1.5	20.0176	3.09921	0	0	
-30.4	35.6	1.5	17.3699	-11.5628	0	0	
-30.4	38	1.5	-3.0367	-15.4982	0	0	
-30.4	40.4	1.5	-8.07696	-25.385	0	0	
-30.4	42.8	1.5	18.5641	-1.20084	0	0	
-30.4	45.2	1.5	-6.6508	-30.3161	0	0	
-30.4	47.6	1.5	-6.17682	-30.743	0	0	
-30.4	50	1.5	17.5159	-8.37405	0	0	
-28	-70	1.5	15.0052	-8.3672	0	0	
-28	-67.6	1.5	15.3679	-10.5399	0	0	
-28	-65.2	1.5	15.4116	-10.3537	0	0	
-28	-62.8	1.5	15.9772	-37.0171	0	0	
-28	-60.4	1.5	14.944	-17.7035	0	0	
-28	-58	1.5	16.2219	-9.25036	0	0	
-28	-55.6	1.5	16.9194	-8.8598	0	0	
-28	-53.2	1.5	17.3699	-8.02368	0	0	
-28	-50.8	1.5	-6.59424	-29.4514	0	0	
-28	-48.4	1.5	17.6514	-7.62003	0	0	
-28	-46	1.5	19.7313	-6.22892	0	0	
-28	-43.6	1.5	16.8222	-20.8686	0	0	
-28	-41.2	1.5	-3.65801	-25.6662	0	0	
-28	-38.8	1.5	18.4296	-1.99353	0	0	
-28	-36.4	1.5	17.6823	-20.1583	0	0	
-28	-34	1.5	20.4538	8.54515	0	0	
-28	-31.6	1.5	19.9046	5.73061	0	0	
-28	-29.2	1.5	20.7843	1.54838	0	0	
-28	-26.8	1.5	20.166	-2.25999	0	0	
-28	-24.4	1.5	-0.464368	-26.0459	0	0	
-28	-22	1.5	22.3915	5.53162	0	0	
-28	-19.6	1.5	21.3362	-0.926576	0	0	
-28	-17.2	1.5	22.1094	13.6979	0	0	
-28	-14.8	1.5	20.6787	-23.8898	0	0	
-28	-12.4	1.5	23.3384	-4.07141	0	0	
-28	-10	1.5	23.3899	0.630746	0	0	
-28	-7.6	1.5	-0.233911	-21.5416	0	0	
-28	-5.2	1.5	23.3727	-6.35041	0	0	
-28	-2.8	1.5	23.7859	-13.2689	0	0	
-28	-0.4	1.5	22.9662	-15.5197	0	0	
-28	2	1.5	17.2653	-36.5127	0	0	
-28	4.4	1.5	24.3898	-9.04238	0	0	
-28	6.8	1.5	18.3222	-17.9745	0	0	
-28	9.2	1.5	20.7154	4.13726	0	0	
-28	11.6	1.5	19.8977	-9.28432	0	0	
-28	14	1.5	20.7557	-2.55629	0	0	
-28	16.4	1.5	22.7183	8.77294	0	0	
-28	18.8	1.5	20.5446	0.450964	0	0	
-28	21.2	1.5	20.0576	-24.6467	0	0	
-28	23.6	1.5	21.2819	-3.5831	0	0	
-28	26	1.5	21.8736	-1.48362	0	0	
-28	28.4	1.5	19.4542	-18.9397	0	0	
-28	30.8	1.5	-6.57218	-20.4192	0	0	
-28	33.2	1.5	20.1796	10.0286	0	0	
-28	35.6	1.5	18.7816	-18.5341	0	0	
-28	38	1.5	19.7291	-4.17966	0	0	
-28	40.4	1.5	19.4969	-2.36646	0	0	
-28	42.8	1.5	21.0226	-2.3379	0	0	
-28	45.2	1.5	17.9722	-7.23796	0	0	
-28	47.6	1.5	17.9758	-6.13688	0	0	
-28	50	1.5	-4.89687	-29.8365	0	0	
-25.6	-70	1.5	15.2777	-7.3381	0	0	
-25.6	-67.6	1.5	13.7242	-29.8663	0	0	
-25.6	-65.2	1.5	16.6003	-7.30988	0	0	
-25.6	-62.8	1.5	17.3076	-2.58117	0	0	
-25.6	-60.4	1.5	16.9487	-7.47576	0	0	
-25.6	-58	1.5	17.4761	-13.977	0	0	
-25.6	-55.6	1.5	16.6255	-7.37499	0	0	
-25.6	-53.2	1.5	18.2585	-6.86355	0	0	
-25.6	-50.8	1.5	15.5978	-16.843	0	0	
-25.6	-48.4	1.5	-7.51447	-32.6699	0	0	
-25.6	-46	1.5	17.4461	-6.79257	0	0	
-25.6	-43.6	1.5	-0.539527	-25.8418	0	0	
-25.6	-41.2	1.5	18.8748	-16.4228	0	0	
-25.6	-38.8	1.5	18.6063	-21.3709	0	0	
-25.6	-36.4	1.5	20.1943	3.71649	0	0	
-25.6	-34	1.5	19.8687	-23.3922	0	0	
-25.6	-31.6	1.5	21.0938	8.16577	0	0	
-25.6	-29.2	1.5	-0.988147	-20.2024	0	0	
-25.6	-26.8	1.5	19.7585	0.346478	0	0	
-25.6	-24.4	1.5	22.6164	2.20701	0	0	
-25.6	-22	1.5	21.7827	-1.73648	0	0	
-25.6	-19.6	1.5	22.3843	-0.848921	0	0	
-25.6	-17.2	1.5	21.1857	-15.7923	0	0	
-25.6	-14.8	1.5	23.7327	8.98782	0	0	
-25.6	-12.4	1.5	24.6302	-3.15889	0	0	
-25.6	-10	1.5	23.6508	-4.37352	0	0	
-25.6	-7.6	1.5	19.6683	-14.3044	0	0	
-25.6	-5.2	1.5	24.8602	-1.41162	0	0	
-25.6	-2.8	1.5	25.5438	-10.7291	0	0	
-25.6	-0.4	1.5	24.7963	-13.4704	0	0	
-25.6	2	1.5	25.1627	-11.4749	0	0	
-25.6	4.4	1.5	22.8846	-9.37479	0	0	
-25.6	6.8	1.5	24.6479	7.72807	0	0	
-25.6	9.2	1.5	24.7298	-1.63797	0	0	
-25.6	11.6	1.5	24.2328	-1.48844	0	0	
-25.6	14	1.5	23.4407	4.16655	0	0	
-25.6	16.4	1.5	21.9404	11.7596	0	0	
-25.6	18.8	1.5	21.9766	-1.09211	0	0	
-25.6	21.2	1.5	22.3094	-1.82387	0	0	
-25.6	23.6	1.5	22.6999	-0.593075	0	0	
-25.6	26	1.5	20.5393	1.04713	0	0	
-25.6	28.4	1.5	20.1534	3.87802	0	0	
-25.6	30.8	1.5	21.0334	11.0348	0	0	
-25.6	33.2	1.5	19.9792	6.03181	0	0	
-25.6	35.6	1.5	-9.76903	-34.13	0	0	
-25.6	38	1.5	17.42	-30.1016	0	0	
-25.6	40.4	1.5	13.7929	-29.7789	0	0	
-25.6	42.8	1.5	-3.169	-28.3343	0	0	
-25.6	45.2	1.5	19.2344	-27.9207	0	0	
-25.6	47.6	1.5	17.1303	-8.89811	0	0	
-25.6	50	1.5	17.5183	-15.7916	0	0	
-23.2	-70	1.5	-6.93798	-29.6624	0	0	
-23.2	-67.6	1.5	12.5186	-17.1144	0	0	
-23.2	-65.2	1.5	16.7204	-7.22517	0	0	
-23.2	-62.8	1.5	16.3835	-7.58937	0	0	
-23.2	-60.4	1.5	18.0681	-7.79398	0	0	
-23.2	-58	1.5	16.7599	-7.59246	0	0	
-23.2	-55.6	1.5	17.3123	-7.71967	0	0	
-23.2	-53.2	1.5	16.5462	-15.6385	0	0	
-23.2	-50.8	1.5	15.4175	-1.82707	0	0	
-23.2	-48.4	1.5	15.216	-17.9329	0	0	
-23.2	-46	1.5	18.0937	-23.1731	0	0	
-23.2	-43.6	1.5	-1.45476	-26.0152	0	0	
-23.2	-41.2	1.5	19.0577	-6.0198	0	0	
-23.2	-38.8	1.5	19.1206	-12.0703	0	0	
-23.2	-36.4	1.5	19.6807	-3.57549	0	0	
-23.2	-34	1.5	20.236	-0.846836	0	0	
-23.2	-31.6	1.5	20.1234	0.426718	0	0	
-23.2	-29.2	1.5	-1.66181	-18.5932	0	0	
-23.2	-26.8	1.5	22.2043	11.1613	0	0	
-23.2	-24.4	1.5	22.4639	2.9458	0	0	
-23.2	-22	1.5	21.5981	-4.75817	0	0	
-23.2	-19.6	1.5	20.8851	-4.5451	0	0	
-23.2	-17.2	1.5	23.6169	2.13673	0	0	
-23.2	-14.8	1.5	21.9555	-23.1042	0	0	
-23.2	-12.4	1.5	24.8185	3.5962	0	0	
-23.2	-10	1.5	24.4426	-2.22809	0	0	
-23.2	-7.6	1.5	25.5714	4.14165	0	0	
-23.2	-5.2	1.5	19.9117	-27.8566	0	0	
-23.2	-2.8	1.5	25.6107	-6.21809	0	0	
-23.2	-0.4	1.5	25.4182	-10.8108	0	0	
-23.2	2	1.5	25.7261	-8.03229	0	0	
-23.2	4.4	1.5	23.5498	-5.38111	0	0	
-23.2	6.8	1.5	25.7004	7.89542	0	0	
-23.2	9.2	1.5	3.41431	-22.184	0	0	
-23.2	11.6	1.5	21.6703	-13.1676	0	0	
-23.2	14	1.5	22.8283	10.6111	0	0	
-23.2	16.4	1.5	21.099	-16.017	0	0	
-23.2	18.8	1.5	20.2419	-23.1053	0	0	
-23.2	21.2	1.5	22.8967	-1.33703	0	0	
-23.2	23.6	1.5	18.9814	-23.4664	0	0	
-23.2	26	1.5	20.7665	6.90461	0	0	
-23.2	28.4	1.5	21.2806	16.1006	0	0	
-23.2	30.8	1.5	-2.66414	-19.7871	0	0	
-23.2	33.2	1.5	18.2233	-22.1657	0	0	
-23.2	35.6	1.5	18.2319	-23.3376	0	0	
-23.2	38	1.5	18.8355	-21.8561	0	0	
-23.2	40.4	1.5	19.2879	-5.31383	0	0	
-23.2	42.8	1.5	18.1688	-27.8487	0	0	
-23.2	45.2	1.5	19.208	-6.71281	0	0	
-23.2	47.6	1.5	18.2669	-13.8261	0	0	
-23.2	50	1.5	16.8439	-8.39954	0	0	
-20.8	-70	1.5	15.2219	-31.8722	0	0	
-20.8	-67.6	1.5	15.8102	-26.8821	0	0	
-20.8	-65.2	1.5	15.7944	-30.743	0	0	
-20.8	-62.8	1.5	-4.04842	-29.0182	0	0	
-20.8	-60.4	1.5	16.556	-11.8666	0	0	
-20.8	-58	1.5	-4.46306	-28.2422	0	0	
-20.8	-55.6	1.5	-2.92183	-29.354	0	0	
-20.8	-53.2	1.5	17.1327	-19.5841	0	0	
-20.8	-50.8	1.5	-3.41522	-28.2319	0	0	
-20.8	-48.4	1.5	-5.2833	-30.0705	0	0	
-20.8	-46	1.5	19.1267	-6.19592	0	0	
-20.8	-43.6	1.5	18.7739	-6.71933	0	0	
-20.8	-41.2	1.5	20.1019	-4.63186	0	0	
-20.8	-38.8	1.5	18.8682	-20.8164	0	0	
-20.8	-36.4	1.5	20.3495	-3.67602	0	0	
-20.8	-34	1.5	17.1512	-28.9916	0	0	
-20.8	-31.6	1.5	21.2632	0.265617	0	0	
-20.8	-29.2	1.5	19.5287	-13.7031	0	0	
-20.8	-26.8	1.5	21.1586	7.93486	0	0	
-20.8	-24.4	1.5	19.7551	-2.99129	0	0	
-20.8	-22	1.5	18.6077	-13.599	0	0	
-20.8	-19.6	1.5	24.8343	2.99427	0	0	
-20.8	-17.2	1.5	-1.1614	-26.326	0	0	
-20.8	-14.8	1.5	23.1161	9.00315	0	0	
-20.8	-12.4	1.5	25.0277	13.9277	0	0	
-20.8	-10	1.5	22.5219	-22.85	0	0	
-20.8	-7.6	1.5	26.699	9.07773	0	0	
-20.8	-5.2	1.5	26.8906	10.7549	0	0	
-20.8	-2.8	1.5	23.7611	-28.7713	0	0	
-20.8	-0.4	1.5	25.5796	-9.5269	0	0	
-20.8	2	1.5	24.7433	-7.27712	0	0	
-20.8	4.4	1.5	26.6656	3.39307	0	0	
-20.8	6.8	1.5	26.0541	6.15834	0	0	
-20.8	9.2	1.5	26.0546	2.0603	0	0	
-20.8	11.6	1.5	25.7634	8.00483	0	0	
-20.8	14	1.5	24.8919	4.31745	0	0	
-20.8	16.4	1.5	24.1941	1.85768	0	0	
-20.8	18.8	1.5	23.1828	2.38488	0	0	
-20.8	21.2	1.5	21.499	0.738276	0	0	
-20.8	23.6	1.5	19.5233	-16.1677	0	0	
-20.8	26	1.5	21.0085	9.25514	0	0	
-20.8	28.4	1.5	19.7474	-16.4033	0	0	
-20.8	30.8	1.5	21.3054	2.30853	0	0	
-20.8	33.2	1.5	21.4394	-1.87731	0	0	
-20.8	35.6	1.5	18.9606	-3.00331	0	0	
-20.8	38	1.5	17.2262	-24.1674	0	0	
-20.8	40.4	1.5	18.9206	-7.75298	0	0	
-20.8	42.8	1.5	18.5823	-20.4512	0	0	
-20.8	45.2	1.5	18.1888	-21.7238	0	0	
-20.8	47.6	1.5	17.7505	-5.47045	0	0	
-20.8	50	1.5	17.1947	-4.93458	0	0	
-18.4	-70	1.5	14.5583	-29.0368	0	0	
-18.4	-67.6	1.5	15.1151	-4.78182	0	0	
-18.4	-65.2	1.5	16.8823	-4.34627	0	0	
-18.4	-62.8	1.5	16.7849	-0.511261	0	0	
-18.4	-60.4	1.5	16.2019	-2.84973	0	0	
-18.4	-58	1.5	16.2263	-20.2257	0	0	
-18.4	-55.6	1.5	16.7356	-5.22844	0	0	
-18.4	-53.2	1.5	16.431	-26.9528	0	0	
-18.4	-50.8	1.5	17.8848	-6.4654	0	0	
-18.4	-48.4	1.5	17.1711	-20.0489	0	0	
-18.4	-46	1.5	17.3928	-20.9278	0	0	
-18.4	-43.6	1.5	19.1157	-22.5212	0	0	
-18.4	-41.2	1.5	-3.09149	-25.8107	0	0	
-18.4	-38.8	1.5	20.3245	-3.24649	0	0	
-18.4	-36.4	1.5	20.6432	-2.71209	0	0	
-18.4	-34	1.5	21.0048	-2.6828	0	0	
-18.4	-31.6	1.5	21.4874	-1.54994	0	0	
-18.4	-29.2	1.5	19.0681	-5.22385	0	0	
-18.4	-26.8	1.5	18.7662	-19.5359	0	0	
-18.4	-24.4	1.5	23.6724	12.2365	0	0	
-18.4	-22	1.5	24.022	19.165	0	0	
-18.4	-19.6	1.5	21.6315	1.79722	0	0	
-18.4	-17.2	1.5	22.565	1.2196	0	0	
-18.4	-14.8	1.5	24.1748	5.76526	0	0	
-18.4	-12.4	1.5	25.8838	13.7998	0	0	
-18.4	-10	1.5	25.8226	7.04557	0	0	
-18.4	-7.6	1.5	24.9071	4.1959	0	0	
-18.4	-5.2	1.5	26.4028	2.10878	0	0	
-18.4	-2.8	1.5	25.7791	-0.616894	0	0	
-18.4	-0.4	1.5	27.6891	-2.1993	0	0	
-18.4	2	1.5	26.691	0.23816	0	0	
-18.4	4.4	1.5	27.0333	7.24175	0	0	
-18.4	6.8	1.5	25.7129	7.84021	0	0	
-18.4	9.2	1.5	24.5561	5.41932	0	0	
-18.4	11.6	1.5	26.2526	14.3587	0	0	
-18.4	14	1.5	24.0502	3.76912	0	0	
-18.4	16.4	1.5	25.5399	4.84768	0	0	
-18.4	18.8	1.5	22.3556	3.02033	0	0	
-18.4	21.2	1.5	24.2569	10.8233	0	0	
-18.4	23.6	1.5	23.4653	15.7569	0	0	
-18.4	26	1.5	22.6691	3.5343	0	0	
-18.4	28.4	1.5	22.6177	2.05748	0	0	
-18.4	30.8	1.5	20.9493	-0.74734	0	0	
-18.4	33.2	1.5	18.8428	-25.2522	0	0	
-18.4	35.6	1.5	20.9789	-0.307954	0	0	
-18.4	38	1.5	20.6269	-2.99171	0	0	
-18.4	40.4	1.5	18.4067	-21.8758	0	0	
-18.4	42.8	1.5	19.5102	-15.9295	0	0	
-18.4	45.2	1.5	18.8469	-1.03659	0	0	
-18.4	47.6	1.5	18.4679	-26.6122	0	0	
-18.4	50	1.5	16.8616	-6.76346	0	0	
-16	-70	1.5	13.5105	-3.87445	0	0	
-16	-67.6	1.5	-7.60702	-26.599	0	0	
-16	-65.2	1.5	16.7826	-1.38927	0	0	
-16	-62.8	1.5	16.0452	-4.68309	0	0	
-16	-60.4	1.5	-5.23887	-23.8879	0	0	
-16	-58	1.5	17.4313	-2.73551	0	0	
-16	-55.6	1.5	-6.84403	-35.7403	0	0	
-16	-53.2	1.5	17.3584	-4.4837	0	0	
-16	-50.8	1.5	16.9095	-34.9032	0	0	
-16	-48.4	1.5	4.19563	-17.6391	0	0	
-16	-46	1.5	19.3831	-3.81089	0	0	
-16	-43.6	1.5	19.9386	-1.87752	0	0	
-16	-41.2	1.5	-2.23217	-26.4529	0	0	
-16	-38.8	1.5	21.0971	-5.74104	0	0	
-16	-36.4	1.5	21.4298	-2.95611	0	0	
-16	-34	1.5	20.2175	-3.11664	0	0	
-16	-31.6	1.5	23.0386	0.898331	0	0	
-16	-29.2	1.5	22.4788	1.78244	0	0	
-16	-26.8	1.5	21.2756	-0.596436	0	0	
-16	-24.4	1.5	22.9415	3.34658	0	0	
-16	-22	1.5	23.0248	13.1321	0	0	
-16	-19.6	1.5	23.9973	18.9819	0	0	
-16	-17.2	1.5	3.55189	-13.1773	0	0	
-16	-14.8	1.5	26.6029	8.73633	0	0	
-16	-12.4	1.5	23.0651	8.84482	0	0	
-16	-10	1.5	27.518	22.1977	0	0	
-16	-7.6	1.5	27.8246	11.2631	0	0	
-16	-5.2	1.5	27.1273	12.6444	0	0	
-16	-2.8	1.5	28.8021	10.3805	0	0	
-16	-0.4	1.5	28.4525	5.25122	0	0	
-16	2	1.5	28.1925	6.19262	0	0	
-16	4.4	1.5	25.4115	14.5067	0	0	
-16	6.8	1.5	27.9641	13.6545	0	0	
-16	9.2	1.5	27.5968	10.8483	0	0	
-16	11.6	1.5	20.792	-5.65208	0	0	
-16	14	1.5	25.7506	7.31259	0	0	
-16	16.4	1.5	25.0545	3.97735	0	0	
-16	18.8	1.5	25.3115	13.2974	0	0	
-16	21.2	1.5	23.4027	13.2769	0	0	
-16	23.6	1.5	24.5575	7.53685	0	0	
-16	26	1.5	18.427	-19.3622	0	0	
-16	28.4	1.5	19.8666	-11.5587	0	0	
-16	30.8	1.5	22.1038	-1.87942	0	0	
-16	33.2	1.5	22.1634	-0.590984	0	0	
-16	35.6	1.5	12.9087	-11.8754	0	0	
-16	38	1.5	19.7263	-3.6093	0	0	
-16	40.4	1.5	-6.89186	-28.2427	0	0	
-16	42.8	1.5	18.271	-24.3439	0	0	
-16	45.2	1.5	18.631	-2.52491	0	0	
-16	47.6	1.5	18.4877	-4.0726	0	0	
-16	50	1.5	16.4518	-19.2868	0	0	
-13.6	-70	1.5	-9.21474	-29.2526	0	0	
-13.6	-67.6	1.5	16.5293	-0.647572	0	0	
-13.6	-65.2	1.5	16.1623	-27.4837	0	0	
-13.6	-62.8	1.5	15.8827	-25.047	0	0	
-13.6	-60.4	1.5	17.7693	-0.288133	0	0	
-13.6	-58	1.5	16.573	-21.043	0	0	
-13.6	-55.6	1.5	18.5674	0.192645	0	0	
-13.6	-53.2	1.5	17.5977	-29.4741	0	0	
-13.6	-50.8	1.5	-0.780469	-30.2554	0	0	
-13.6	-48.4	1.5	17.5884	-26.4337	0	0	
-13.6	-46	1.5	18.2661	-20.0661	0	0	
-13.6	-43.6	1.5	20.0577	-1.7822	0	0	
-13.6	-41.2	1.5	20.277	-0.796116	0	0	
-13.6	-38.8	1.5	20.9716	-8.61558	0	0	
-13.6	-36.4	1.5	21.7563	-1.65587	0	0	
-13.6	-34	1.5	21.4956	-1.86975	0	0	
-13.6	-31.6	1.5	-1.9384	-26.8514	0	0	
-13.6	-29.2	1.5	20.2563	0.425705	0	0	
-13.6	-26.8	1.5	23.6631	2.12308	0	0	
-13.6	-24.4	1.5	23.5429	3.27315	0	0	
-13.6	-22	1.5	24.692	7.6625	0	0	
-13.6	-19.6	1.5	23.3344	12.8531	0	0	
-13.6	-17.2	1.5	24.3799	17.7217	0	0	
-13.6	-14.8	1.5	26.6209	10.8479	0	0	
-13.6	-12.4	1.5	25.7387	9.74147	0	0	
-13.6	-10	1.5	27.9933	19.7746	0	0	
-13.6	-7.6	1.5	28.6437	14.0923	0	0	
-13.6	-5.2	1.5	29.0194	18.3873	0	0	
-13.6	-2.8	1.5	29.0659	19.2404	0	0	
-13.6	-0.4	1.5	27.8389	7.2042	0	0	
-13.6	2	1.5	29.0118	14.1193	0	0	
-13.6	4.4	1.5	29.4172	26.9779	0	0	
-13.6	6.8	1.5	28.766	14.9007	0	0	
-13.6	9.2	1.5	25.3881	16.4891	0	0	
-13.6	11.6	1.5	26.3725	16.1574	0	0	
-13.6	14	1.5	27.7238	11.0833	0	0	
-13.6	16.4	1.5	23.9845	12.8484	0	0	
-13.6	18.8	1.5	23.3877	19.3053	0	0	
-13.6	21.2	1.5	24.9051	9.11308	0	0	
-13.6	23.6	1.5	24.2254	3.99175	0	0	
-13.6	26	1.5	22.0559	-0.808004	0	0	
-13.6	28.4	1.5	22.9937	1.76088	0	0	
-13.6	30.8	1.5	22.7788	-0.744752	0	0	
-13.6	33.2	1.5	21.6815	-1.34936	0	0	
-13.6	35.6	1.5	21.5134	-1.6163	0	0	
-13.6	38	1.5	18.7812	-3.62855	0	0	
-13.6	40.4	1.5	19.7875	-21.239	0	0	
-13.6	42.8	1.5	22.4902	3.50423	0	0	
-13.6	45.2	1.5	18.2742	-22.5401	0	0	
-13.6	47.6	1.5	-1.42767	-21.0445	0	0	
-13.6	50	1.5	18.7498	-1.72069	0	0	
-11.2	-70	1.5	15.1289	1.00742	0	0	
-11.2	-67.6	1.5	-7.97788	-22.8661	0	0	
-11.2	-65.2	1.5	16.6131	3.25584	0	0	
-11.2	-62.8	1.5	17.071	-1.29822	0	0	
-11.2	-60.4	1.5	16.5128	2.41543	0	0	
-11.2	-58	1.5	16.8444	-20.7927	0	0	
-11.2	-55.6	1.5	18.0093	-1.53857	0	0	
-11.2	-53.2	1.5	18.6195	3.82179	0	0	
-11.2	-50.8	1.5	18.5078	-3.63499	0	0	
-11.2	-48.4	1.5	19.6428	-17.7959	0	0	
-11.2	-46	1.5	19.3308	1.25413	0	0	
-11.2	-43.6	1.5	20.253	0.436891	0	0	
-11.2	-41.2	1.5	20.8424	-0.326099	0	0	
-11.2	-38.8	1.5	21.4836	2.00891	0	0	
-11.2	-36.4	1.5	1.32043	-24.3654	0	0	
-11.2	-34	1.5	21.7222	-0.873812	0	0	
-11.2	-31.6	1.5	22.4084	-20.2805	0	0	
-11.2	-29.2	1.5	21.8902	0.0646934	0	0	
-11.2	-26.8	1.5	23.2325	1.32146	0	0	
-11.2	-24.4	1.5	24.0964	2.68176	0	0	
-11.2	-22	1.5	25.3147	5.87974	0	0	
-11.2	-19.6	1.5	20.7398	-10.494	0	0	
-11.2	-17.2	1.5	26.2125	18.9484	0	0	
-11.2	-14.8	1.5	27.8097	20.1661	0	0	
-11.2	-12.4	1.5	28.5243	18.4986	0	0	
-11.2	-10	1.5	28.8832	14.3069	0	0	
-11.2	-7.6	1.5	30.2673	23.292	0	0	
-11.2	-5.2	1.5	30.1945	21.605	0	0	
-11.2	-2.8	1.5	27.2952	13.2228	0	0	
-11.2	-0.4	1.5	30.7176	1.31305	0	0	
-11.2	2	1.5	31.0536	7.83741	0	0	
-11.2	4.4	1.5	30.0759	18.8715	0	0	
-11.2	6.8	1.5	28.1763	19.8129	0	0	
-11.2	9.2	1.5	29.3386	25.2271	0	0	
-11.2	11.6	1.5	28.7685	21.4697	0	0	
-11.2	14	1.5	25.9772	13.8012	0	0	
-11.2	16.4	1.5	26.2318	19.1626	0	0	
-11.2	18.8	1.5	25.6457	11.63	0	0	
-11.2	21.2	1.5	25.0426	6.75409	0	0	
-11.2	23.6	1.5	18.6089	-16.1252	0	0	
-11.2	26	1.5	21.9956	0.0805369	0	0	
-11.2	28.4	1.5	21.6185	0.737887	0	0	
-11.2	30.8	1.5	19.1145	-3.18638	0	0	
-11.2	33.2	1.5	20.1249	-2.01694	0	0	
-11.2	35.6	1.5	20.799	-13.7846	0	0	
-11.2	38	1.5	18.6863	-21.6754	0	0	
-11.2	40.4	1.5	19.4276	0.894454	0	0	
-11.2	42.8	1.5	19.4872	-18.9832	0	0	
-11.2	45.2	1.5	18.4406	-18.698	0	0	
-11.2	47.6	1.5	19.1944	-0.523066	0	0	
-11.2	50	1.5	15.0392	-31.2267	0	0	
-8.8	-70	1.5	-5.28167	-16.6671	0	0	
-8.8	-67.6	1.5	14.8165	1.32272	0	0	
-8.8	-65.2	1.5	15.5343	-20.705	0	0	
-8.8	-62.8	1.5	16.6291	2.45702	0	0	
-8.8	-60.4	1.5	14.8028	-23.709	0	0	
-8.8	-58	1.5	17.7984	2.4382	0	0	
-8.8	-55.6	1.5	18.6927	3.26283	0	0	
-8.8	-53.2	1.5	-2.05442	-19.1748	0	0	
-8.8	-50.8	1.5	16.2975	0.596708	0	0	
-8.8	-48.4	1.5	20.295	4.61499	0	0	
-8.8	-46	1.5	19.1615	-21.0862	0	0	
-8.8	-43.6	1.5	20.0683	2.08372	0	0	
-8.8	-41.2	1.5	22.2693	4.67174	0	0	
-8.8	-38.8	1.5	19.2517	-19.1114	0	0	
-8.8	-36.4	1.5	21.7868	1.59832	0	0	
-8.8	-34	1.5	22.1653	2.16015	0	0	
-8.8	-31.6	1.5	20.1402	-24.1366	0	0	
-8.8	-29.2	1.5	22.0239	1.3826	0	0	
-8.8	-26.8	1.5	24.4732	4.47056	0	0	
-8.8	-24.4	1.5	25.2752	6.55376	0	0	
-8.8	-22	1.5	23.3102	-13.8784	0	0	
-8.8	-19.6	1.5	25.689	7.95865	0	0	
-8.8	-17.2	1.5	26.3946	12.8663	0	0	
-8.8	-14.8	1.5	27.6299	25.2106	0	0	
-8.8	-12.4	1.5	28.7398	25.9611	0	0	
-8.8	-10	1.5	29.2622	14.4437	0	0	
-8.8	-7.6	1.5	30.3942	26.9367	0	0	
-8.8	-5.2	1.5	30.5469	12.573	0	0	
-8.8	-2.8	1.5	31.9724	19.0785	0	0	
-8.8	-0.4	1.5	30.5269	-1.95573	0	0	
-8.8	2	1.5	31.7531	8.62259	0	0	
-8.8	4.4	1.5	31.3456	11.0232	0	0	
-8.8	6.8	1.5	28.6992	15.4279	0	0	
-8.8	9.2	1.5	29.8623	21.9762	0	0	
-8.8	11.6	1.5	26.2413	18.5648	0	0	
-8.8	14	1.5	28.7751	23.7117	0	0	
-8.8	16.4	1.5	26.4669	15.0891	0	0	
-8.8	18.8	1.5	26.6879	11.5142	0	0	
-8.8	21.2	1.5	24.8067	5.75136	0	0	
-8.8	23.6	1.5	25.6479	8.12548	0	0	
-8.8	26	1.5	24.0675	4.66598	0	0	
-8.8	28.4	1.5	22.5739	3.05486	0	0	
-8.8	30.8	1.5	22.368	2.47721	0	0	
-8.8	33.2	1.5	3.31255	-17.1166	0	0	
-8.8	35.6	1.5	19.274	-14.8077	0	0	
-8.8	38	1.5	20.9397	1.24527	0	0	
-8.8	40.4	1.5	20.5651	3.20938	0	0	
-8.8	42.8	1.5	20.1869	-22.9698	0	0	
-8.8	45.2	1.5	17.4181	-13.9835	0	0	
-8.8	47.6	1.5	20.146	3.29095	0	0	
-8.8	50	1.5	18.1721	-27.8101	0	0	
-6.4	-70	1.5	16.5242	-5.36869	0	0	
-6.4	-67.6	1.5	16.214	-21.1979	0	0	
-6.4	-65.2	1.5	16.7205	-19.9398	0	0	
-6.4	-62.8	1.5	-1.24902	-18.2678	0	0	
-6.4	-60.4	1.5	15.6885	-17.8977	0	0	
-6.4	-58	1.5	18.7579	6.42409	0	0	
-6.4	-55.6	1.5	19.3697	-27.278	0	0	
-6.4	-53.2	1.5	-2.65483	-17.8825	0	0	
-6.4	-50.8	1.5	16.8764	-17.1967	0	0	
-6.4	-48.4	1.5	17.6423	-18.1828	0	0	
-6.4	-46	1.5	18.1689	-18.5159	0	0	
-6.4	-43.6	1.5	19.6418	-2.25569	0	0	
-6.4	-41.2	1.5	20.6813	5.17354	0	0	
-6.4	-38.8	1.5	21.7616	4.35921	0	0	
-6.4	-36.4	1.5	21.7097	2.04687	0	0	
-6.4	-34	1.5	21.2264	-15.4932	0	0	
-6.4	-31.6	1.5	21.6879	-7.85049	0	0	
-6.4	-29.2	1.5	22.9868	4.20037	0	0	
-6.4	-26.8	1.5	24.5946	5.09047	0	0	
-6.4	-24.4	1.5	25.4995	7.15044	0	0	
-6.4	-22	1.5	23.2334	5.19787	0	0	
-6.4	-19.6	1.5	26.3925	9.79231	0	0	
-6.4	-17.2	1.5	27.7952	14.5461	0	0	
-6.4	-14.8	1.5	29.3878	24.5854	0	0	
-6.4	-12.4	1.5	26.3301	21.9577	0	0	
-6.4	-10	1.5	30.9161	20.1262	0	0	
-6.4	-7.6	1.5	30.0308	19.9843	0	0	
-6.4	-5.2	1.5	32.5912	17.8458	0	0	
-6.4	-2.8	1.5	30.3909	23.8484	0	0	
-6.4	-0.4	1.5	29.5845	-2.4603	0	0	
-6.4	2	1.5	32.9604	10.4112	0	0	
-6.4	4.4	1.5	31.5255	12.593	0	0	
-6.4	6.8	1.5	31.9424	22.7094	0	0	
-6.4	9.2	1.5	30.0646	19.531	0	0	
-6.4	11.6	1.5	28.7198	24.3878	0	0	
-6.4	14	1.5	27.2463	22.4503	0	0	
-6.4	16.4	1.5	27.3658	18.9749	0	0	
-6.4	18.8	1.5	26.2467	12.2877	0	0	
-6.4	21.2	1.5	24.2772	5.49947	0	0	
-6.4	23.6	1.5	25.292	8.42131	0	0	
-6.4	26	1.5	23.5866	-11.6192	0	0	
-6.4	28.4	1.5	23.5917	3.63699	0	0	
-6.4	30.8	1.5	23.1853	3.99134	0	0	
-6.4	33.2	1.5	20.9828	-12.4978	0	0	
-6.4	35.6	1.5	21.3506	5.20247	0	0	
-6.4	38	1.5	18.9278	-14.5523	0	0	
-6.4	40.4	1.5	20.4605	3.5959	0	0	
-6.4	42.8	1.5	1.25847	-15.694	0	0	
-6.4	45.2	1.5	20.4115	3.55905	0	0	
-6.4	47.6	1.5	17.9358	-9.02502	0	0	
-6.4	50	1.5	18.0348	-23.8417	0	0	
-4	-70	1.5	16.2071	5.75192	0	0	
-4	-67.6	1.5	-5.36992	-11.4219	0	0	
-4	-65.2	1.5	15.7559	-24.6908	0	0	
-4	-62.8	1.5	17.5063	-20.5927	0	0	
-4	-60.4	1.5	16.8113	6.7195	0	0	
-4	-58	1.5	18.3095	1.98526	0	0	
-4	-55.6	1.5	0.848561	-11.7404	0	0	
-4	-53.2	1.5	-0.419509	-12.2794	0	0	
-4	-50.8	1.5	19.1697	8.56955	0	0	
-4	-48.4	1.5	17.8307	1.58892	0	0	
-4	-46	1.5	19.2539	4.95745	0	0	
-4	-43.6	1.5	17.0596	1.65746	0	0	
-4	-41.2	1.5	22.3371	7.40275	0	0	
-4	-38.8	1.5	20.6712	-11.5324	0	0	
-4	-36.4	1.5	20.9526	4.19001	0	0	
-4	-34	1.5	21.9007	5.71457	0	0	
-4	-31.6	1.5	23.0016	6.24553	0	0	
-4	-29.2	1.5	22.6034	-14.0525	0	0	
-4	-26.8	1.5	24.7436	7.56455	0	0	
-4	-24.4	1.5	24.9629	6.79236	0	0	
-4	-22	1.5	26.9162	10.4251	0	0	
-4	-19.6	1.5	25.7229	9.87689	0	0	
-4	-17.2	1.5	27.8426	14.6342	0	0	
-4	-14.8	1.5	30.0463	25.892	0	0	
-4	-12.4	1.5	31.0628	27.6413	0	0	
-4	-10	1.5	31.3381	23.9445	0	0	
-4	-7.6	1.5	29.8363	13.3708	0	0	
-4	-5.2	1.5	32.9388	22.5123	0	0	
-4	-2.8	1.5	33.9344	22.1108	0	0	
-4	-0.4	1.5	33.9421	6.28515	0	0	
-4	2	1.5	34.0613	17.9774	0	0	
-4	4.4	1.5	33.2239	15.0782	0	0	
-4	6.8	1.5	30.5895	13.3742	0	0	
-4	9.2	1.5	31.5953	22.2703	0	0	
-4	11.6	1.5	30.117	22.0844	0	0	
-4	14	1.5	28.9831	24.1147	0	0	
-4	16.4	1.5	27.5425	19.5563	0	0	
-4	18.8	1.5	26.1578	10.8303	0	0	
-4	21.2	1.5	25.8959	14.7475	0	0	
-4	23.6	1.5	23.5681	-7.54911	0	0	
-4	26	1.5	24.3529	7.71489	0	0	
-4	28.4	1.5	23.9624	3.18105	0	0	
-4	30.8	1.5	22.7972	6.41403	0	0	
-4	33.2	1.5	21.8868	7.20869	0	0	
-4	35.6	1.5	21.1943	5.48705	0	0	
-4	38	1.5	16.7622	-7.83296	0	0	
-4	40.4	1.5	19.8195	-14.5466	0	0	
-4	42.8	1.5	19.375	-24.7259	0	0	
-4	45.2	1.5	21.5537	0.380695	0	0	
-4	47.6	1.5	18.7961	-19.3758	0	0	
-4	50	1.5	19.9068	5.8348	0	0	
-1.6	-70	1.5	16.5524	5.82982	0	0	
-1.6	-67.6	1.5	16.367	0.60074	0	0	
-1.6	-65.2	1.5	16.6698	-23.6145	0	0	
-1.6	-62.8	1.5	-1.70853	-14.0608	0	0	
-1.6	-60.4	1.5	13.844	-2.7878	0	0	
-1.6	-58	1.5	17.1199	-17.1604	0	0	
-1.6	-55.6	1.5	16.7842	-21.639	0	0	
-1.6	-53.2	1.5	17.3942	-11.7755	0	0	
-1.6	-50.8	1.5	18.7944	5.32876	0	0	
-1.6	-48.4	1.5	15.0369	-18.2992	0	0	
-1.6	-46	1.5	19.718	-6.64207	0	0	
-1.6	-43.6	1.5	18.1535	-20.3975	0	0	
-1.6	-41.2	1.5	20.6117	-16.0505	0	0	
-1.6	-38.8	1.5	20.8882	-9.19644	0	0	
-1.6	-36.4	1.5	21.6461	-12.467	0	0	
-1.6	-34	1.5	22.3881	-10.8467	0	0	
-1.6	-31.6	1.5	22.9331	-13.8096	0	0	
-1.6	-29.2	1.5	23.6349	7.91699	0	0	
-1.6	-26.8	1.5	23.1255	4.72512	0	0	
-1.6	-24.4	1.5	24.8404	9.71357	0	0	
-1.6	-22	1.5	26.6356	9.56002	0	0	
-1.6	-19.6	1.5	26.511	11.1577	0	0	
-1.6	-17.2	1.5	28.5476	19.7429	0	0	
-1.6	-14.8	1.5	29.0097	28.4104	0	0	
-1.6	-12.4	1.5	31.1412	22.2137	0	0	
-1.6	-10	1.5	31.7698	29.5985	0	0	
-1.6	-7.6	1.5	30.6476	14.9132	0	0	
-1.6	-5.2	1.5	33.68	23.3668	0	0	
-1.6	-2.8	1.5	32.7862	20.2032	0	0	
-1.6	-0.4	1.5	32.4838	18.2987	0	0	
-1.6	2	1.5	34.2346	26.1568	0	0	
-1.6	4.4	1.5	33.2505	22.3125	0	0	
-1.6	6.8	1.5	31.1295	15.1197	0	0	
-1.6	9.2	1.5	30.954	22.626	0	0	
-1.6	11.6	1.5	30.2076	21.6266	0	0	
-1.6	14	1.5	29.4467	23.1225	0	0	
-1.6	16.4	1.5	28.2535	20.7042	0	0	
-1.6	18.8	1.5	27.0477	14.4242	0	0	
-1.6	21.2	1.5	26.4466	11.767	0	0	
-1.6	23.6	1.5	25.0138	8.69184	0	0	
-1.6	26	1.5	24.4794	10.7261	0	0	
-1.6	28.4	1.5	24.1921	8.25645	0	0	
-1.6	30.8	1.5	21.7142	-14.2803	0	0	
-1.6	33.2	1.5	21.9595	5.98472	0	0	
-1.6	35.6	1.5	22.3823	7.67006	0	0	
-1.6	38	1.5	21.6342	5.07237	0	0	
-1.6	40.4	1.5	20.0479	-15.0628	0	0	
-1.6	42.8	1.5	20.8413	4.21561	0	0	
-1.6	45.2	1.5	20.6477	5.23345	0	0	
-1.6	47.6	1.5	-0.817868	-9.91833	0	0	
-1.6	50	1.5	19.1762	-25.1919	0	0	
0.8	-70	1.5	-5.56533	-12.1982	0	0	
0.8	-67.6	1.5	15.7389	-7.49291	0	0	
0.8	-65.2	1.5	15.5967	-20.4235	0	0	
0.8	-62.8	1.5	16.6511	-21.4689	0	0	
0.8	-60.4	1.5	17.7394	-21.578	0	0	
0.8	-58	1.5	-9.7672	-24.7098	0	0	
0.8	-55.6	1.5	16.6075	-13.3699	0	0	
0.8	-53.2	1.5	15.4903	-13.6849	0	0	
0.8	-50.8	1.5	19.1284	5.54716	0	0	
0.8	-48.4	1.5	18.3041	-24.1702	0	0	
0.8	-46	1.5	19.8225	3.54542	0	0	
0.8	-43.6	1.5	18.754	5.72848	0	0	
0.8	-41.2	1.5	20.9163	10.2453	0	0	
0.8	-38.8	1.5	21.4473	8.24864	0	0	
0.8	-36.4	1.5	21.169	4.14652	0	0	
0.8	-34	1.5	22.0147	5.35161	0	0	
0.8	-31.6	1.5	21.7153	6.91862	0	0	
0.8	-29.2	1.5	24.5052	7.9001	0	0	
0.8	-26.8	1.5	23.0512	-15.4044	0	0	
0.8	-24.4	1.5	23.8728	13.6196	0	0	
0.8	-22	1.5	26.2593	9.49783	0	0	
0.8	-19.6	1.5	27.8595	14.3314	0	0	
0.8	-17.2	1.5	28.3117	19.3442	0	0	
0.8	-14.8	1.5	27.114	21.2566	0	0	
0.8	-12.4	1.5	29.1334	19.6651	0	0	
0.8	-10	1.5	31.6154	30.5618	0	0	
0.8	-7.6	1.5	31.0423	16.7456	0	0	
0.8	-5.2	1.5	31.9487	23.7676	0	0	
0.8	-2.8	1.5	36.1164	28.923	0	0	
0.8	-0.4	1.5	35.5291	21.0511	0	0	
0.8	2	1.5	35.3795	28.5556	0	0	
0.8	4.4	1.5	33.5529	28.2369	0	0	
0.8	6.8	1.5	32.2516	17.2821	0	0	
0.8	9.2	1.5	32.6041	30.5126	0	0	
0.8	11.6	1.5	29.4346	18.4637	0	0	
0.8	14	1.5	28.166	21.3641	0	0	
0.8	16.4	1.5	27.8764	20.5287	0	0	
0.8	18.8	1.5	27.345	15.198	0	0	
0.8	21.2	1.5	25.9573	12.5533	0	0	
0.8	23.6	1.5	26.6988	11.7472	0	0	
0.8	26	1.5	23.1119	7.77925	0	0	
0.8	28.4	1.5	23.0477	6.0829	0	0	
0.8	30.8	1.5	23.7254	6.69694	0	0	
0.8	33.2	1.5	21.7673	6.14731	0	0	
0.8	35.6	1.5	21.9773	6.20459	0	0	
0.8	38	1.5	20.5599	3.81071	0	0	
0.8	40.4	1.5	16.6209	-16.7709	0	0	
0.8	42.8	1.5	18.7121	4.53606	0	0	
0.8	45.2	1.5	19.6818	-11.8295	0	0	
0.8	47.6	1.5	18.272	4.46673	0	0	
0.8	50	1.5	-4.14262	-16.7761	0	0	
3.2	-70	1.5	-6.00458	-23.8348	0	0	
3.2	-67.6	1.5	16.6042	-20.7505	0	0	
3.2	-65.2	1.5	-4.83628	-19.7001	0	0	
3.2	-62.8	1.5	17.6592	-21.7654	0	0	
3.2	-60.4	1.5	-4.71228	-17.509	0	0	
3.2	-58	1.5	17.9181	-20.5877	0	0	
3.2	-55.6	1.5	18.6496	6.92961	0	0	
3.2	-53.2	1.5	-1.4756	-14.2319	0	0	
3.2	-50.8	1.5	19.0031	8.46923	0	0	
3.2	-48.4	1.5	-1.39479	-16.7134	0	0	
3.2	-46	1.5	-0.591916	-19.0942	0	0	
3.2	-43.6	1.5	19.8673	-21.5032	0	0	
3.2	-41.2	1.5	20.9814	6.34457	0	0	
3.2	-38.8	1.5	21.5648	7.11721	0	0	
3.2	-36.4	1.5	21.7506	-18.8618	0	0	
3.2	-34	1.5	22.5407	6.61599	0	0	
3.2	-31.6	1.5	23.0516	-17.0942	0	0	
3.2	-29.2	1.5	23.1318	-13.3329	0	0	
3.2	-26.8	1.5	23.1001	5.84945	0	0	
3.2	-24.4	1.5	25.4007	7.20084	0	0	
3.2	-22	1.5	26.8556	9.81479	0	0	
3.2	-19.6	1.5	27.0324	11.3815	0	0	
3.2	-17.2	1.5	27.7362	17.7913	0	0	
3.2	-14.8	1.5	28.8462	27.2526	0	0	
3.2	-12.4	1.5	28.9627	22.8539	0	0	
3.2	-10	1.5	31.1175	29.9144	0	0	
3.2	-7.6	1.5	31.988	14.7427	0	0	
3.2	-5.2	1.5	32.433	30.9501	0	0	
3.2	-2.8	1.5	33.3448	22.1972	0	0	
3.2	-0.4	1.5	34.8967	11.0416	0	0	
3.2	2	1.5	34.1373	22.7173	0	0	
3.2	4.4	1.5	34.1506	20.5546	0	0	
3.2	6.8	1.5	31.7158	15.0638	0	0	
3.2	9.2	1.5	31.5049	21.1794	0	0	
3.2	11.6	1.5	30.0065	24.1306	0	0	
3.2	14	1.5	29.1853	26.8958	0	0	
3.2	16.4	1.5	28.2055	18.155	0	0	
3.2	18.8	1.5	26.9138	11.847	0	0	
3.2	21.2	1.5	25.8586	10.2585	0	0	
3.2	23.6	1.5	25.3968	9.30323	0	0	
3.2	26	1.5	24.7723	-12.2617	0	0	
3.2	28.4	1.5	24.2032	6.82313	0	0	
3.2	30.8	1.5	24.0195	6.41697	0	0	
3.2	33.2	1.5	23.0685	6.45064	0	0	
3.2	35.6	1.5	21.0493	-12.5825	0	0	
3.2	38	1.5	20.358	-25.3271	0	0	
3.2	40.4	1.5	21.2532	6.91057	0	0	
3.2	42.8	1.5	-1.81071	-20.6817	0	0	
3.2	45.2	1.5	19.5934	3.70586	0	0	
3.2	47.6	1.5	20.3104	7.0298	0	0	
3.2	50	1.5	18.6312	-21.8494	0	0	
5.6	-70	1.5	16.9475	-13.8762	0	0	
5.6	-67.6	1.5	14.968	-17.1575	0	0	
5.6	-65.2	1.5	14.6904	3.72812	0	0	
5.6	-62.8	1.5	16.0143	-19.812	0	0	
5.6	-60.4	1.5	17.2645	8.65234	0	0	
5.6	-58	1.5	17.0966	5.60016	0	0	
5.6	-55.6	1.5	17.3102	-21.2933	0	0	
5.6	-53.2	1.5	-3.72287	-18.0618	0	0	
5.6	-50.8	1.5	19.3732	-17.6429	0	0	
5.6	-48.4	1.5	19.59	6.11929	0	0	
5.6	-46	1.5	19.6204	2.81295	0	0	
5.6	-43.6	1.5	20.5579	-18.6595	0	0	
5.6	-41.2	1.5	20.0922	4.0692	0	0	
5.6	-38.8	1.5	24.2305	1.13729	0	0	
5.6	-36.4	1.5	21.2349	-17.096	0	0	
5.6	-34	1.5	21.9691	3.206	0	0	
5.6	-31.6	1.5	22.6613	1.18149	0	0	
5.6	-29.2	1.5	22.9961	5.43138	0	0	
5.6	-26.8	1.5	24.2118	5.27918	0	0	
5.6	-24.4	1.5	25.332	6.27651	0	0	
5.6	-22	1.5	26.2427	6.84384	0	0	
5.6	-19.6	1.5	26.9647	10.1029	0	0	
5.6	-17.2	1.5	27.7314	15.2473	0	0	
5.6	-14.8	1.5	28.606	22.5852	0	0	
5.6	-12.4	1.5	30.2862	20.7767	0	0	
5.6	-10	1.5	31.5129	23.8652	0	0	
5.6	-7.6	1.5	32.1537	15.1373	0	0	
5.6	-5.2	1.5	32.3449	14.7463	0	0	
5.6	-2.8	1.5	33.2912	23.9229	0	0	
5.6	-0.4	1.5	33.9248	8.90444	0	0	
5.6	2	1.5	33.4647	11.4059	0	0	
5.6	4.4	1.5	33.171	13.8208	0	0	
5.6	6.8	1.5	31.6233	18.4854	0	0	
5.6	9.2	1.5	31.4288	18.084	0	0	
5.6	11.6	1.5	28.762	27.0747	0	0	
5.6	14	1.5	27.6392	24.7841	0	0	
5.6	16.4	1.5	27.8492	16.0019	0	0	
5.6	18.8	1.5	26.8833	11.3185	0	0	
5.6	21.2	1.5	26.3877	9.64817	0	0	
5.6	23.6	1.5	25.1616	7.94067	0	0	
5.6	26	1.5	23.5904	5.08248	0	0	
5.6	28.4	1.5	22.4683	-19.0921	0	0	
5.6	30.8	1.5	23.4261	7.53647	0	0	
5.6	33.2	1.5	22.7187	-11.6615	0	0	
5.6	35.6	1.5	22.0724	4.51977	0	0	
5.6	38	1.5	19.0217	-12.489	0	0	
5.6	40.4	1.5	20.9732	4.50766	0	0	
5.6	42.8	1.5	20.0411	-7.95594	0	0	
5.6	45.2	1.5	-0.601754	-20.1463	0	0	
5.6	47.6	1.5	19.5756	6.10946	0	0	
5.6	50	1.5	19.1451	-13.7633	0	0	
8	-70	1.5	16.3664	-16.0393	0	0	
8	-67.6	1.5	-6.66867	-20.3243	0	0	
8	-65.2	1.5	17.195	-19.2629	0	0	
8	-62.8	1.5	14.4154	-21.4519	0	0	
8	-60.4	1.5	18.2411	-4.3787	0	0	
8	-58	1.5	-3.27421	-18.1602	0	0	
8	-55.6	1.5	18.9254	4.8963	0	0	
8	-53.2	1.5	18.136	1.93801	0	0	
8	-50.8	1.5	18.5852	6.03648	0	0	
8	-48.4	1.5	-1.92734	-17.0841	0	0	
8	-46	1.5	17.9022	3.09754	0	0	
8	-43.6	1.5	21.2775	6.94607	0	0	
8	-41.2	1.5	21.4923	-16.9926	0	0	
8	-38.8	1.5	20.4287	-18.4837	0	0	
8	-36.4	1.5	21.8702	2.36368	0	0	
8	-34	1.5	21.9408	-20.805	0	0	
8	-31.6	1.5	22.8564	2.1217	0	0	
8	-29.2	1.5	23.3759	3.75984	0	0	
8	-26.8	1.5	24.4247	1.44601	0	0	
8	-24.4	1.5	26.0422	5.75382	0	0	
8	-22	1.5	25.9379	6.38455	0	0	
8	-19.6	1.5	25.4527	6.09826	0	0	
8	-17.2	1.5	25.1907	12.8638	0	0	
8	-14.8	1.5	28.1463	18.5516	0	0	
8	-12.4	1.5	28.5023	21.9655	0	0	
8	-10	1.5	29.9163	22.0802	0	0	
8	-7.6	1.5	32.1106	20.2248	0	0	
8	-5.2	1.5	33.9919	17.3534	0	0	
8	-2.8	1.5	34.4819	19.0952	0	0	
8	-0.4	1.5	32.8046	0.417313	0	0	
8	2	1.5	35.4788	7.0077	0	0	
8	4.4	1.5	34.2059	11.399	0	0	
8	6.8	1.5	31.4421	20.6282	0	0	
8	9.2	1.5	31.4925	19.0319	0	0	
8	11.6	1.5	30.3216	21.6474	0	0	
8	14	1.5	28.2643	25.3713	0	0	
8	16.4	1.5	27.875	17.3223	0	0	
8	18.8	1.5	27.5341	9.56543	0	0	
8	21.2	1.5	26.4619	5.25175	0	0	
8	23.6	1.5	25.1795	7.93403	0	0	
8	26	1.5	23.9916	-13.9754	0	0	
8	28.4	1.5	24.0098	-15.3896	0	0	
8	30.8	1.5	23.4842	3.34639	0	0	
8	33.2	1.5	22.7577	3.58803	0	0	
8	35.6	1.5	21.4006	-16.8657	0	0	
8	38	1.5	4.03307	-13.1642	0	0	
8	40.4	1.5	21.6721	2.85082	0	0	
8	42.8	1.5	19.9002	4.53185	0	0	
8	45.2	1.5	20.4735	-1.46537	0	0	
8	47.6	1.5	-0.297863	-16.9269	0	0	
8	50	1.5	19.1385	-10.0181	0	0	
10.4	-70	1.5	-3.66931	-20.9804	0	0	
10.4	-67.6	1.5	-8.57997	-23.216	0	0	
10.4	-65.2	1.5	17.2679	1.55955	0	0	
10.4	-62.8	1.5	15.4736	-18.3755	0	0	
10.4	-60.4	1.5	18.5689	-0.195417	0	0	
10.4	-58	1.5	17.1204	0.431988	0	0	
10.4	-55.6	1.5	17.45	3.77412	0	0	
10.4	-53.2	1.5	17.6596	-2.33512	0	0	
10.4	-50.8	1.5	19.6615	-16.5728	0	0	
10.4	-48.4	1.5	-2.8544	-21.8498	0	0	
10.4	-46	1.5	20.226	5.12555	0	0	
10.4	-43.6	1.5	19.6601	-20.1502	0	0	
10.4	-41.2	1.5	21.5758	-16.4661	0	0	
10.4	-38.8	1.5	20.2585	-19.8657	0	0	
10.4	-36.4	1.5	21.5617	-19.8932	0	0	
10.4	-34	1.5	22.6249	-14.3266	0	0	
10.4	-31.6	1.5	23.5876	-1.57796	0	0	
10.4	-29.2	1.5	23.602	0.149091	0	0	
10.4	-26.8	1.5	23.4903	1.7978	0	0	
10.4	-24.4	1.5	25.4259	-16.6493	0	0	
10.4	-22	1.5	27.2818	4.24161	0	0	
10.4	-19.6	1.5	26.6685	10.8734	0	0	
10.4	-17.2	1.5	28.2288	-0.641251	0	0	
10.4	-14.8	1.5	29.1272	23.9209	0	0	
10.4	-12.4	1.5	29.1719	20.0453	0	0	
10.4	-10	1.5	31.3594	23.3665	0	0	
10.4	-7.6	1.5	35.2629	23.3668	0	0	
10.4	-5.2	1.5	34.322	13.5029	0	0	
10.4	-2.8	1.5	32.8791	9.1602	0	0	
10.4	-0.4	1.5	36.423	13.5162	0	0	
10.4	2	1.5	33.4153	6.20573	0	0	
10.4	4.4	1.5	34.2951	12.2672	0	0	
10.4	6.8	1.5	33.3831	22.5299	0	0	
10.4	9.2	1.5	30.1163	26.6533	0	0	
10.4	11.6	1.5	30.6724	22.1884	0	0	
10.4	14	1.5	29.6116	20.4958	0	0	
10.4	16.4	1.5	28.4082	11.6066	0	0	
10.4	18.8	1.5	27.1564	11.0221	0	0	
10.4	21.2	1.5	25.2678	6.3677	0	0	
10.4	23.6	1.5	22.6292	-17.5503	0	0	
10.4	26	1.5	25.151	4.13585	0	0	
10.4	28.4	1.5	23.3905	3.36805	0	0	
10.4	30.8	1.5	18.1642	-3.93414	0	0	
10.4	33.2	1.5	22.2464	0.923815	0	0	
10.4	35.6	1.5	22.0723	-0.198351	0	0	
10.4	38	1.5	21.6411	0.169302	0	0	
10.4	40.4	1.5	19.8111	0.359715	0	0	
10.4	42.8	1.5	20.0558	2.5153	0	0	
10.4	45.2	1.5	20.4756	1.22835	0	0	
10.4	47.6	1.5	20.1796	2.17464	0	0	
10.4	50	1.5	18.9352	1.55619	0	0	
12.8	-70	1.5	-6.72853	-26.3585	0	0	
12.8	-67.6	1.5	15.9761	-18.4947	0	0	
12.8	-65.2	1.5	17.3478	-13.0895	0	0	
12.8	-62.8	1.5	17.5343	2.09156	0	0	
12.8	-60.4	1.5	-2.38482	-24.3323	0	0	
12.8	-58	1.5	16.7548	-2.26585	0	0	
12.8	-55.6	1.5	17.2852	-2.3901	0	0	
12.8	-53.2	1.5	17.277	-0.485218	0	0	
12.8	-50.8	1.5	16.8153	-3.47994	0	0	
12.8	-48.4	1.5	19.6715	-17.5173	0	0	
12.8	-46	1.5	19.923	-17.9497	0	0	
12.8	-43.6	1.5	2.68721	-25.2105	0	0	
12.8	-41.2	1.5	20.8552	-3.01629	0	0	
12.8	-38.8	1.5	20.881	-0.909379	0	0	
12.8	-36.4	1.5	20.9271	-2.00083	0	0	
12.8	-34	1.5	17.8375	-20.8768	0	0	
12.8	-31.6	1.5	23.26	-10.1446	0	0	
12.8	-29.2	1.5	24.037	0.129201	0	0	
12.8	-26.8	1.5	25.0597	0.220815	0	0	
12.8	-24.4	1.5	25.1965	-17.5798	0	0	
12.8	-22	1.5	26.4781	6.33555	0	0	
12.8	-19.6	1.5	27.0369	13.6428	0	0	
12.8	-17.2	1.5	27.5737	16.844	0	0	
12.8	-14.8	1.5	29.2602	12.8887	0	0	
12.8	-12.4	1.5	30.1086	11.435	0	0	
12.8	-10	1.5	31.3255	15.757	0	0	
12.8	-7.6	1.5	31.6452	24.8045	0	0	
12.8	-5.2	1.5	32.939	21.4396	0	0	
12.8	-2.8	1.5	34.8793	16.033	0	0	
12.8	-0.4	1.5	32.6735	4.36843	0	0	
12.8	2	1.5	34.5555	7.28237	0	0	
12.8	4.4	1.5	33.412	18.2486	0	0	
12.8	6.8	1.5	32.1995	12.4643	0	0	
12.8	9.2	1.5	31.7327	21.9327	0	0	
12.8	11.6	1.5	29.5348	17.0031	0	0	
12.8	14	1.5	29.0231	17.3764	0	0	
12.8	16.4	1.5	28.0976	22.0484	0	0	
12.8	18.8	1.5	26.6336	16.2701	0	0	
12.8	21.2	1.5	26.1552	7.67338	0	0	
12.8	23.6	1.5	26.2804	4.44526	0	0	
12.8	26	1.5	24.2269	2.33828	0	0	
12.8	28.4	1.5	24.3699	1.94251	0	0	
12.8	30.8	1.5	23.2574	-1.31632	0	0	
12.8	33.2	1.5	22.8052	-12.3699	0	0	
12.8	35.6	1.5	21.6525	-2.21109	0	0	
12.8	38	1.5	21.4518	-11.1451	0	0	
12.8	40.4	1.5	20.4417	-9.59177	0	0	
12.8	42.8	1.5	19.9139	1.50483	0	0	
12.8	45.2	1.5	0.942772	-19.2224	0	0	
12.8	47.6	1.5	19.6108	-16.5845	0	0	
12.8	50	1.5	19.2623	-16.9936	0	0	
15.2	-70	1.5	16.1173	1.45599	0	0	
15.2	-67.6	1.5	15.9707	-2.26004	0	0	
15.2	-65.2	1.5	16.6184	-17.7487	0	0	
15.2	-62.8	1.5	16.9663	-0.633424	0	0	
15.2	-60.4	1.5	-2.31084	-29.6965	0	0	
15.2	-58	1.5	17.8823	-2.3448	0	0	
15.2	-55.6	1.5	-2.59034	-29.7884	0	0	
15.2	-53.2	1.5	18.7827	-1.34814	0	0	
15.2	-50.8	1.5	18.8505	-17.1728	0	0	
15.2	-48.4	1.5	19.2226	-2.29146	0	0	
15.2	-46	1.5	19.3321	-21.7194	0	0	
15.2	-43.6	1.5	19.8759	-9.45044	0	0	
15.2	-41.2	1.5	21.037	-2.6886	0	0	
15.2	-38.8	1.5	20.7619	-7.61888	0	0	
15.2	-36.4	1.5	19.7127	-4.60758	0	0	
15.2	-34	1.5	22.5976	-15.282	0	0	
15.2	-31.6	1.5	23.3853	-4.98473	0	0	
15.2	-29.2	1.5	23.0484	0.421968	0	0	
15.2	-26.8	1.5	24.4505	4.0857	0	0	
15.2	-24.4	1.5	25.3031	-2.00199	0	0	
15.2	-22	1.5	26.2254	10.2666	0	0	
15.2	-19.6	1.5	27.0023	-7.41706	0	0	
15.2	-17.2	1.5	28.2215	9.15578	0	0	
15.2	-14.8	1.5	28.9086	9.72098	0	0	
15.2	-12.4	1.5	28.2132	7.06936	0	0	
15.2	-10	1.5	31.5067	16.0322	0	0	
15.2	-7.6	1.5	32.5935	13.8539	0	0	
15.2	-5.2	1.5	31.8919	14.9277	0	0	
15.2	-2.8	1.5	35.2948	21.6724	0	0	
15.2	-0.4	1.5	34.305	15.3449	0	0	
15.2	2	1.5	34.6628	15.5744	0	0	
15.2	4.4	1.5	33.5075	19.9313	0	0	
15.2	6.8	1.5	32.5723	15.2629	0	0	
15.2	9.2	1.5	32.3637	16.5578	0	0	
15.2	11.6	1.5	30.3785	12.3144	0	0	
15.2	14	1.5	29.1797	20.2257	0	0	
15.2	16.4	1.5	28.2184	11.412	0	0	
15.2	18.8	1.5	28.3893	16.3375	0	0	
15.2	21.2	1.5	26.7604	7.34713	0	0	
15.2	23.6	1.5	25.2657	7.21993	0	0	
15.2	26	1.5	24.8244	-0.00914649	0	0	
15.2	28.4	1.5	23.8511	1.10603	0	0	
15.2	30.8	1.5	23.5321	-15.6255	0	0	
15.2	33.2	1.5	22.4279	-19.4858	0	0	
15.2	35.6	1.5	21.0892	-3.20199	0	0	
15.2	38	1.5	22.1493	-0.359223	0	0	
15.2	40.4	1.5	22.0219	-1.26375	0	0	
15.2	42.8	1.5	-3.45928	-29.0868	0	0	
15.2	45.2	1.5	20.0086	-1.06964	0	0	
15.2	47.6	1.5	19.8307	-20.0027	0	0	
15.2	50	1.5	19.7834	-2.41252	0	0	
17.6	-70	1.5	15.7086	-2.69072	0	0	
17.6	-67.6	1.5	16.6106	-2.61401	0	0	
17.6	-65.2	1.5	16.7351	-14.8933	0	0	
17.6	-62.8	1.5	-8.86068	-30.5547	0	0	
17.6	-60.4	1.5	16.7977	-5.26567	0	0	
17.6	-58	1.5	17.8268	-21.4382	0	0	
17.6	-55.6	1.5	19.1673	-11.9384	0	0	
17.6	-53.2	1.5	19.2512	-11.4059	0	0	
17.6	-50.8	1.5	18.9528	-5.69356	0	0	
17.6	-48.4	1.5	18.3465	-6.67146	0	0	
17.6	-46	1.5	19.4929	-24.8631	0	0	
17.6	-43.6	1.5	20.7546	-4.41023	0	0	
17.6	-41.2	1.5	21.4582	-5.21725	0	0	
17.6	-38.8	1.5	22.2015	-6.18033	0	0	
17.6	-36.4	1.5	21.9104	4.73196	0	0	
17.6	-34	1.5	23.2693	-15.5338	0	0	
17.6	-31.6	1.5	23.1668	-21.1233	0	0	
17.6	-29.2	1.5	24.1053	-0.620844	0	0	
17.6	-26.8	1.5	22.8542	4.96182	0	0	
17.6	-24.4	1.5	24.2903	9.45134	0	0	
17.6	-22	1.5	25.3639	17.8625	0	0	
17.6	-19.6	1.5	26.3776	5.95614	0	0	
17.6	-17.2	1.5	27.6718	4.63125	0	0	
17.6	-14.8	1.5	28.6749	18.0413	0	0	
17.6	-12.4	1.5	26.6144	12.9214	0	0	
17.6	-10	1.5	31.197	18.3029	0	0	
17.6	-7.6	1.5	32.7663	7.13251	0	0	
17.6	-5.2	1.5	32.3491	11.9851	0	0	
17.6	-2.8	1.5	34.7084	2.56366	0	0	
17.6	-0.4	1.5	35.6215	-2.30221	0	0	
17.6	2	1.5	34.9131	12.0813	0	0	
17.6	4.4	1.5	34.0345	17.1309	0	0	
17.6	6.8	1.5	32.8281	8.02607	0	0	
17.6	9.2	1.5	28.9997	10.1278	0	0	
17.6	11.6	1.5	29.8817	12.1026	0	0	
17.6	14	1.5	29.4053	14.2236	0	0	
17.6	16.4	1.5	28.1661	4.38987	0	0	
17.6	18.8	1.5	26.8276	6.39006	0	0	
17.6	21.2	1.5	27.2778	7.66424	0	0	
17.6	23.6	1.5	25.7697	11.8304	0	0	
17.6	26	1.5	24.6961	4.74797	0	0	
17.6	28.4	1.5	23.7157	1.8307	0	0	
17.6	30.8	1.5	21.942	-1.95562	0	0	
17.6	33.2	1.5	22.999	0.182683	0	0	
17.6	35.6	1.5	21.414	-2.74021	0	0	
17.6	38	1.5	21.5021	-4.35832	0	0	
17.6	40.4	1.5	20.3664	-11.0061	0	0	
17.6	42.8	1.5	20.637	-3.88491	0	0	
17.6	45.2	1.5	17.2514	-24.3403	0	0	
17.6	47.6	1.5	19.9033	-10.4672	0	0	
17.6	50	1.5	19.2903	-8.92849	0	0	
20	-70	1.5	-7.92406	-30.1234	0	0	
20	-67.6	1.5	15.7479	-5.15695	0	0	
20	-65.2	1.5	16.6422	-24.0991	0	0	
20	-62.8	1.5	16.8937	-25.1596	0	0	
20	-60.4	1.5	16.6327	-7.83815	0	0	
20	-58	1.5	17.017	-26.0546	0	0	
20	-55.6	1.5	18.3666	-1.11402	0	0	
20	-53.2	1.5	18.2634	-8.01363	0	0	
20	-50.8	1.5	18.0125	-5.29679	0	0	
20	-48.4	1.5	-0.983837	-26.0062	0	0	
20	-46	1.5	18.9813	-4.8165	0	0	
20	-43.6	1.5	20.616	-9.61795	0	0	
20	-41.2	1.5	20.7644	-2.95869	0	0	
20	-38.8	1.5	20.0337	-1.87304	0	0	
20	-36.4	1.5	21.47	-2.7443	0	0	
20	-34	1.5	21.3977	2.90352	0	0	
20	-31.6	1.5	23.7861	-1.22483	0	0	
20	-29.2	1.5	22.4593	2.40849	0	0	
20	-26.8	1.5	25.0632	-7.67054	0	0	
20	-24.4	1.5	25.8878	4.50725	0	0	
20	-22	1.5	26.1061	6.73867	0	0	
20	-19.6	1.5	26.6986	-7.10322	0	0	
20	-17.2	1.5	28.1851	2.90236	0	0	
20	-14.8	1.5	27.7959	11.9906	0	0	
20	-12.4	1.5	28.8145	12.5661	0	0	
20	-10	1.5	30.7568	6.20755	0	0	
20	-7.6	1.5	32.6787	5.52101	0	0	
20	-5.2	1.5	33.5274	7.10154	0	0	
20	-2.8	1.5	34.4097	2.73	0	0	
20	-0.4	1.5	34.0418	5.17697	0	0	
20	2	1.5	32.1365	3.84248	0	0	
20	4.4	1.5	32.0095	3.53238	0	0	
20	6.8	1.5	32.2449	4.91638	0	0	
20	9.2	1.5	31.4006	9.39078	0	0	
20	11.6	1.5	30.7914	16.4512	0	0	
20	14	1.5	29.9832	14.0554	0	0	
20	16.4	1.5	28.2863	0.453522	0	0	
20	18.8	1.5	27.816	0.666518	0	0	
20	21.2	1.5	26.3181	-8.4375	0	0	
20	23.6	1.5	23.1859	11.981	0	0	
20	26	1.5	24.5533	10.8202	0	0	
20	28.4	1.5	24.0773	1.24671	0	0	
20	30.8	1.5	2.64076	-21.9404	0	0	
20	33.2	1.5	22.97	-0.194876	0	0	
20	35.6	1.5	22.0791	-17.0434	0	0	
20	38	1.5	22.6036	-5.05288	0	0	
20	40.4	1.5	21.3238	-5.75195	0	0	
20	42.8	1.5	20.517	-18.6138	0	0	
20	45.2	1.5	19.9891	-26.1428	0	0	
20	47.6	1.5	16.6387	-9.89904	0	0	
20	50	1.5	19.7641	-4.75947	0	0	
22.4	-70	1.5	16.1885	-12.3732	0	0	
22.4	-67.6	1.5	15.6513	-21.9115	0	0	
22.4	-65.2	1.5	16.2887	-5.94617	0	0	
22.4	-62.8	1.5	17.0476	-14.7729	0	0	
22.4	-60.4	1.5	18.129	-26.7384	0	0	
22.4	-58	1.5	17.1252	-23.6476	0	0	
22.4	-55.6	1.5	17.255	-3.86293	0	0	
22.4	-53.2	1.5	18.2726	-20.0839	0	0	
22.4	-50.8	1.5	17.2444	-7.6199	0	0	
22.4	-48.4	1.5	-1.30497	-24.8663	0	0	
22.4	-46	1.5	19.7852	-7.75576	0	0	
22.4	-43.6	1.5	20.0586	-7.00431	0	0	
22.4	-41.2	1.5	20.4025	-5.23684	0	0	
22.4	-38.8	1.5	21.0572	-6.46251	0	0	
22.4	-36.4	1.5	20.6629	-2.96007	0	0	
22.4	-34	1.5	22.2973	-15.0196	0	0	
22.4	-31.6	1.5	23.2178	0.826735	0	0	
22.4	-29.2	1.5	23.4927	4.29208	0	0	
22.4	-26.8	1.5	22.6448	4.55465	0	0	
22.4	-24.4	1.5	24.7833	-11.8707	0	0	
22.4	-22	1.5	26.353	1.1595	0	0	
22.4	-19.6	1.5	25.406	-0.315012	0	0	
22.4	-17.2	1.5	27.8726	2.04402	0	0	
22.4	-14.8	1.5	27.6694	13.36	0	0	
22.4	-12.4	1.5	27.9376	11.7656	0	0	
22.4	-10	1.5	29.9921	12.2832	0	0	
22.4	-7.6	1.5	31.403	5.0544	0	0	
22.4	-5.2	1.5	33.959	18.492	0	0	
22.4	-2.8	1.5	34.1454	3.00527	0	0	
22.4	-0.4	1.5	35.0594	-4.42538	0	0	
22.4	2	1.5	34.6666	-7.03403	0	0	
22.4	4.4	1.5	31.8174	-3.27551	0	0	
22.4	6.8	1.5	32.467	14.3989	0	0	
22.4	9.2	1.5	32.1319	5.0007	0	0	
22.4	11.6	1.5	31.4503	5.00836	0	0	
22.4	14	1.5	30.154	18.4436	0	0	
22.4	16.4	1.5	27.2426	3.27811	0	0	
22.4	18.8	1.5	27.9397	0.639441	0	0	
22.4	21.2	1.5	25.3324	2.0445	0	0	
22.4	23.6	1.5	25.4237	1.67687	0	0	
22.4	26	1.5	24.2815	6.0845	0	0	
22.4	28.4	1.5	23.7524	10.148	0	0	
22.4	30.8	1.5	22.617	-15.7996	0	0	
22.4	33.2	1.5	22.9026	-1.56071	0	0	
22.4	35.6	1.5	22.3733	-17.2101	0	0	
22.4	38	1.5	20.336	-1.4496	0	0	
22.4	40.4	1.5	19.6739	-9.3291	0	0	
22.4	42.8	1.5	18.5721	-7.86822	0	0	
22.4	45.2	1.5	21.0701	-11.4616	0	0	
22.4	47.6	1.5	18.8504	-7.92016	0	0	
22.4	50	1.5	19.3499	-14.2634	0	0	
24.8	-70	1.5	15.9689	-6.92498	0	0	
24.8	-67.6	1.5	16.2333	-6.54581	0	0	
24.8	-65.2	1.5	-7.80465	-37.7288	0	0	
24.8	-62.8	1.5	-9.83431	-32.5519	0	0	
24.8	-60.4	1.5	17.0705	-12.8687	0	0	
24.8	-58	1.5	16.678	-7.77746	0	0	
24.8	-55.6	1.5	-2.64641	-30.4456	0	0	
24.8	-53.2	1.5	17.4961	-10.1495	0	0	
24.8	-50.8	1.5	18.3058	-30.3686	0	0	
24.8	-48.4	1.5	18.4061	-5.55934	0	0	
24.8	-46	1.5	18.5109	-6.58202	0	0	
24.8	-43.6	1.5	20.2902	-5.20543	0	0	
24.8	-41.2	1.5	19.7736	-5.02723	0	0	
24.8	-38.8	1.5	22.3388	-3.19409	0	0	
24.8	-36.4	1.5	20.7745	-3.43952	0	0	
24.8	-34	1.5	22.2231	6.36143	0	0	
24.8	-31.6	1.5	23.1702	-13.2544	0	0	
24.8	-29.2	1.5	22.7066	-4.45954	0	0	
24.8	-26.8	1.5	24.0207	-13.108	0	0	
24.8	-24.4	1.5	23.5498	-16.1967	0	0	
24.8	-22	1.5	25.0082	-13.1998	0	0	
24.8	-19.6	1.5	27.3484	-3.33915	0	0	
24.8	-17.2	1.5	26.8199	4.24833	0	0	
24.8	-14.8	1.5	28.254	14.4325	0	0	
24.8	-12.4	1.5	29.391	19.2289	0	0	
24.8	-10	1.5	30.9073	3.39372	0	0	
24.8	-7.6	1.5	29.0233	3.00304	0	0	
24.8	-5.2	1.5	32.9967	10.2149	0	0	
24.8	-2.8	1.5	33.848	4.18149	0	0	
24.8	-0.4	1.5	34.3957	5.41296	0	0	
24.8	2	1.5	32.5464	-4.21189	0	0	
24.8	4.4	1.5	33.765	-5.19644	0	0	
24.8	6.8	1.5	32.1867	3.22061	0	0	
24.8	9.2	1.5	27.7235	1.13783	0	0	
24.8	11.6	1.5	30.1165	6.81139	0	0	
24.8	14	1.5	28.3237	15.6534	0	0	
24.8	16.4	1.5	27.6307	-2.36468	0	0	
24.8	18.8	1.5	24.3223	-0.480171	0	0	
24.8	21.2	1.5	26.1712	-12.0582	0	0	
24.8	23.6	1.5	22.6103	-2.06937	0	0	
24.8	26	1.5	23.1555	0.478685	0	0	
24.8	28.4	1.5	22.779	10.5044	0	0	
24.8	30.8	1.5	22.2853	10.5794	0	0	
24.8	33.2	1.5	20.9611	1.60859	0	0	
24.8	35.6	1.5	22.1167	0.658267	0	0	
24.8	38	1.5	20.6772	-15.9158	0	0	
24.8	40.4	1.5	21.0122	-8.42397	0	0	
24.8	42.8	1.5	19.0253	-5.80347	0	0	
24.8	45.2	1.5	18.8981	-24.1711	0	0	
24.8	47.6	1.5	19.0234	-6.76217	0	0	
24.8	50	1.5	19.1653	-6.79299	0	0	
27.2	-70	1.5	-7.13284	-37.9875	0	0	
27.2	-67.6	1.5	-5.14703	-35.1794	0	0	
27.2	-65.2	1.5	15.4602	-12.7114	0	0	
27.2	-62.8	1.5	16.4988	-31.2871	0	0	
27.2	-60.4	1.5	-4.41193	-27.4797	0	0	
27.2	-58	1.5	-6.88821	-30.8665	0	0	
27.2	-55.6	1.5	18.8435	-6.76852	0	0	
27.2	-53.2	1.5	17.5209	-6.76479	0	0	
27.2	-50.8	1.5	18.9547	-17.5185	0	0	
27.2	-48.4	1.5	18.6084	-31.4266	0	0	
27.2	-46	1.5	19.593	-31.1883	0	0	
27.2	-43.6	1.5	18.9856	-5.37082	0	0	
27.2	-41.2	1.5	0.726782	-26.9943	0	0	
27.2	-38.8	1.5	21.5059	0.615541	0	0	
27.2	-36.4	1.5	21.3995	-14.975	0	0	
27.2	-34	1.5	22.555	-18.0103	0	0	
27.2	-31.6	1.5	22.6548	-12.9085	0	0	
27.2	-29.2	1.5	23.5707	1.16845	0	0	
27.2	-26.8	1.5	24.6513	-1.08906	0	0	
27.2	-24.4	1.5	24.7558	-1.21075	0	0	
27.2	-22	1.5	24.8583	-0.0341643	0	0	
27.2	-19.6	1.5	26.1326	0.0236054	0	0	
27.2	-17.2	1.5	27.5948	3.55088	0	0	
27.2	-14.8	1.5	27.6791	4.49628	0	0	
27.2	-12.4	1.5	29.6935	2.13137	0	0	
27.2	-10	1.5	30.4652	-0.681912	0	0	
27.2	-7.6	1.5	30.478	8.96736	0	0	
27.2	-5.2	1.5	31.7946	-4.85187	0	0	
27.2	-2.8	1.5	33.2732	12.62	0	0	
27.2	-0.4	1.5	32.425	-21.1215	0	0	
27.2	2	1.5	32.6272	-12.5854	0	0	
27.2	4.4	1.5	30.8791	-7.9389	0	0	
27.2	6.8	1.5	31.5709	3.30729	0	0	
27.2	9.2	1.5	29.4772	0.0797448	0	0	
27.2	11.6	1.5	29.538	6.18717	0	0	
27.2	14	1.5	28.4205	9.49405	0	0	
27.2	16.4	1.5	27.9003	-1.11234	0	0	
27.2	18.8	1.5	26.3586	11.5194	0	0	
27.2	21.2	1.5	4.34506	-27.5664	0	0	
27.2	23.6	1.5	24.7765	-3.34364	0	0	
27.2	26	1.5	23.8456	-2.68064	0	0	
27.2	28.4	1.5	23.3395	3.4205	0	0	
27.2	30.8	1.5	22.5532	7.14318	0	0	
27.2	33.2	1.5	20.211	8.55851	0	0	
27.2	35.6	1.5	21.768	-17.8253	0	0	
27.2	38	1.5	20.1719	-14.2105	0	0	
27.2	40.4	1.5	20.2962	-2.32823	0	0	
27.2	42.8	1.5	20.0347	-16.7903	0	0	
27.2	45.2	1.5	19.046	-17.4784	0	0	
27.2	47.6	1.5	18.5164	-17.8448	0	0	
27.2	50	1.5	19.6875	-7.70836	0	0	
29.6	-70	1.5	15.2216	-11.9498	0	0	
29.6	-67.6	1.5	-6.77371	-36.9173	0	0	
29.6	-65.2	1.5	17.0211	-21.1729	0	0	
29.6	-62.8	1.5	-7.57343	-34.4401	0	0	
29.6	-60.4	1.5	14.3772	-22.7043	0	0	
29.6	-58	1.5	18.0533	-18.3882	0	0	
29.6	-55.6	1.5	16.564	-9.8074	0	0	
29.6	-53.2	1.5	18.4537	-8.02043	0	0	
29.6	-50.8	1.5	-4.03302	-29.464	0	0	
29.6	-48.4	1.5	19.6047	-7.31345	0	0	
29.6	-46	1.5	17.4963	-30.884	0	0	
29.6	-43.6	1.5	19.6392	-18.8664	0	0	
29.6	-41.2	1.5	19.939	-19.3765	0	0	
29.6	-38.8	1.5	0.293759	-25.8032	0	0	
29.6	-36.4	1.5	-0.0831029	-13.1488	0	0	
29.6	-34	1.5	23.193	-18.5193	0	0	
29.6	-31.6	1.5	23.776	4.49192	0	0	
29.6	-29.2	1.5	22.9918	-19.1801	0	0	
29.6	-26.8	1.5	25.0978	-6.75554	0	0	
29.6	-24.4	1.5	21.3075	-4.71055	0	0	
29.6	-22	1.5	24.9184	-2.92225	0	0	
29.6	-19.6	1.5	25.2623	0.124474	0	0	
29.6	-17.2	1.5	26.2575	8.53847	0	0	
29.6	-14.8	1.5	27.9665	7.16025	0	0	
29.6	-12.4	1.5	28.1331	6.43663	0	0	
29.6	-10	1.5	28.3352	1.62098	0	0	
29.6	-7.6	1.5	29.4695	7.28931	0	0	
29.6	-5.2	1.5	31.2208	-4.89543	0	0	
29.6	-2.8	1.5	29.5641	3.24572	0	0	
29.6	-0.4	1.5	31.1086	-21.0731	0	0	
29.6	2	1.5	30.798	-12.4772	0	0	
29.6	4.4	1.5	28.5593	-9.96678	0	0	
29.6	6.8	1.5	29.7128	9.85266	0	0	
29.6	9.2	1.5	29.7942	0.840417	0	0	
29.6	11.6	1.5	28.9042	13.2057	0	0	
29.6	14	1.5	28.1292	9.06515	0	0	
29.6	16.4	1.5	26.8044	1.79802	0	0	
29.6	18.8	1.5	26.2538	4.09323	0	0	
29.6	21.2	1.5	22.8836	-2.6832	0	0	
29.6	23.6	1.5	24.77	-4.89381	0	0	
29.6	26	1.5	21.355	-4.42437	0	0	
29.6	28.4	1.5	22.8619	-18.9608	0	0	
29.6	30.8	1.5	22.1339	-0.991514	0	0	
29.6	33.2	1.5	22.4109	-16.6863	0	0	
29.6	35.6	1.5	21.4239	8.08914	0	0	
29.6	38	1.5	21.5639	-19.6888	0	0	
29.6	40.4	1.5	21.5399	-17.5071	0	0	
29.6	42.8	1.5	0.4924	-29.3066	0	0	
29.6	45.2	1.5	18.9041	-5.23373	0	0	
29.6	47.6	1.5	17.014	-7.5201	0	0	
29.6	50	1.5	17.7416	-6.36796	0	0	
32	-70	1.5	15.9397	-14.6826	0	0	
32	-67.6	1.5	-4.50092	-35.9563	0	0	
32	-65.2	1.5	-7.19994	-33.3645	0	0	
32	-62.8	1.5	16.9917	-10.2201	0	0	
32	-60.4	1.5	17.0772	-25.8242	0	0	
32	-58	1.5	17.1971	-20.9506	0	0	
32	-55.6	1.5	18.8514	-10.5408	0	0	
32	-53.2	1.5	17.1465	-8.49372	0	0	
32	-50.8	1.5	-2.16833	-29.9456	0	0	
32	-48.4	1.5	18.6428	-7.09867	0	0	
32	-46	1.5	17.7791	-4.59846	0	0	
32	-43.6	1.5	20.1133	-2.06655	0	0	
32	-41.2	1.5	20.4531	1.75815	0	0	
32	-38.8	1.5	18.7295	-16.5604	0	0	
32	-36.4	1.5	-1.0919	-13.9722	0	0	
32	-34	1.5	21.2976	-1.99583	0	0	
32	-31.6	1.5	19.3985	-2.02053	0	0	
32	-29.2	1.5	20.3054	-3.5732	0	0	
32	-26.8	1.5	23.5048	-5.48335	0	0	
32	-24.4	1.5	23.863	-4.2485	0	0	
32	-22	1.5	23.3525	-22.4446	0	0	
32	-19.6	1.5	25.9867	1.74747	0	0	
32	-17.2	1.5	26.3163	5.61241	0	0	
32	-14.8	1.5	27.1277	0.146561	0	0	
32	-12.4	1.5	26.8801	-0.722841	0	0	
32	-10	1.5	28.7788	5.14336	0	0	
32	-7.6	1.5	30.9003	10.6662	0	0	
32	-5.2	1.5	30.4439	6.47612	0	0	
32	-2.8	1.5	30.9611	-7.47946	0	0	
32	-0.4	1.5	30.5776	-17.1601	0	0	
32	2	1.5	30.4403	-13.7655	0	0	
32	4.4	1.5	29.8284	0.613515	0	0	
32	6.8	1.5	28.8678	0.951707	0	0	
32	9.2	1.5	29.3465	10.5408	0	0	
32	11.6	1.5	28.537	-2.03384	0	0	
32	14	1.5	24.8746	3.49631	0	0	
32	16.4	1.5	25.9125	9.73659	0	0	
32	18.8	1.5	26.7557	-8.01511	0	0	
32	21.2	1.5	25.3437	-2.94865	0	0	
32	23.6	1.5	24.0857	1.36668	0	0	
32	26	1.5	20.5976	-7.30567	0	0	
32	28.4	1.5	21.101	-3.61634	0	0	
32	30.8	1.5	20.9906	-24.321	0	0	
32	33.2	1.5	22.252	-2.09	0	0	
32	35.6	1.5	21.6872	5.0026	0	0	
32	38	1.5	20.9483	-18.5807	0	0	
32	40.4	1.5	17.1141	-26.1747	0	0	
32	42.8	1.5	20.7793	-24.6459	0	0	
32	45.2	1.5	19.6385	-2.19049	0	0	
32	47.6	1.5	16.2497	-31.9643	0	0	
32	50	1.5	18.7667	-28.6734	0	0	
34.4	-70	1.5	16.2945	-33.3091	0	0	
34.4	-67.6	1.5	-7.4558	-34.1648	0	0	
34.4	-65.2	1.5	16.2948	-19.8836	0	0	
34.4	-62.8	1.5	16.5879	-9.28096	0	0	
34.4	-60.4	1.5	16.1428	-24.1288	0	0	
34.4	-58	1.5	18.5987	-10.8831	0	0	
34.4	-55.6	1.5	16.869	-8.60839	0	0	
34.4	-53.2	1.5	16.9608	-6.18812	0	0	
34.4	-50.8	1.5	16.298	-31.2153	0	0	
34.4	-48.4	1.5	19.0671	-1.96987	0	0	
34.4	-46	1.5	18.5004	-22.527	0	0	
34.4	-43.6	1.5	19.539	-20.9311	0	0	
34.4	-41.2	1.5	1.3833	-19.2194	0	0	
34.4	-38.8	1.5	21.0188	-20.195	0	0	
34.4	-36.4	1.5	21.275	-22.2627	0	0	
34.4	-34	1.5	22.2172	-3.98446	0	0	
34.4	-31.6	1.5	21.199	-16.5052	0	0	
34.4	-29.2	1.5	22.9642	-21.5138	0	0	
34.4	-26.8	1.5	22.9007	-19.3977	0	0	
34.4	-24.4	1.5	23.5887	-14.1711	0	0	
34.4	-22	1.5	25.3241	7.36913	0	0	
34.4	-19.6	1.5	24.4023	-0.295124	0	0	
34.4	-17.2	1.5	25.7456	-11.8066	0	0	
34.4	-14.8	1.5	26.6364	7.07126	0	0	
34.4	-12.4	1.5	27.95	-5.88539	0	0	
34.4	-10	1.5	27.6151	7.15944	0	0	
34.4	-7.6	1.5	25.681	0.743465	0	0	
34.4	-5.2	1.5	28.7309	11.5594	0	0	
34.4	-2.8	1.5	26.4611	-1.07069	0	0	
34.4	-0.4	1.5	27.7755	-3.19181	0	0	
34.4	2	1.5	29.3033	10.5547	0	0	
34.4	4.4	1.5	27.9052	-11.7315	0	0	
34.4	6.8	1.5	27.8827	11.7414	0	0	
34.4	9.2	1.5	27.1161	5.75345	0	0	
34.4	11.6	1.5	27.7243	-3.38987	0	0	
34.4	14	1.5	27.123	-4.21594	0	0	
34.4	16.4	1.5	21.8875	-18.3293	0	0	
34.4	18.8	1.5	25.5408	9.00094	0	0	
34.4	21.2	1.5	23.5776	3.01769	0	0	
34.4	23.6	1.5	22.726	-0.885049	0	0	
34.4	26	1.5	21.6118	-19.6511	0	0	
34.4	28.4	1.5	22.901	-17.4022	0	0	
34.4	30.8	1.5	22.4923	-5.12679	0	0	
34.4	33.2	1.5	20.5799	-5.57151	0	0	
34.4	35.6	1.5	20.3322	-3.14754	0	0	
34.4	38	1.5	18.3379	-0.895312	0	0	
34.4	40.4	1.5	19.2401	13.8858	0	0	
34.4	42.8	1.5	-1.55569	-20.9182	0	0	
34.4	45.2	1.5	18.8019	-3.21197	0	0	
34.4	47.6	1.5	-0.900998	-33.8961	0	0	
34.4	50	1.5	18.7661	-23.1639	0	0	
36.8	-70	1.5	15.8452	-11.1293	0	0	
36.8	-67.6	1.5	-7.17977	-36.2252	0	0	
36.8	-65.2	1.5	11.2401	-13.7704	0	0	
36.8	-62.8	1.5	-5.0483	-36.9396	0	0	
36.8	-60.4	1.5	17.251	-11.0609	0	0	
36.8	-58	1.5	15.956	-7.32202	0	0	
36.8	-55.6	1.5	17.1132	-30.4908	0	0	
36.8	-53.2	1.5	17.2539	-24.2782	0	0	
36.8	-50.8	1.5	17.6755	-3.52803	0	0	
36.8	-48.4	1.5	18.3212	-32.0131	0	0	
36.8	-46	1.5	17.6724	5.59116	0	0	
36.8	-43.6	1.5	18.881	-28.0901	0	0	
36.8	-41.2	1.5	19.7499	7.44396	0	0	
36.8	-38.8	1.5	20.5037	-24.3958	0	0	
36.8	-36.4	1.5	20.5615	-23.6398	0	0	
36.8	-34	1.5	20.8459	-4.28197	0	0	
36.8	-31.6	1.5	21.9775	-6.79496	0	0	
36.8	-29.2	1.5	23.1487	-7.68143	0	0	
36.8	-26.8	1.5	22.1392	-18.0062	0	0	
36.8	-24.4	1.5	23.6875	-13.7869	0	0	
36.8	-22	1.5	24.3528	8.46003	0	0	
36.8	-19.6	1.5	26.2522	-16.5037	0	0	
36.8	-17.2	1.5	22.801	-6.36242	0	0	
36.8	-14.8	1.5	26.6697	-6.50394	0	0	
36.8	-12.4	1.5	25.8317	-16.3898	0	0	
36.8	-10	1.5	26.879	-1.06907	0	0	
36.8	-7.6	1.5	27.4731	-8.12041	0	0	
36.8	-5.2	1.5	25.8492	3.19961	0	0	
36.8	-2.8	1.5	27.941	-14.6525	0	0	
36.8	-0.4	1.5	28.061	-15.5764	0	0	
36.8	2	1.5	27.3442	-18.3075	0	0	
36.8	4.4	1.5	27.6727	13.301	0	0	
36.8	6.8	1.5	27.8034	12.5666	0	0	
36.8	9.2	1.5	25.8915	-12.4422	0	0	
36.8	11.6	1.5	27.2612	-3.36812	0	0	
36.8	14	1.5	26.6865	-3.47251	0	0	
36.8	16.4	1.5	24.3104	-17.9031	0	0	
36.8	18.8	1.5	24.3416	-3.70799	0	0	
36.8	21.2	1.5	20.7695	4.61313	0	0	
36.8	23.6	1.5	23.5647	-0.589539	0	0	
36.8	26	1.5	21.999	-3.21856	0	0	
36.8	28.4	1.5	20.9923	-8.38007	0	0	
36.8	30.8	1.5	21.6746	-6.97892	0	0	
36.8	33.2	1.5	-3.28928	-28.7199	0	0	
36.8	35.6	1.5	19.053	-9.21916	0	0	
36.8	38	1.5	20.9835	-24.044	0	0	
36.8	40.4	1.5	17.4872	4.44198	0	0	
36.8	42.8	1.5	18.8173	-12.0561	0	0	
36.8	45.2	1.5	17.428	-24.6396	0	0	
36.8	47.6	1.5	17.8551	-24.706	0	0	
36.8	50	1.5	18.7539	-23.5862	0	0	
39.2	-70	1.5	14.5756	-10.9577	0	0	
39.2	-67.6	1.5	15.0777	-11.3682	0	0	
39.2	-65.2	1.5	15.4619	-28.0406	0	0	
39.2	-62.8	1.5	16.6126	-27.3578	0	0	
39.2	-60.4	1.5	16.7709	-8.3668	0	0	
39.2	-58	1.5	-6.43986	-30.2999	0	0	
39.2	-55.6	1.5	14.8946	-8.49705	0	0	
39.2	-53.2	1.5	-4.87405	-36.5554	0	0	
39.2	-50.8	1.5	18.5483	-26.0061	0	0	
39.2	-48.4	1.5	-4.43656	-23.1	0	0	
39.2	-46	1.5	18.2624	-22.5552	0	0	
39.2	-43.6	1.5	19.9054	-22.5163	0	0	
39.2	-41.2	1.5	18.4082	-25.9395	0	0	
39.2	-38.8	1.5	19.5713	-5.83812	0	0	
39.2	-36.4	1.5	20.55	-6.69288	0	0	
39.2	-34	1.5	18.8881	-6.36954	0	0	
39.2	-31.6	1.5	21.6181	-17.4778	0	0	
39.2	-29.2	1.5	22.6075	-5.64396	0	0	
39.2	-26.8	1.5	14.6551	-9.38988	0	0	
39.2	-24.4	1.5	22.947	3.48344	0	0	
39.2	-22	1.5	0.907456	-31.5809	0	0	
39.2	-19.6	1.5	20.3188	-7.84514	0	0	
39.2	-17.2	1.5	24.4218	-7.62088	0	0	
39.2	-14.8	1.5	23.3092	-9.7972	0	0	
39.2	-12.4	1.5	26.0852	-4.55844	0	0	
39.2	-10	1.5	26.4196	-2.07098	0	0	
39.2	-7.6	1.5	25.2092	-4.26273	0	0	
39.2	-5.2	1.5	26.9622	0.00830603	0	0	
39.2	-2.8	1.5	26.8588	-21.0117	0	0	
39.2	-0.4	1.5	26.9033	-21.4606	0	0	
39.2	2	1.5	24.6102	-20.3492	0	0	
39.2	4.4	1.5	23.5313	-18.9834	0	0	
39.2	6.8	1.5	26.6703	-13.8517	0	0	
39.2	9.2	1.5	24.4544	4.81496	0	0	
39.2	11.6	1.5	23.4114	-3.5786	0	0	
39.2	14	1.5	25.0076	-10.6415	0	0	
39.2	16.4	1.5	25.1471	-17.4301	0	0	
39.2	18.8	1.5	21.362	-21.8814	0	0	
39.2	21.2	1.5	22.4308	0.806981	0	0	
39.2	23.6	1.5	23.1305	4.9772	0	0	
39.2	26	1.5	23.2116	-3.43591	0	0	
39.2	28.4	1.5	22.5292	-17.0761	0	0	
39.2	30.8	1.5	18.7013	-9.48611	0	0	
39.2	33.2	1.5	20.8668	-23.1518	0	0	
39.2	35.6	1.5	18.8869	-3.84585	0	0	
39.2	38	1.5	18.4876	-3.68574	0	0	
39.2	40.4	1.5	20.3425	-1.62128	0	0	
39.2	42.8	1.5	18.1652	1.80345	0	0	
39.2	45.2	1.5	18.8631	2.31861	0	0	
39.2	47.6	1.5	17.3708	1.40612	0	0	
39.2	50	1.5	-3.72654	-24.6446	0	0	
41.6	-70	1.5	-11.158	-36.5433	0	0	
41.6	-67.6	1.5	-9.21953	-39.5748	0	0	
41.6	-65.2	1.5	16.025	-24.6405	0	0	
41.6	-62.8	1.5	15.5329	-9.3621	0	0	
41.6	-60.4	1.5	16.0277	-29.8598	0	0	
41.6	-58	1.5	-7.91661	-40.9162	0	0	
41.6	-55.6	1.5	16.5153	-4.88528	0	0	
41.6	-53.2	1.5	16.4819	-1.04613	0	0	
41.6	-50.8	1.5	16.5285	0.0126472	0	0	
41.6	-48.4	1.5	-4.2635	-25.7222	0	0	
41.6	-46	1.5	17.2041	4.38272	0	0	
41.6	-43.6	1.5	18.2984	-4.729	0	0	
41.6	-41.2	1.5	18.3621	-28.8681	0	0	
41.6	-38.8	1.5	20.4304	-22.8561	0	0	
41.6	-36.4	1.5	18.0586	-10.0145	0	0	
41.6	-34	1.5	20.5063	-6.24073	0	0	
41.6	-31.6	1.5	21.1298	-18.1202	0	0	
41.6	-29.2	1.5	19.1942	-6.11189	0	0	
41.6	-26.8	1.5	19.6014	-4.97227	0	0	
41.6	-24.4	1.5	22.7234	-12.9963	0	0	
41.6	-22	1.5	23.0235	-18.3925	0	0	
41.6	-19.6	1.5	20.8514	-7.83045	0	0	
41.6	-17.2	1.5	24.9182	-12.4862	0	0	
41.6	-14.8	1.5	24.2089	-9.99119	0	0	
41.6	-12.4	1.5	20.3519	-3.71416	0	0	
41.6	-10	1.5	25.0118	-5.57569	0	0	
41.6	-7.6	1.5	25.8453	-16.5398	0	0	
41.6	-5.2	1.5	25.4405	-15.6411	0	0	
41.6	-2.8	1.5	23.7962	-29.1907	0	0	
41.6	-0.4	1.5	25.9539	-30.0796	0	0	
41.6	2	1.5	20.4498	-21.3346	0	0	
41.6	4.4	1.5	26.494	-17.6008	0	0	
41.6	6.8	1.5	26.1388	-7.74219	0	0	
41.6	9.2	1.5	23.9744	-6.96698	0	0	
41.6	11.6	1.5	24.71	-13.1934	0	0	
41.6	14	1.5	24.9426	-6.0253	0	0	
41.6	16.4	1.5	23.9753	-5.54606	0	0	
41.6	18.8	1.5	22.3156	-21.0584	0	0	
41.6	21.2	1.5	21.1151	-24.5648	0	0	
41.6	23.6	1.5	23.1235	-16.6422	0	0	
41.6	26	1.5	23.0302	9.85337	0	0	
41.6	28.4	1.5	21.3803	-14.9787	0	0	
41.6	30.8	1.5	21.7456	-3.2576	0	0	
41.6	33.2	1.5	20.6459	-8.65383	0	0	
41.6	35.6	1.5	18.3418	-8.20029	0	0	
41.6	38	1.5	20.3279	-7.12249	0	0	
41.6	40.4	1.5	18.3624	-25.0172	0	0	
41.6	42.8	1.5	18.0646	-27.3453	0	0	
41.6	45.2	1.5	-2.35945	-24.9193	0	0	
41.6	47.6	1.5	19.0069	-23.4591	0	0	
41.6	50	1.5	14.9436	0.177966	0	0	
44	-70	1.5	14.2575	-34.2933	0	0	
44	-67.6	1.5	16.0694	-20.131	0	0	
44	-65.2	1.5	14.6283	-10.2795	0	0	
44	-62.8	1.5	16.4972	-28.7176	0	0	
44	-60.4	1.5	16.3583	-25.561	0	0	
44	-58	1.5	17.2176	-7.19172	0	0	
44	-55.6	1.5	20.5125	-28.4393	0	0	
44	-53.2	1.5	17.3971	-22.7428	0	0	
44	-50.8	1.5	18.0447	-11.5797	0	0	
44	-48.4	1.5	17.9032	-30.0816	0	0	
44	-46	1.5	18.5496	-29.0389	0	0	
44	-43.6	1.5	18.5445	-8.16403	0	0	
44	-41.2	1.5	18.2042	-9.62123	0	0	
44	-38.8	1.5	19.1467	-25.1344	0	0	
44	-36.4	1.5	18.8472	-10.2037	0	0	
44	-34	1.5	-2.10476	-38.4095	0	0	
44	-31.6	1.5	20.0449	-6.69096	0	0	
44	-29.2	1.5	22.1055	-2.68515	0	0	
44	-26.8	1.5	21.4335	-11.8358	0	0	
44	-24.4	1.5	22.5692	-0.461385	0	0	
44	-22	1.5	23.1419	-5.79087	0	0	
44	-19.6	1.5	23.2045	-8.63772	0	0	
44	-17.2	1.5	24.0184	-19.0619	0	0	
44	-14.8	1.5	0.485415	-19.9605	0	0	
44	-12.4	1.5	23.4991	-17.9572	0	0	
44	-10	1.5	24.2376	-4.13676	0	0	
44	-7.6	1.5	24.3772	-15.7978	0	0	
44	-5.2	1.5	25.0969	-19.577	0	0	
44	-2.8	1.5	22.7512	-21.2722	0	0	
44	-0.4	1.5	3.76215	-50.9683	0	0	
44	2	1.5	25.363	-20.8747	0	0	
44	4.4	1.5	25.0458	-22.1741	0	0	
44	6.8	1.5	24.709	-11.0178	0	0	
44	9.2	1.5	21.1219	-24.4562	0	0	
44	11.6	1.5	21.0151	7.34024	0	0	
44	14	1.5	24.5032	-8.95911	0	0	
44	16.4	1.5	22.8553	-0.733374	0	0	
44	18.8	1.5	23.661	-21.6615	0	0	
44	21.2	1.5	21.9632	-7.10813	0	0	
44	23.6	1.5	21.2094	-3.70935	0	0	
44	26	1.5	22.8163	-15.3931	0	0	
44	28.4	1.5	22.1211	-17.5778	0	0	
44	30.8	1.5	18.5019	-5.74666	0	0	
44	33.2	1.5	18.5176	-6.86534	0	0	
44	35.6	1.5	18.5039	-26.0045	0	0	
44	38	1.5	19.1639	-10.8387	0	0	
44	40.4	1.5	20.8721	-10.4536	0	0	
44	42.8	1.5	19.5603	-25.1089	0	0	
44	45.2	1.5	18.946	-3.1666	0	0	
44	47.6	1.5	14.67	-23.9842	0	0	
44	50	1.5	18.0374	-15.5951	0	0	
46.4	-70	1.5	15.5998	-25.3817	0	0	
46.4	-67.6	1.5	15.586	-8.73842	0	0	
46.4	-65.2	1.5	16.0049	-29.087	0	0	
46.4	-62.8	1.5	16.6843	-6.27324	0	0	
46.4	-60.4	1.5	16.5916	-29.8726	0	0	
46.4	-58	1.5	-9.17694	-31.9804	0	0	
46.4	-55.6	1.5	-6.80385	-36.3089	0	0	
46.4	-53.2	1.5	-5.46582	-28.2414	0	0	
46.4	-50.8	1.5	17.3806	3.24119	0	0	
46.4	-48.4	1.5	16.4226	-4.14359	0	0	
46.4	-46	1.5	18.0124	-4.95284	0	0	
46.4	-43.6	1.5	18.3503	-21.6188	0	0	
46.4	-41.2	1.5	17.9083	-25.9915	0	0	
46.4	-38.8	1.5	19.2919	-9.90528	0	0	
46.4	-36.4	1.5	19.938	-9.71274	0	0	
46.4	-34	1.5	-2.51054	-38.5896	0	0	
46.4	-31.6	1.5	21.3057	-1.00722	0	0	
46.4	-29.2	1.5	20.8962	-16.0588	0	0	
46.4	-26.8	1.5	19.7681	-2.92677	0	0	
46.4	-24.4	1.5	22.1593	-10.7918	0	0	
46.4	-22	1.5	19.166	-6.95148	0	0	
46.4	-19.6	1.5	22.7816	-21.1691	0	0	
46.4	-17.2	1.5	23.6823	-14.8903	0	0	
46.4	-14.8	1.5	23.6329	-13.7971	0	0	
46.4	-12.4	1.5	18.9691	-24.4072	0	0	
46.4	-10	1.5	23.2127	-7.82466	0	0	
46.4	-7.6	1.5	1.93812	-42.9788	0	0	
46.4	-5.2	1.5	24.5938	-26.2817	0	0	
46.4	-2.8	1.5	24.5553	-32.253	0	0	
46.4	-0.4	1.5	24.7344	-22.6887	0	0	
46.4	2	1.5	23.9876	-34.0784	0	0	
46.4	4.4	1.5	24.3125	-26.2075	0	0	
46.4	6.8	1.5	24.1276	-0.583943	0	0	
46.4	9.2	1.5	22.9612	-15.2485	0	0	
46.4	11.6	1.5	21.1661	-25.0244	0	0	
46.4	14	1.5	-7.13977	-32.4249	0	0	
46.4	16.4	1.5	22.8579	0.22339	0	0	
46.4	18.8	1.5	22.7639	-17.8151	0	0	
46.4	21.2	1.5	22.2247	-22.8651	0	0	
46.4	23.6	1.5	22.1215	-6.67254	0	0	
46.4	26	1.5	18.0456	-0.311409	0	0	
46.4	28.4	1.5	21.0908	-15.7563	0	0	
46.4	30.8	1.5	21.5888	-1.48386	0	0	
46.4	33.2	1.5	19.4235	-14.5567	0	0	
46.4	35.6	1.5	17.8263	-23.2687	0	0	
46.4	38	1.5	19.5608	-23.1257	0	0	
46.4	40.4	1.5	18.7577	-21.7197	0	0	
46.4	42.8	1.5	19.5557	-10.246	0	0	
46.4	45.2	1.5	-6.08397	-27.2396	0	0	
46.4	47.6	1.5	17.545	-28.5915	0	0	
46.4	50	1.5	17.1253	-1.76595	0	0	
48.8	-70	1.5	-10.8543	-46.3715	0	0	
48.8	-67.6	1.5	-9.27597	-43.0861	0	0	
48.8	-65.2	1.5	15.0923	-29.932	0	0	
48.8	-62.8	1.5	16.2458	-4.58906	0	0	
48.8	-60.4	1.5	-3.87834	-26.5602	0	0	
48.8	-58	1.5	17.8391	-5.55911	0	0	
48.8	-55.6	1.5	-8.77983	-15.6552	0	0	
48.8	-53.2	1.5	-11.4899	-29.2811	0	0	
48.8	-50.8	1.5	-3.60684	-32.8916	0	0	
48.8	-48.4	1.5	17.1319	-9.92619	0	0	
48.8	-46	1.5	17.8993	-27.5402	0	0	
48.8	-43.6	1.5	13.9142	-11.3979	0	0	
48.8	-41.2	1.5	16.6858	-12.5375	0	0	
48.8	-38.8	1.5	19.5759	-20.8723	0	0	
48.8	-36.4	1.5	20.0495	-6.97703	0	0	
48.8	-34	1.5	19.5124	-10.1816	0	0	
48.8	-31.6	1.5	19.5128	-3.63	0	0	
48.8	-29.2	1.5	17.6692	-17.4776	0	0	
48.8	-26.8	1.5	-7.49378	-24.0977	0	0	
48.8	-24.4	1.5	21.2741	-9.7434	0	0	
48.8	-22	1.5	22.0492	-11.0885	0	0	
48.8	-19.6	1.5	21.1281	-16.5245	0	0	
48.8	-17.2	1.5	22.6051	-9.10042	0	0	
48.8	-14.8	1.5	22.9615	-6.19226	0	0	
48.8	-12.4	1.5	18.8883	-22.111	0	0	
48.8	-10	1.5	23.1209	-5.76425	0	0	
48.8	-7.6	1.5	23.9738	-13.9461	0	0	
48.8	-5.2	1.5	23.6816	-27.8986	0	0	
48.8	-2.8	1.5	23.3282	-14.155	0	0	
48.8	-0.4	1.5	23.5243	-26.1308	0	0	
48.8	2	1.5	22.8055	-23.4393	0	0	
48.8	4.4	1.5	23.0672	-32.3291	0	0	
48.8	6.8	1.5	23.5744	-18.7186	0	0	
48.8	9.2	1.5	17.5962	-16.7281	0	0	
48.8	11.6	1.5	23.0646	-4.37308	0	0	
48.8	14	1.5	22.2156	-6.37435	0	0	
48.8	16.4	1.5	20.6755	-11.4054	0	0	
48.8	18.8	1.5	18.7698	-10.832	0	0	
48.8	21.2	1.5	20.583	-25.0014	0	0	
48.8	23.6	1.5	19.544	-24.2032	0	0	
48.8	26	1.5	17.6734	-7.39668	0	0	
48.8	28.4	1.5	21.1017	-22.3069	0	0	
48.8	30.8	1.5	20.6307	-11.3294	0	0	
48.8	33.2	1.5	17.7256	-6.43218	0	0	
48.8	35.6	1.5	19.7641	-11.8506	0	0	
48.8	38	1.5	19.1903	-21.8577	0	0	
48.8	40.4	1.5	17.8257	-12.0802	0	0	
48.8	42.8	1.5	-3.18934	-39.6125	0	0	
48.8	45.2	1.5	18.0606	-8.67502	0	0	
48.8	47.6	1.5	15.7716	-8.57778	0	0	
48.8	50	1.5	16.6789	-27.1516	0	0	
51.2	-70	1.5	13.8679	-7.91409	0	0	
51.2	-67.6	1.5	14.5115	-5.41644	0	0	
51.2	-65.2	1.5	15.8571	-33.2065	0	0	
51.2	-62.8	1.5	16.0337	-30.5523	0	0	
51.2	-60.4	1.5	15.12	-3.79163	0	0	
51.2	-58	1.5	16.0255	2.51482	0	0	
51.2	-55.6	1.5	-4.09226	-32.4102	0	0	
51.2	-53.2	1.5	17.3006	-28.3176	0	0	
51.2	-50.8	1.5	17.2225	-8.47685	0	0	
51.2	-48.4	1.5	-6.6953	-37.6871	0	0	
51.2	-46	1.5	16.292	-10.1498	0	0	
51.2	-43.6	1.5	17.8886	-24.0204	0	0	
51.2	-41.2	1.5	18.3483	-18.9225	0	0	
51.2	-38.8	1.5	18.2134	-13.4629	0	0	
51.2	-36.4	1.5	19.2058	-0.353893	0	0	
51.2	-34	1.5	16.3514	-7.98101	0	0	
51.2	-31.6	1.5	18.1464	-4.85221	0	0	
51.2	-29.2	1.5	19.2678	3.73813	0	0	
51.2	-26.8	1.5	17.8833	-5.72689	0	0	
51.2	-24.4	1.5	20.0483	-27.6625	0	0	
51.2	-22	1.5	21.8276	-10.3355	0	0	
51.2	-19.6	1.5	19.2585	-36.043	0	0	
51.2	-17.2	1.5	-0.546089	-39.3373	0	0	
51.2	-14.8	1.5	21.2396	-8.98765	0	0	
51.2	-12.4	1.5	22.5491	-0.915649	0	0	
51.2	-10	1.5	20.7168	-14.5543	0	0	
51.2	-7.6	1.5	21.9666	-16.7259	0	0	
51.2	-5.2	1.5	22.8851	-22.5454	0	0	
51.2	-2.8	1.5	23.4171	-25.2731	0	0	
51.2	-0.4	1.5	17.8989	-51.0678	0	0	
51.2	2	1.5	22.9703	-24.9353	0	0	
51.2	4.4	1.5	21.0831	-43.6106	0	0	
51.2	6.8	1.5	23.4434	-4.59459	0	0	
51.2	9.2	1.5	17.7397	-14.8283	0	0	
51.2	11.6	1.5	23.1916	-25.3889	0	0	
51.2	14	1.5	22.3612	-8.55817	0	0	
51.2	16.4	1.5	18.3016	-9.5714	0	0	
51.2	18.8	1.5	20.0786	-11.3239	0	0	
51.2	21.2	1.5	20.8488	-12.7523	0	0	
51.2	23.6	1.5	20.7029	-9.93735	0	0	
51.2	26	1.5	18.7045	-10.9894	0	0	
51.2	28.4	1.5	20.2485	1.59519	0	0	
51.2	30.8	1.5	18.8172	-22.4982	0	0	
51.2	33.2	1.5	18.4559	-20.1158	0	0	
51.2	35.6	1.5	19.021	-29.7639	0	0	
51.2	38	1.5	17.3918	-8.32497	0	0	
51.2	40.4	1.5	-6.2028	-38.5274	0	0	
51.2	42.8	1.5	18.1644	-22.2103	0	0	
51.2	45.2	1.5	15.3535	-7.87416	0	0	
51.2	47.6	1.5	16.246	-8.52199	0	0	
51.2	50	1.5	16.9735	-8.92454	0	0	
53.6	-70	1.5	13.8217	-36.3275	0	0	
53.6	-67.6	1.5	13.1311	-5.7616	0	0	
53.6	-65.2	1.5	13.775	-2.54862	0	0	
53.6	-62.8	1.5	14.8208	1.99446	0	0	
53.6	-60.4	1.5	-11.2654	-22.2746	0	0	
53.6	-58	1.5	15.8241	-27.6675	0	0	
53.6	-55.6	1.5	-13.072	-32.5982	0	0	
53.6	-53.2	1.5	15.8622	-24.424	0	0	
53.6	-50.8	1.5	17.5943	-8.94291	0	0	
53.6	-48.4	1.5	17.6377	-9.77762	0	0	
53.6	-46	1.5	16.4906	-11.2941	0	0	
53.6	-43.6	1.5	18.0998	-16.4776	0	0	
53.6	-41.2	1.5	17.5378	-34.1757	0	0	
53.6	-38.8	1.5	17.8366	-10.309	0	0	
53.6	-36.4	1.5	19.0731	-18.8575	0	0	
53.6	-34	1.5	18.1571	-30.9835	0	0	
53.6	-31.6	1.5	19.7591	-25.1481	0	0	
53.6	-29.2	1.5	18.6081	-17.6561	0	0	
53.6	-26.8	1.5	18.8216	-7.18183	0	0	
53.6	-24.4	1.5	-7.97794	-44.2544	0	0	
53.6	-22	1.5	19.547	-12.9311	0	0	
53.6	-19.6	1.5	21.0375	-7.5354	0	0	
53.6	-17.2	1.5	21.6119	-15.6186	0	0	
53.6	-14.8	1.5	22.2072	-9.62336	0	0	
53.6	-12.4	1.5	18.0456	-9.5495	0	0	
53.6	-10	1.5	21.8565	-25.6767	0	0	
53.6	-7.6	1.5	21.0834	-20.0349	0	0	
53.6	-5.2	1.5	21.2314	-23.3473	0	0	
53.6	-2.8	1.5	21.3476	-38.8225	0	0	
53.6	-0.4	1.5	21.918	-24.5456	0	0	
53.6	2	1.5	21.6215	-39.6353	0	0	
53.6	4.4	1.5	18.8463	-23.1188	0	0	
53.6	6.8	1.5	22.4304	-28.3258	0	0	
53.6	9.2	1.5	22.2823	-16.3912	0	0	
53.6	11.6	1.5	22.177	-25.9328	0	0	
53.6	14	1.5	20.4358	7.60835	0	0	
53.6	16.4	1.5	18.0636	-6.65828	0	0	
53.6	18.8	1.5	21.4286	-9.27878	0	0	
53.6	21.2	1.5	19.7112	-13.2028	0	0	
53.6	23.6	1.5	20.8654	-8.97811	0	0	
53.6	26	1.5	20.1135	-10.4394	0	0	
53.6	28.4	1.5	20.5418	-25.7626	0	0	
53.6	30.8	1.5	20.2792	1.38187	0	0	
53.6	33.2	1.5	18.0448	-23.973	0	0	
53.6	35.6	1.5	18.4418	-6.5411	0	0	
53.6	38	1.5	17.1507	-7.50781	0	0	
53.6	40.4	1.5	14.1693	-13.4994	0	0	
53.6	42.8	1.5	16.9913	-14.6366	0	0	
53.6	45.2	1.5	16.5664	-24.8211	0	0	
53.6	47.6	1.5	16.9525	-26.5553	0	0	
53.6	50	1.5	-7.0534	-38.3649	0	0	
56	-70	1.5	14.3191	-31.6485	0	0	
56	-67.6	1.5	-9.62128	-25.6266	0	0	
56	-65.2	1.5	-13.072	-22.5679	0	0	
56	-62.8	1.5	-10.274	-25.8681	0	0	
56	-60.4	1.5	-10.0032	-25.9954	0	0	
56	-58	1.5	14.9664	-3.75958	0	0	
56	-55.6	1.5	11.9141	-22.2533	0	0	
56	-53.2	1.5	16.8947	-27.9758	0	0	
56	-50.8	1.5	16.6405	-17.1864	0	0	
56	-48.4	1.5	14.9896	-12.0505	0	0	
56	-46	1.5	16.4738	-33.0937	0	0	
56	-43.6	1.5	17.2676	-12.1138	0	0	
56	-41.2	1.5	16.6568	-30.7454	0	0	
56	-38.8	1.5	-8.13727	-34.2035	0	0	
56	-36.4	1.5	-7.22968	-38.3666	0	0	
56	-34	1.5	19.6963	1.2163	0	0	
56	-31.6	1.5	19.1836	-23.8058	0	0	
56	-29.2	1.5	19.2497	-28.1496	0	0	
56	-26.8	1.5	-2.94191	-44.2343	0	0	
56	-24.4	1.5	18.8106	-12.474	0	0	
56	-22	1.5	17.8123	-9.95482	0	0	
56	-19.6	1.5	19.7061	-24.137	0	0	
56	-17.2	1.5	21.386	-12.3302	0	0	
56	-14.8	1.5	20.0404	-4.12571	0	0	
56	-12.4	1.5	21.4431	-24.58	0	0	
56	-10	1.5	-8.57613	-37.2199	0	0	
56	-7.6	1.5	14.2966	-24.5547	0	0	
56	-5.2	1.5	21.8462	-35.6041	0	0	
56	-2.8	1.5	22.1612	-22.4949	0	0	
56	-0.4	1.5	17.7589	-26.1175	0	0	
56	2	1.5	21.9255	-23.3019	0	0	
56	4.4	1.5	-5.48038	-48.1518	0	0	
56	6.8	1.5	22.0134	-31.9286	0	0	
56	9.2	1.5	21.0952	-14.1014	0	0	
56	11.6	1.5	20.0118	-15.5188	0	0	
56	14	1.5	-8.5588	-34.262	0	0	
56	16.4	1.5	20.8763	-6.25919	0	0	
56	18.8	1.5	20.9887	-25.7577	0	0	
56	21.2	1.5	20.1186	-2.45877	0	0	
56	23.6	1.5	18.4384	-32.2234	0	0	
56	26	1.5	20.49	-25.5599	0	0	
56	28.4	1.5	17.5192	-11.6473	0	0	
56	30.8	1.5	15.4106	-28.5088	0	0	
56	33.2	1.5	19.1631	-5.4679	0	0	
56	35.6	1.5	-11.2074	-37.3079	0	0	
56	38	1.5	16.0351	-6.40097	0	0	
56	40.4	1.5	15.7209	-12.2513	0	0	
56	42.8	1.5	17.1058	-13.9096	0	0	
56	45.2	1.5	17.8539	-19.9976	0	0	
56	47.6	1.5	15.8906	-31.2227	0	0	
56	50	1.5	16.9301	-26.2132	0	0	
58.4	-70	1.5	13.9298	-3.97328	0	0	
58.4	-67.6	1.5	14.5398	-5.28147	0	0	
58.4	-65.2	1.5	-15.8496	-26.9079	0	0	
58.4	-62.8	1.5	-9.05163	-31.7956	0	0	
58.4	-60.4	1.5	13.6874	-26.7148	0	0	
58.4	-58	1.5	14.0612	-6.64303	0	0	
58.4	-55.6	1.5	-10.311	-38.2715	0	0	
58.4	-53.2	1.5	16.5895	-21.9324	0	0	
58.4	-50.8	1.5	14.2985	-12.655	0	0	
58.4	-48.4	1.5	17.6939	-15.6598	0	0	
58.4	-46	1.5	17.0646	-14.6725	0	0	
58.4	-43.6	1.5	17.4653	-13.3764	0	0	
58.4	-41.2	1.5	-8.48022	-36.514	0	0	
58.4	-38.8	1.5	13.5815	-41.8619	0	0	
58.4	-36.4	1.5	18.4713	-3.28872	0	0	
58.4	-34	1.5	19.5699	7.68593	0	0	
58.4	-31.6	1.5	17.9987	-25.6607	0	0	
58.4	-29.2	1.5	19.0463	-12.0077	0	0	
58.4	-26.8	1.5	19.5239	-12.4209	0	0	
58.4	-24.4	1.5	20.5505	-17.0107	0	0	
58.4	-22	1.5	16.4517	-15.1969	0	0	
58.4	-19.6	1.5	18.2315	-14.0191	0	0	
58.4	-17.2	1.5	19.6493	-7.83617	0	0	
58.4	-14.8	1.5	21.4092	-2.4182	0	0	
58.4	-12.4	1.5	21.0004	-24.4974	0	0	
58.4	-10	1.5	21.1552	-16.9901	0	0	
58.4	-7.6	1.5	-3.97245	-49.9428	0	0	
58.4	-5.2	1.5	19.1757	-46.9005	0	0	
58.4	-2.8	1.5	21.5572	-39.7472	0	0	
58.4	-0.4	1.5	19.3158	-25.9441	0	0	
58.4	2	1.5	21.584	-40.5655	0	0	
58.4	4.4	1.5	17.9279	-23.9896	0	0	
58.4	6.8	1.5	20.5669	-21.3314	0	0	
58.4	9.2	1.5	21.3502	-19.6164	0	0	
58.4	11.6	1.5	16.9882	-15.957	0	0	
58.4	14	1.5	16.2919	-3.81333	0	0	
58.4	16.4	1.5	20.4972	-6.98345	0	0	
58.4	18.8	1.5	19.6222	-12.2261	0	0	
58.4	21.2	1.5	18.8008	-37.9226	0	0	
58.4	23.6	1.5	18.1306	-14.4561	0	0	
58.4	26	1.5	19.9638	-22.59	0	0	
58.4	28.4	1.5	19.7261	-11.3657	0	0	
58.4	30.8	1.5	18.1867	-29.1334	0	0	
58.4	33.2	1.5	18.1235	-26.9784	0	0	
58.4	35.6	1.5	18.5279	-27.1777	0	0	
58.4	38	1.5	17.3802	-11.1435	0	0	
58.4	40.4	1.5	18.3292	-16.2211	0	0	
58.4	42.8	1.5	17.6619	-21.9075	0	0	
58.4	45.2	1.5	17.6812	-9.02892	0	0	
58.4	47.6	1.5	15.0519	-37.1494	0	0	
58.4	50	1.5	15.5762	-10.2399	0	0	
60.8	-70	1.5	-12.6772	-37.721	0	0	
60.8	-67.6	1.5	13.5296	2.16296	0	0	
60.8	-65.2	1.5	15.7142	1.23607	0	0	
60.8	-62.8	1.5	-5.94003	-36.0573	0	0	
60.8	-60.4	1.5	14.4545	-22.6111	0	0	
60.8	-58	1.5	15.2681	-10.7197	0	0	
60.8	-55.6	1.5	14.953	-11.4216	0	0	
60.8	-53.2	1.5	15.7484	-10.8239	0	0	
60.8	-50.8	1.5	12.8912	-14.8009	0	0	
60.8	-48.4	1.5	16.7216	-12.1384	0	0	
60.8	-46	1.5	13.5569	-9.11543	0	0	
60.8	-43.6	1.5	17.7101	-18.1467	0	0	
60.8	-41.2	1.5	17.0614	-37.1081	0	0	
60.8	-38.8	1.5	-3.04007	-34.3645	0	0	
60.8	-36.4	1.5	17.8995	-30.5696	0	0	
60.8	-34	1.5	16.4347	-8.44101	0	0	
60.8	-31.6	1.5	14.0723	-10.4237	0	0	
60.8	-29.2	1.5	18.0944	-24.1111	0	0	
60.8	-26.8	1.5	19.5365	-22.7843	0	0	
60.8	-24.4	1.5	19.5214	-8.55355	0	0	
60.8	-22	1.5	19.6045	-25.5531	0	0	
60.8	-19.6	1.5	19.3724	-9.29232	0	0	
60.8	-17.2	1.5	-8.78382	-36.5162	0	0	
60.8	-14.8	1.5	20.1681	-30.4031	0	0	
60.8	-12.4	1.5	17.3198	-13.8979	0	0	
60.8	-10	1.5	18.0748	-19.0638	0	0	
60.8	-7.6	1.5	19.8621	-34.1212	0	0	
60.8	-5.2	1.5	21.2385	-38.2855	0	0	
60.8	-2.8	1.5	21.429	-26.1795	0	0	
60.8	-0.4	1.5	19.3858	-44.3618	0	0	
60.8	2	1.5	20.5753	-27.2803	0	0	
60.8	4.4	1.5	-10.3935	-51.4889	0	0	
60.8	6.8	1.5	18.8491	-47.4056	0	0	
60.8	9.2	1.5	-10.2592	-53.3849	0	0	
60.8	11.6	1.5	19.9716	-16.8505	0	0	
60.8	14	1.5	19.4921	-9.37305	0	0	
60.8	16.4	1.5	20.8583	-30.1905	0	0	
60.8	18.8	1.5	18.3706	-34.3436	0	0	
60.8	21.2	1.5	19.9293	-23.3298	0	0	
60.8	23.6	1.5	18.5577	-16.0258	0	0	
60.8	26	1.5	16.8301	-34.8126	0	0	
60.8	28.4	1.5	19.3101	-26.9833	0	0	
60.8	30.8	1.5	17.9135	-30.1318	0	0	
60.8	33.2	1.5	17.4187	-32.454	0	0	
60.8	35.6	1.5	18.6104	-28.4758	0	0	
60.8	38	1.5	18.7667	-25.0686	0	0	
60.8	40.4	1.5	14.2663	-33.2429	0	0	
60.8	42.8	1.5	-10.5501	-36.2131	0	0	
60.8	45.2	1.5	-11.8674	-38.2207	0	0	
60.8	47.6	1.5	17.1653	-11.1277	0	0	
60.8	50	1.5	15.9836	-16.7883	0	0	
63.2	-70	1.5	-13.0867	-29.0201	0	0	
63.2	-67.6	1.5	15.4757	-14.8943	0	0	
63.2	-65.2	1.5	14.4599	-27.2356	0	0	
63.2	-62.8	1.5	14.1158	-5.90371	0	0	
63.2	-60.4	1.5	13.7563	-30.0902	0	0	
63.2	-58	1.5	13.5078	-27.8272	0	0	
63.2	-55.6	1.5	14.5433	-26.8843	0	0	
63.2	-53.2	1.5	-9.33932	-43.3703	0	0	
63.2	-50.8	1.5	16.529	-23.2243	0	0	
63.2	-48.4	1.5	17.0153	-18.9744	0	0	
63.2	-46	1.5	-9.68515	-34.7164	0	0	
63.2	-43.6	1.5	16.6513	-25.7298	0	0	
63.2	-41.2	1.5	16.3445	-4.9456	0	0	
63.2	-38.8	1.5	17.6402	-29.1884	0	0	
63.2	-36.4	1.5	15.772	-28.81	0	0	
63.2	-34	1.5	-9.08779	-29.7599	0	0	
63.2	-31.6	1.5	16.779	-8.92244	0	0	
63.2	-29.2	1.5	18.8835	-23.6438	0	0	
63.2	-26.8	1.5	-11.3004	-51.4075	0	0	
63.2	-24.4	1.5	18.1184	-9.54429	0	0	
63.2	-22	1.5	19.8343	-16.7923	0	0	
63.2	-19.6	1.5	17.1198	-9.83249	0	0	
63.2	-17.2	1.5	17.0324	-1.85253	0	0	
63.2	-14.8	1.5	19.0611	-11.7237	0	0	
63.2	-12.4	1.5	17.504	-34.5246	0	0	
63.2	-10	1.5	-9.07499	-47.0547	0	0	
63.2	-7.6	1.5	18.3141	-23.6171	0	0	
63.2	-5.2	1.5	18.711	-49.3248	0	0	
63.2	-2.8	1.5	-11.6257	-57.7102	0	0	
63.2	-0.4	1.5	20.7088	-42.818	0	0	
63.2	2	1.5	19.059	-27.3575	0	0	
63.2	4.4	1.5	16.42	-26.4521	0	0	
63.2	6.8	1.5	20.1685	-24.8626	0	0	
63.2	9.2	1.5	-11.4495	-51.9639	0	0	
63.2	11.6	1.5	18.7109	-16.1988	0	0	
63.2	14	1.5	17.6037	-26.0557	0	0	
63.2	16.4	1.5	-11.1216	-34.6755	0	0	
63.2	18.8	1.5	18.9796	-29.8146	0	0	
63.2	21.2	1.5	-3.62605	-39.0797	0	0	
63.2	23.6	1.5	18.5162	-27.345	0	0	
63.2	26	1.5	18.8059	-15.5154	0	0	
63.2	28.4	1.5	-7.04926	-49.2419	0	0	
63.2	30.8	1.5	18.7955	-12.1426	0	0	
63.2	33.2	1.5	17.5167	-7.58718	0	0	
63.2	35.6	1.5	18.6262	-25.7038	0	0	
63.2	38	1.5	16.7802	-3.9649	0	0	
63.2	40.4	1.5	15.8684	-13.149	0	0	
63.2	42.8	1.5	-6.83384	-39.8805	0	0	
63.2	45.2	1.5	-9.53092	-43.6049	0	0	
63.2	47.6	1.5	-10.403	-44.8409	0	0	
63.2	50	1.5	-9.80465	-41.7308	0	0	
65.6	-70	1.5	14.0504	-1.83775	0	0	
65.6	-67.6	1.5	12.4283	-31.356	0	0	
65.6	-65.2	1.5	14.8149	-29.1496	0	0	
65.6	-62.8	1.5	14.3669	-30.621	0	0	
65.6	-60.4	1.5	13.9864	-12.9369	0	0	
65.6	-58	1.5	12.6833	-35.8508	0	0	
65.6	-55.6	1.5	-11.4909	-38.6163	0	0	
65.6	-53.2	1.5	15.9279	-23.0693	0	0	
65.6	-50.8	1.5	-12.2741	-44.3389	0	0	
65.6	-48.4	1.5	16.4182	-23.7261	0	0	
65.6	-46	1.5	15.7778	-37.1108	0	0	
65.6	-43.6	1.5	16.6005	-28.006	0	0	
65.6	-41.2	1.5	-10.0304	-39.9527	0	0	
65.6	-38.8	1.5	17.2459	-35.3148	0	0	
65.6	-36.4	1.5	16.7888	-26.5583	0	0	
65.6	-34	1.5	-9.27081	-41.0933	0	0	
65.6	-31.6	1.5	15.7211	-12.5324	0	0	
65.6	-29.2	1.5	17.5193	-31.024	0	0	
65.6	-26.8	1.5	-5.69426	-41.6088	0	0	
65.6	-24.4	1.5	16.578	-15.1248	0	0	
65.6	-22	1.5	19.3386	-14.9874	0	0	
65.6	-19.6	1.5	16.7126	-38.8956	0	0	
65.6	-17.2	1.5	-11.6391	-24.3456	0	0	
65.6	-14.8	1.5	-9.66445	-54.0351	0	0	
65.6	-12.4	1.5	19.1727	-21.3083	0	0	
65.6	-10	1.5	17.4661	-43.6581	0	0	
65.6	-7.6	1.5	18.3243	-38.8311	0	0	
65.6	-5.2	1.5	17.0596	-25.2106	0	0	
65.6	-2.8	1.5	20.0054	-25.876	0	0	
65.6	-0.4	1.5	19.5537	-27.0844	0	0	
65.6	2	1.5	15.8602	-28.0089	0	0	
65.6	4.4	1.5	14.0968	-28.2277	0	0	
65.6	6.8	1.5	17.1175	-24.5791	0	0	
65.6	9.2	1.5	18.3144	-45.6049	0	0	
65.6	11.6	1.5	15.4663	-21.0059	0	0	
65.6	14	1.5	19.9015	-19.6087	0	0	
65.6	16.4	1.5	19.6555	-6.15279	0	0	
65.6	18.8	1.5	17.5723	-31.6715	0	0	
65.6	21.2	1.5	18.6104	-13.4741	0	0	
65.6	23.6	1.5	-5.00588	-44.8749	0	0	
65.6	26	1.5	-8.9486	-44.8303	0	0	
65.6	28.4	1.5	18.6803	-21.0998	0	0	
65.6	30.8	1.5	17.0097	-11.6271	0	0	
65.6	33.2	1.5	18.7518	-27.5191	0	0	
65.6	35.6	1.5	-7.04048	-37.9722	0	0	
65.6	38	1.5	16.2752	-30.2952	0	0	
65.6	40.4	1.5	15.2455	1.70523	0	0	
65.6	42.8	1.5	-10.5087	-38.9773	0	0	
65.6	45.2	1.5	15.8319	-38.1662	0	0	
65.6	47.6	1.5	13.7086	-11.0217	0	0	
65.6	50	1.5	14.4896	-12.8303	0	0	
68	-70	1.5	-13.3065	-39.1773	0	0	
68	-67.6	1.5	13.1272	-9.39217	0	0	
68	-65.2	1.5	14.5241	-20.0407	0	0	
68	-62.8	1.5	-12.532	-42.5751	0	0	
68	-60.4	1.5	12.5166	-13.3896	0	0	
68	-58	1.5	-11.265	-40.2329	0	0	
68	-55.6	1.5	7.59957	-18.8682	0	0	
68	-53.2	1.5	-11.4291	-39.8909	0	0	
68	-50.8	1.5	15.5714	-12.8167	0	0	
68	-48.4	1.5	15.7087	-12.3457	0	0	
68	-46	1.5	16.3352	-11.6751	0	0	
68	-43.6	1.5	16.2826	-6.63161	0	0	
68	-41.2	1.5	-9.86681	-42.0298	0	0	
68	-38.8	1.5	16.6812	-31.0283	0	0	
68	-36.4	1.5	17.8962	-29.8878	0	0	
68	-34	1.5	15.5498	-19.7684	0	0	
68	-31.6	1.5	14.874	-15.0576	0	0	
68	-29.2	1.5	17.5967	-22.0694	0	0	
68	-26.8	1.5	16.4841	-39.6168	0	0	
68	-24.4	1.5	15.0166	-15.7608	0	0	
68	-22	1.5	16.6155	-8.48202	0	0	
68	-19.6	1.5	17.5911	-5.37564	0	0	
68	-17.2	1.5	15.743	1.04955	0	0	
68	-14.8	1.5	-12.6403	-40.2627	0	0	
68	-12.4	1.5	12.2332	-22.5677	0	0	
68	-10	1.5	17.2879	-34.1461	0	0	
68	-7.6	1.5	16.0549	-25.4613	0	0	
68	-5.2	1.5	-7.13913	-57.7878	0	0	
68	-2.8	1.5	17.6741	-46.3791	0	0	
68	-0.4	1.5	18.792	-26.7478	0	0	
68	2	1.5	20.0524	-42.2896	0	0	
68	4.4	1.5	18.0925	-50.177	0	0	
68	6.8	1.5	17.7896	-48.9082	0	0	
68	9.2	1.5	-9.09003	-52.9065	0	0	
68	11.6	1.5	17.7407	-24.4245	0	0	
68	14	1.5	19.958	-18.7142	0	0	
68	16.4	1.5	-6.69796	-39.6332	0	0	
68	18.8	1.5	17.2593	-34.5787	0	0	
68	21.2	1.5	14.4369	-41.9524	0	0	
68	23.6	1.5	18.3228	-28.5347	0	0	
68	26	1.5	18.4138	-22.9973	0	0	
68	28.4	1.5	18.3028	-12.6386	0	0	
68	30.8	1.5	-11.6521	-40.0023	0	0	
68	33.2	1.5	16.6423	-24.8043	0	0	
68	35.6	1.5	15.9179	-30.6729	0	0	
68	38	1.5	15.1986	-36.4092	0	0	
68	40.4	1.5	17.334	-4.97286	0	0	
68	42.8	1.5	16.9616	-30.4215	0	0	
68	45.2	1.5	16.7144	-28.1039	0	0	
68	47.6	1.5	-9.81094	-42.9008	0	0	
68	50	1.5	15.3369	-37.7297	0	0	
70.4	-70	1.5	-14.936	-38.2957	0	0	
70.4	-67.6	1.5	-13.4926	-41.4363	0	0	
70.4	-65.2	1.5	-12.8762	-40.3589	0	0	
70.4	-62.8	1.5	14.1596	-24.0357	0	0	
70.4	-60.4	1.5	14.3705	-29.9159	0	0	
70.4	-58	1.5	16.4183	-11.9126	0	0	
70.4	-55.6	1.5	14.9945	-38.6331	0	0	
70.4	-53.2	1.5	14.3714	-31.7149	0	0	
70.4	-50.8	1.5	-11.259	-42.9044	0	0	
70.4	-48.4	1.5	14.6734	-30.8137	0	0	
70.4	-46	1.5	16.1112	-30.5838	0	0	
70.4	-43.6	1.5	-15.2698	-36.2325	0	0	
70.4	-41.2	1.5	-11.8814	-27.1557	0	0	
70.4	-38.8	1.5	15.5785	-2.44846	0	0	
70.4	-36.4	1.5	14.0288	-14.2772	0	0	
70.4	-34	1.5	15.3197	-12.1593	0	0	
70.4	-31.6	1.5	16.3893	-19.848	0	0	
70.4	-29.2	1.5	-11.8634	-30.6184	0	0	
70.4	-26.8	1.5	-12.9534	-45.2146	0	0	
70.4	-24.4	1.5	-7.06938	-40.6249	0	0	
70.4	-22	1.5	-7.56181	-42.5523	0	0	
70.4	-19.6	1.5	-11.1051	-38.2525	0	0	
70.4	-17.2	1.5	-9.53371	-31.6978	0	0	
70.4	-14.8	1.5	16.2943	-28.7573	0	0	
70.4	-12.4	1.5	15.8092	-19.4981	0	0	
70.4	-10	1.5	18.639	-34.6935	0	0	
70.4	-7.6	1.5	17.2829	-40.366	0	0	
70.4	-5.2	1.5	18.8194	-42.2705	0	0	
70.4	-2.8	1.5	-12.1706	-58.4142	0	0	
70.4	-0.4	1.5	18.6637	-45.1209	0	0	
70.4	2	1.5	17.9428	-45.8186	0	0	
70.4	4.4	1.5	-10.0188	-63.9337	0	0	
70.4	6.8	1.5	17.5353	-40.2223	0	0	
70.4	9.2	1.5	19.01	-36.228	0	0	
70.4	11.6	1.5	15.7644	-20.5139	0	0	
70.4	14	1.5	16.0241	-16.188	0	0	
70.4	16.4	1.5	-10.271	-38.0643	0	0	
70.4	18.8	1.5	18.7471	-7.78824	0	0	
70.4	21.2	1.5	-12.0989	-37.5876	0	0	
70.4	23.6	1.5	17.3325	-15.8505	0	0	
70.4	26	1.5	14.8396	-11.3548	0	0	
70.4	28.4	1.5	17.4238	-1.95137	0	0	
70.4	30.8	1.5	17.8328	-28.2419	0	0	
70.4	33.2	1.5	16.9937	-24.3594	0	0	
70.4	35.6	1.5	15.764	-21.3194	0	0	
70.4	38	1.5	-9.51053	-39.8927	0	0	
70.4	40.4	1.5	15.1554	-26.6347	0	0	
70.4	42.8	1.5	16.8183	-29.5455	0	0	
70.4	45.2	1.5	15.463	-6.11701	0	0	
70.4	47.6	1.5	-10.4219	-43.198	0	0	
70.4	50	1.5	15.7846	-29.8973	0	0	
72.8	-70	1.5	13.6748	-28.6859	0	0	
72.8	-67.6	1.5	-12.4891	-43.0146	0	0	
72.8	-65.2	1.5	15.1229	-9.84289	0	0	
72.8	-62.8	1.5	-12.0092	-43.527	0	0	
72.8	-60.4	1.5	14.4088	-15.5496	0	0	
72.8	-58	1.5	-14.1722	-42.8861	0	0	
72.8	-55.6	1.5	16.1044	-26.7443	0	0	
72.8	-53.2	1.5	14.0172	-40.5434	0	0	
72.8	-50.8	1.5	13.0655	-10.3252	0	0	
72.8	-48.4	1.5	13.8088	-8.99461	0	0	
72.8	-46	1.5	14.8182	-38.4662	0	0	
72.8	-43.6	1.5	15.423	-27.7161	0	0	
72.8	-41.2	1.5	16.5982	-25.711	0	0	
72.8	-38.8	1.5	15.0176	-27.302	0	0	
72.8	-36.4	1.5	-10.8823	-48.8086	0	0	
72.8	-34	1.5	16.1906	-13.1635	0	0	
72.8	-31.6	1.5	15.1426	-38.5172	0	0	
72.8	-29.2	1.5	15.9552	-16.0552	0	0	
72.8	-26.8	1.5	17.3286	-29.1021	0	0	
72.8	-24.4	1.5	17.2898	-33.3575	0	0	
72.8	-22	1.5	17.7121	-6.70511	0	0	
72.8	-19.6	1.5	17.2889	-31.9328	0	0	
72.8	-17.2	1.5	17.8264	-28.7089	0	0	
72.8	-14.8	1.5	16.0382	-18.227	0	0	
72.8	-12.4	1.5	18.4686	-25.8106	0	0	
72.8	-10	1.5	18.7293	-35.653	0	0	
72.8	-7.6	1.5	-14.5752	-57.3101	0	0	
72.8	-5.2	1.5	16.1376	-26.6264	0	0	
72.8	-2.8	1.5	-11.9851	-59.3207	0	0	
72.8	-0.4	1.5	18.057	-27.3466	0	0	
72.8	2	1.5	16.9043	-27.4294	0	0	
72.8	4.4	1.5	18.1955	-42.7323	0	0	
72.8	6.8	1.5	12.9019	-29.0199	0	0	
72.8	9.2	1.5	16.9902	-47.0403	0	0	
72.8	11.6	1.5	16.5483	-38.9135	0	0	
72.8	14	1.5	18.2102	-19.6232	0	0	
72.8	16.4	1.5	17.069	-30.2938	0	0	
72.8	18.8	1.5	18.0259	-20.032	0	0	
72.8	21.2	1.5	17.8664	-34.8255	0	0	
72.8	23.6	1.5	17.2174	-16.5635	0	0	
72.8	26	1.5	17.2947	-31.1602	0	0	
72.8	28.4	1.5	-9.89845	-48.3038	0	0	
72.8	30.8	1.5	-10.416	-45.6035	0	0	
72.8	33.2	1.5	13.7162	-14.315	0	0	
72.8	35.6	1.5	15.4092	-15.1179	0	0	
72.8	38	1.5	16.9405	-28.9415	0	0	
72.8	40.4	1.5	-8.76634	-37.6233	0	0	
72.8	42.8	1.5	-9.05111	-28.573	0	0	
72.8	45.2	1.5	16.0819	-31.1052	0	0	
72.8	47.6	1.5	15.501	-40.8222	0	0	
72.8	50	1.5	12.0382	-32.4032	0	0	
75.2	-70	1.5	13.7002	-13.8697	0	0	
75.2	-67.6	1.5	12.3431	-35.4673	0	0	
75.2	-65.2	1.5	-15.9918	-46.9657	0	0	
75.2	-62.8	1.5	-14.3663	-46.5789	0	0	
75.2	-60.4	1.5	10.977	-38.1836	0	0	
75.2	-58	1.5	12.6762	-41.6273	0	0	
75.2	-55.6	1.5	-15.5816	-43.1861	0	0	
75.2	-53.2	1.5	-13.4247	-40.9195	0	0	
75.2	-50.8	1.5	-19.224	-43.9824	0	0	
75.2	-48.4	1.5	15.7168	-30.1393	0	0	
75.2	-46	1.5	-13.7905	-39.5465	0	0	
75.2	-43.6	1.5	16.4692	-29.0829	0	0	
75.2	-41.2	1.5	15.4132	-31.732	0	0	
75.2	-38.8	1.5	14.885	-26.4448	0	0	
75.2	-36.4	1.5	16.2662	-11.3558	0	0	
75.2	-34	1.5	16.9818	-17.0347	0	0	
75.2	-31.6	1.5	-12.831	-39.5812	0	0	
75.2	-29.2	1.5	14.1626	-17.1567	0	0	
75.2	-26.8	1.5	15.7964	-17.3914	0	0	
75.2	-24.4	1.5	16.0432	-19.8183	0	0	
75.2	-22	1.5	-9.32221	-39.0504	0	0	
75.2	-19.6	1.5	16.2014	-36.2875	0	0	
75.2	-17.2	1.5	18.4498	-10.2067	0	0	
75.2	-14.8	1.5	16.3371	-17.9897	0	0	
75.2	-12.4	1.5	17.797	-31.6997	0	0	
75.2	-10	1.5	-7.30489	-61.2358	0	0	
75.2	-7.6	1.5	17.9874	-27.3175	0	0	
75.2	-5.2	1.5	15.2813	-27.6471	0	0	
75.2	-2.8	1.5	-8.73594	-52.5324	0	0	
75.2	-0.4	1.5	15.0775	-28.4642	0	0	
75.2	2	1.5	18.1793	-44.7723	0	0	
75.2	4.4	1.5	16.7788	-27.2205	0	0	
75.2	6.8	1.5	-9.82561	-61.6789	0	0	
75.2	9.2	1.5	16.1642	-26.2104	0	0	
75.2	11.6	1.5	16.1669	-46.9405	0	0	
75.2	14	1.5	-10.2892	-49.066	0	0	
75.2	16.4	1.5	-9.3281	-44.744	0	0	
75.2	18.8	1.5	-11.092	-39.4131	0	0	
75.2	21.2	1.5	-12.2794	-40.5374	0	0	
75.2	23.6	1.5	17.8922	-3.35112	0	0	
75.2	26	1.5	15.9538	-19.3307	0	0	
75.2	28.4	1.5	13.7885	-15.8455	0	0	
75.2	30.8	1.5	16.5935	-15.4939	0	0	
75.2	33.2	1.5	15.1678	-14.1518	0	0	
75.2	35.6	1.5	-11.2573	-38.618	0	0	
75.2	38	1.5	15.3151	-11.1915	0	0	
75.2	40.4	1.5	16.4436	-10.061	0	0	
75.2	42.8	1.5	-12.7431	-36.0021	0	0	
75.2	45.2	1.5	-12.4876	-32.9706	0	0	
75.2	47.6	1.5	-10.0808	-35.8996	0	0	
75.2	50	1.5	15.4946	-31.7107	0	0	
77.6	-70	1.5	13.4225	-31.7426	0	0	
77.6	-67.6	1.5	12.7157	-14.9702	0	0	
77.6	-65.2	1.5	-13.8971	-44.1358	0	0	
77.6	-62.8	1.5	-14.3501	-42.3864	0	0	
77.6	-60.4	1.5	13.7461	-26.2882	0	0	
77.6	-58	1.5	14.7605	-24.031	0	0	
77.6	-55.6	1.5	12.9881	-13.5772	0	0	
77.6	-53.2	1.5	14.2304	-13.1973	0	0	
77.6	-50.8	1.5	15.8946	-13.5189	0	0	
77.6	-48.4	1.5	-16.6728	-36.9515	0	0	
77.6	-46	1.5	-12.459	-33.846	0	0	
77.6	-43.6	1.5	-11.7383	-37.3506	0	0	
77.6	-41.2	1.5	15.49	-13.9985	0	0	
77.6	-38.8	1.5	-13.5665	-45.0183	0	0	
77.6	-36.4	1.5	-13.4456	-41.9872	0	0	
77.6	-34	1.5	-8.65231	-41.8692	0	0	
77.6	-31.6	1.5	-9.46329	-45.4558	0	0	
77.6	-29.2	1.5	17.0347	-30.6778	0	0	
77.6	-26.8	1.5	-11.6334	-48.3296	0	0	
77.6	-24.4	1.5	-12.073	-44.9795	0	0	
77.6	-22	1.5	-12.853	-42.0897	0	0	
77.6	-19.6	1.5	13.604	-7.62091	0	0	
77.6	-17.2	1.5	16.2671	-12.3096	0	0	
77.6	-14.8	1.5	11.7188	-21.3025	0	0	
77.6	-12.4	1.5	15.8881	-46.0633	0	0	
77.6	-10	1.5	14.8952	-41.6412	0	0	
77.6	-7.6	1.5	14.9482	-45.716	0	0	
77.6	-5.2	1.5	17.5007	-44.8783	0	0	
77.6	-2.8	1.5	-12.5816	-61.4671	0	0	
77.6	-0.4	1.5	18.1135	-29.1803	0	0	
77.6	2	1.5	17.4862	-46.8382	0	0	
77.6	4.4	1.5	16.5339	-26.524	0	0	
77.6	6.8	1.5	17.8179	-42.0707	0	0	
77.6	9.2	1.5	16.411	-41.8859	0	0	
77.6	11.6	1.5	18.0853	-17.0375	0	0	
77.6	14	1.5	9.20815	-48.0705	0	0	
77.6	16.4	1.5	-14.1369	-46.9144	0	0	
77.6	18.8	1.5	-10.7452	-38.8264	0	0	
77.6	21.2	1.5	14.9804	-39.0785	0	0	
77.6	23.6	1.5	14.741	-36.7707	0	0	
77.6	26	1.5	-15.1116	-39.4833	0	0	
77.6	28.4	1.5	16.0357	-30.6531	0	0	
77.6	30.8	1.5	-12.615	-50.4239	0	0	
77.6	33.2	1.5	-14.6287	-49.0503	0	0	
77.6	35.6	1.5	17.0571	-18.8745	0	0	
77.6	38	1.5	-12.4989	-52.4587	0	0	
77.6	40.4	1.5	14.4929	-33.2348	0	0	
77.6	42.8	1.5	11.7571	-24.1154	0	0	
77.6	45.2	1.5	-9.20237	-34.5511	0	0	
77.6	47.6	1.5	14.2366	-37.0911	0	0	
77.6	50	1.5	11.1374	-13.1254	0	0	
80	-70	1.5	11.2183	-16.5496	0	0	
80	-67.6	1.5	11.6699	-37.8566	0	0	
80	-65.2	1.5	13.3697	-20.3454	0	0	
80	-62.8	1.5	-14.9661	-44.1642	0	0	
80	-60.4	1.5	13.9393	-15.6243	0	0	
80	-58	1.5	-14.3471	-53.393	0	0	
80	-55.6	1.5	14.2499	-30.7722	0	0	
80	-53.2	1.5	13.7794	-39.9511	0	0	
80	-50.8	1.5	-12.6437	-39.8578	0	0	
80	-48.4	1.5	-15.2884	-36.6348	0	0	
80	-46	1.5	14.8113	-12.2284	0	0	
80	-43.6	1.5	15.2093	-25.2448	0	0	
80	-41.2	1.5	14.6016	-28.6482	0	0	
80	-38.8	1.5	15.7813	-23.9653	0	0	
80	-36.4	1.5	14.962	-20.2381	0	0	
80	-34	1.5	16.3957	-23.6745	0	0	
80	-31.6	1.5	12.8511	-18.5759	0	0	
80	-29.2	1.5	16.7102	-31.7201	0	0	
80	-26.8	1.5	-14.2225	-51.0754	0	0	
80	-24.4	1.5	16.538	-42.8005	0	0	
80	-22	1.5	17.1508	-34.0481	0	0	
80	-19.6	1.5	15.8588	-29.782	0	0	
80	-17.2	1.5	-14.6064	-46.9242	0	0	
80	-14.8	1.5	15.2877	-19.7437	0	0	
80	-12.4	1.5	16.2161	-36.3873	0	0	
80	-10	1.5	15.7337	-28.0708	0	0	
80	-7.6	1.5	13.4735	-28.4828	0	0	
80	-5.2	1.5	15.7604	-46.9022	0	0	
80	-2.8	1.5	15.6183	-47.9823	0	0	
80	-0.4	1.5	16.7312	-47.8361	0	0	
80	2	1.5	-13.9806	-56.3278	0	0	
80	4.4	1.5	13.6803	-29.6434	0	0	
80	6.8	1.5	17.3928	-26.2604	0	0	
80	9.2	1.5	16.3267	-48.9491	0	0	
80	11.6	1.5	-15.4062	-52.8706	0	0	
80	14	1.5	-9.79105	-50.344	0	0	
80	16.4	1.5	17.2623	-17.9522	0	0	
80	18.8	1.5	17.5607	-32.0359	0	0	
80	21.2	1.5	15.6404	-5.98597	0	0	
80	23.6	1.5	-11.7806	-40.0984	0	0	
80	26	1.5	-16.5364	-47.6548	0	0	
80	28.4	1.5	16.8688	-31.4406	0	0	
80	30.8	1.5	16.5839	-26.7506	0	0	
80	33.2	1.5	16.3589	-25.0717	0	0	
80	35.6	1.5	16.2733	-12.6817	0	0	
80	38	1.5	14.8499	-36.7974	0	0	
80	40.4	1.5	-8.75774	-42.2361	0	0	
80	42.8	1.5	13.9499	-31.1085	0	0	
80	45.2	1.5	13.9722	-34.1665	0	0	
80	47.6	1.5	12.1502	-35.4198	0	0	
80	50	1.5	15.3652	-28.1415	0	0	
