-40	-70	1.5	14.0603	-5.99724	0	0	
-40	-67.6	1.5	14.6293	2.44528	0	0	
-40	-65.2	1.5	13.6439	-0.54683	0	0	
-40	-62.8	1.5	15.2584	2.55885	0	0	
-40	-60.4	1.5	-8.72719	-21.0486	0	0	
-40	-58	1.5	15.7948	2.08601	0	0	
-40	-55.6	1.5	-6.87441	-21.6605	0	0	
-40	-53.2	1.5	15.9191	-0.415104	0	0	
-40	-50.8	1.5	16.7619	-0.0705873	0	0	
-40	-48.4	1.5	15.2216	0.530191	0	0	
-40	-46	1.5	-8.67408	-24.2959	0	0	
-40	-43.6	1.5	17.9792	1.96343	0	0	
-40	-41.2	1.5	16.5734	0.971257	0	0	
-40	-38.8	1.5	19.579	1.07985	0	0	
-40	-36.4	1.5	16.6129	-2.7945	0	0	
-40	-34	1.5	17.5207	-0.458683	0	0	
-40	-31.6	1.5	18.7847	-0.104423	0	0	
-40	-29.2	1.5	16.1677	-2.14716	0	0	
-40	-26.8	1.5	19.2604	0.664475	0	0	
-40	-24.4	1.5	17.0295	-0.188109	0	0	
-40	-22	1.5	20.3057	3.78644	0	0	
-40	-19.6	1.5	-6.81165	-23.9641	0	0	
-40	-17.2	1.5	18.2478	-12.5753	0	0	
-40	-14.8	1.5	19.1026	0.194897	0	0	
-40	-12.4	1.5	16.0483	-5.81466	0	0	
-40	-10	1.5	19.1831	-14.7071	0	0	
-40	-7.6	1.5	13.9037	-11.8503	0	0	
-40	-5.2	1.5	18.1241	-9.25968	0	0	
-40	-2.8	1.5	20.3403	-6.94039	0	0	
-40	-0.4	1.5	-5.01105	-33.8044	0	0	
-40	2	1.5	20.7869	-10.2322	0	0	
-40	4.4	1.5	19.9795	-10.0086	0	0	
-40	6.8	1.5	20.3749	-9.01093	0	0	
-40	9.2	1.5	18.3604	-12.2249	0	0	
-40	11.6	1.5	18.9423	-3.72179	0	0	
-40	14	1.5	-7.65208	-31.8583	0	0	
-40	16.4	1.5	18.1599	2.89952	0	0	
-40	18.8	1.5	18.8855	-6.75917	0	0	
-40	21.2	1.5	18.238	4.29151	0	0	
-40	23.6	1.5	18.2624	2.02171	0	0	
-40	26	1.5	17.9629	-0.67716	0	0	
-40	28.4	1.5	19.0019	0.183725	0	0	
-40	30.8	1.5	18.8929	4.3119	0	0	
-40	33.2	1.5	-7.59239	-21.6932	0	0	
-40	35.6	1.5	16.9352	2.64427	0	0	
-40	38	1.5	17.6203	-5.05545	0	0	
-40	40.4	1.5	15.9693	1.14686	0	0	
-40	42.8	1.5	18.5608	1.02495	0	0	
-40	45.2	1.5	-10.201	-26.9636	0	0	
-40	47.6	1.5	16.5265	-0.237419	0	0	
-40	50	1.5	15.2996	-2.39959	0	0	
-37.6	-70	1.5	13.8885	-6.76125	0	0	
-37.6	-67.6	1.5	-10.9904	-27.1583	0	0	
-37.6	-65.2	1.5	14.0038	-5.34317	0	0	
-37.6	-62.8	1.5	15.1033	2.51488	0	0	
-37.6	-60.4	1.5	16.4841	6.52813	0	0	
-37.6	-58	1.5	-7.71243	-23.4514	0	0	
-37.6	-55.6	1.5	15.5372	2.29149	0	0	
-37.6	-53.2	1.5	15.7659	-0.387786	0	0	
-37.6	-50.8	1.5	-1.69743	-16.9896	0	0	
-37.6	-48.4	1.5	-9.57773	-23.5058	0	0	
-37.6	-46	1.5	16.5091	-3.98046	0	0	
-37.6	-43.6	1.5	16.0529	3.22671	0	0	
-37.6	-41.2	1.5	17.9345	0.0942011	0	0	
-37.6	-38.8	1.5	18.3025	0.69436	0	0	
-37.6	-36.4	1.5	17.3773	-3.21495	0	0	
-37.6	-34	1.5	16.9686	0.561113	0	0	
-37.6	-31.6	1.5	18.8804	-2.3308	0	0	
-37.6	-29.2	1.5	-9.53778	-29.0431	0	0	
-37.6	-26.8	1.5	18.3989	-0.321238	0	0	
-37.6	-24.4	1.5	18.5492	-0.333272	0	0	
-37.6	-22	1.5	16.5946	-1.85946	0	0	
-37.6	-19.6	1.5	18.9458	-2.66864	0	0	
-37.6	-17.2	1.5	20.4219	1.25783	0	0	
-37.6	-14.8	1.5	19.0852	-13.1447	0	0	
-37.6	-12.4	1.5	21.5321	1.23279	0	0	
-37.6	-10	1.5	17.7408	-6.61788	0	0	
-37.6	-7.6	1.5	18.2483	-7.79941	0	0	
-37.6	-5.2	1.5	20.4276	-7.02884	0	0	
-37.6	-2.8	1.5	20.6084	-8.30831	0	0	
-37.6	-0.4	1.5	-0.0761946	-29.7192	0	0	
-37.6	2	1.5	21.0937	-9.20728	0	0	
-37.6	4.4	1.5	21.247	-9.68975	0	0	
-37.6	6.8	1.5	20.007	-9.94449	0	0	
-37.6	9.2	1.5	19.165	-7.71252	0	0	
-37.6	11.6	1.5	18.6844	-5.74867	0	0	
-37.6	14	1.5	20.8011	-7.44124	0	0	
-37.6	16.4	1.5	20.8792	-6.78426	0	0	
-37.6	18.8	1.5	18.6517	5.01637	0	0	
-37.6	21.2	1.5	15.9731	-15.5798	0	0	
-37.6	23.6	1.5	18.5352	2.73161	0	0	
-37.6	26	1.5	18.31	-0.0915934	0	0	
-37.6	28.4	1.5	-7.42703	-28.561	0	0	
-37.6	30.8	1.5	20.2591	3.10544	0	0	
-37.6	33.2	1.5	19.3226	2.11665	0	0	
-37.6	35.6	1.5	18.4851	6.04584	0	0	
-37.6	38	1.5	17.3674	-4.73081	0	0	
-37.6	40.4	1.5	18.2445	3.55225	0	0	
-37.6	42.8	1.5	17.4371	-0.00677884	0	0	
-37.6	45.2	1.5	-9.39883	-25.6206	0	0	
-37.6	47.6	1.5	17.3247	-0.375237	0	0	
-37.6	50	1.5	16.5193	-2.57053	0	0	
-35.2	-70	1.5	13.7007	2.14981	0	0	
-35.2	-67.6	1.5	15.4553	4.5445	0	0	
-35.2	-65.2	1.5	-8.47238	-20.9312	0	0	
-35.2	-62.8	1.5	13.1607	-1.54738	0	0	
-35.2	-60.4	1.5	14.2436	0.568481	0	0	
-35.2	-58	1.5	14.4842	-1.92303	0	0	
-35.2	-55.6	1.5	15.0291	-1.71213	0	0	
-35.2	-53.2	1.5	15.9183	1.61779	0	0	
-35.2	-50.8	1.5	-3.97222	-18.0794	0	0	
-35.2	-48.4	1.5	15.9512	-1.65117	0	0	
-35.2	-46	1.5	18.0078	1.74652	0	0	
-35.2	-43.6	1.5	16.53	0.966678	0	0	
-35.2	-41.2	1.5	17.5559	1.22506	0	0	
-35.2	-38.8	1.5	-10.8057	-27.5956	0	0	
-35.2	-36.4	1.5	17.6767	-0.586964	0	0	
-35.2	-34	1.5	-8.80185	-27.3774	0	0	
-35.2	-31.6	1.5	19.1653	2.95683	0	0	
-35.2	-29.2	1.5	19.9111	0.524433	0	0	
-35.2	-26.8	1.5	19.9643	2.63282	0	0	
-35.2	-24.4	1.5	20.5843	0.803799	0	0	
-35.2	-22	1.5	18.3659	6.39753	0	0	
-35.2	-19.6	1.5	-8.11928	-24.6543	0	0	
-35.2	-17.2	1.5	20.5645	0.800944	0	0	
-35.2	-14.8	1.5	21.5339	4.51267	0	0	
-35.2	-12.4	1.5	20.7745	1.93425	0	0	
-35.2	-10	1.5	18.9616	-6.04578	0	0	
-35.2	-7.6	1.5	19.3685	-13.7334	0	0	
-35.2	-5.2	1.5	21.4487	-4.83848	0	0	
-35.2	-2.8	1.5	21.0345	-7.71522	0	0	
-35.2	-0.4	1.5	19.1389	-9.3797	0	0	
-35.2	2	1.5	22.0376	-8.50145	0	0	
-35.2	4.4	1.5	19.1575	-11.5584	0	0	
-35.2	6.8	1.5	21.9509	-9.04482	0	0	
-35.2	9.2	1.5	21.4759	-6.49217	0	0	
-35.2	11.6	1.5	20.5518	-5.36983	0	0	
-35.2	14	1.5	20.5288	-1.91241	0	0	
-35.2	16.4	1.5	20.3302	-7.26148	0	0	
-35.2	18.8	1.5	20.7413	-4.81638	0	0	
-35.2	21.2	1.5	-5.36887	-26.5906	0	0	
-35.2	23.6	1.5	19.9811	-0.989551	0	0	
-35.2	26	1.5	17.9476	-2.99536	0	0	
-35.2	28.4	1.5	17.2253	-11.4584	0	0	
-35.2	30.8	1.5	21.0633	3.17724	0	0	
-35.2	33.2	1.5	17.7276	-4.45109	0	0	
-35.2	35.6	1.5	18.2091	3.74813	0	0	
-35.2	38	1.5	19.5722	-2.99124	0	0	
-35.2	40.4	1.5	18.2996	4.21024	0	0	
-35.2	42.8	1.5	-5.9895	-20.3491	0	0	
-35.2	45.2	1.5	17.5377	0.333988	0	0	
-35.2	47.6	1.5	12.778	-6.04205	0	0	
-35.2	50	1.5	-3.98548	-20.0651	0	0	
-32.8	-70	1.5	-5.3336	-19.1923	0	0	
-32.8	-67.6	1.5	12.6419	-9.57551	0	0	
-32.8	-65.2	1.5	-8.43343	-21.0022	0	0	
-32.8	-62.8	1.5	13.889	-4.75824	0	0	
-32.8	-60.4	1.5	16.2084	1.7523	0	0	
-32.8	-58	1.5	14.4428	-6.22051	0	0	
-32.8	-55.6	1.5	14.3314	-0.874567	0	0	
-32.8	-53.2	1.5	16.8711	1.19911	0	0	
-32.8	-50.8	1.5	13.3054	-1.15661	0	0	
-32.8	-48.4	1.5	15.493	0.135801	0	0	
-32.8	-46	1.5	16.2569	0.170257	0	0	
-32.8	-43.6	1.5	19.6143	5.36398	0	0	
-32.8	-41.2	1.5	-4.5424	-21.1393	0	0	
-32.8	-38.8	1.5	18.3746	3.30428	0	0	
-32.8	-36.4	1.5	17.2414	0.943597	0	0	
-32.8	-34	1.5	-5.56631	-21.1486	0	0	
-32.8	-31.6	1.5	18.5817	1.01616	0	0	
-32.8	-29.2	1.5	18.3771	-5.45131	0	0	
-32.8	-26.8	1.5	17.4387	0.83979	0	0	
-32.8	-24.4	1.5	18.114	-5.67349	0	0	
-32.8	-22	1.5	20.7099	2.01291	0	0	
-32.8	-19.6	1.5	19.4139	-10.3775	0	0	
-32.8	-17.2	1.5	21.4188	4.09891	0	0	
-32.8	-14.8	1.5	21.6534	4.99803	0	0	
-32.8	-12.4	1.5	21.2041	3.49661	0	0	
-32.8	-10	1.5	22.1572	1.36658	0	0	
-32.8	-7.6	1.5	13.7691	-11.2125	0	0	
-32.8	-5.2	1.5	22.6248	-3.89054	0	0	
-32.8	-2.8	1.5	21.9492	-5.85455	0	0	
-32.8	-0.4	1.5	-3.62224	-34.5029	0	0	
-32.8	2	1.5	22.1022	-7.46252	0	0	
-32.8	4.4	1.5	22.1906	-8.99767	0	0	
-32.8	6.8	1.5	19.9625	-10.4115	0	0	
-32.8	9.2	1.5	19.1477	-6.57626	0	0	
-32.8	11.6	1.5	21.4766	-3.85606	0	0	
-32.8	14	1.5	21.3861	-6.89778	0	0	
-32.8	16.4	1.5	19.3982	4.77257	0	0	
-32.8	18.8	1.5	20.8755	-3.27047	0	0	
-32.8	21.2	1.5	20.4746	-1.42741	0	0	
-32.8	23.6	1.5	-5.04237	-25.1047	0	0	
-32.8	26	1.5	20.242	6.24233	0	0	
-32.8	28.4	1.5	18.6847	-1.51215	0	0	
-32.8	30.8	1.5	14.6529	-2.55918	0	0	
-32.8	33.2	1.5	19.1871	4.58446	0	0	
-32.8	35.6	1.5	16.8927	-8.32712	0	0	
-32.8	38	1.5	18.3837	5.15897	0	0	
-32.8	40.4	1.5	-6.7043	-24.4126	0	0	
-32.8	42.8	1.5	16.1295	-3.00535	0	0	
-32.8	45.2	1.5	17.8506	0.891263	0	0	
-32.8	47.6	1.5	16.2077	-2.55583	0	0	
-32.8	50	1.5	16.0144	0.931349	0	0	
-30.4	-70	1.5	-7.95068	-26.4753	0	0	
-30.4	-67.6	1.5	14.6831	0.78834	0	0	
-30.4	-65.2	1.5	-6.55045	-19.0188	0	0	
-30.4	-62.8	1.5	13.0144	-7.27148	0	0	
-30.4	-60.4	1.5	14.8934	1.57346	0	0	
-30.4	-58	1.5	14.8686	1.85399	0	0	
-30.4	-55.6	1.5	15.3025	2.7217	0	0	
-30.4	-53.2	1.5	16.8119	6.07367	0	0	
-30.4	-50.8	1.5	-5.96037	-22.4323	0	0	
-30.4	-48.4	1.5	-8.72619	-22.0441	0	0	
-30.4	-46	1.5	-3.09832	-18.293	0	0	
-30.4	-43.6	1.5	18.7336	6.6572	0	0	
-30.4	-41.2	1.5	18.0905	4.34026	0	0	
-30.4	-38.8	1.5	19.1363	4.15229	0	0	
-30.4	-36.4	1.5	18.9522	4.79378	0	0	
-30.4	-34	1.5	16.5411	-1.81547	0	0	
-30.4	-31.6	1.5	19.842	2.47453	0	0	
-30.4	-29.2	1.5	20.0225	0.89642	0	0	
-30.4	-26.8	1.5	20.3937	1.41628	0	0	
-30.4	-24.4	1.5	19.1248	-1.52076	0	0	
-30.4	-22	1.5	22.0649	3.103	0	0	
-30.4	-19.6	1.5	-8.91388	-29.1915	0	0	
-30.4	-17.2	1.5	22.2931	4.49156	0	0	
-30.4	-14.8	1.5	22.4416	3.00519	0	0	
-30.4	-12.4	1.5	19.9063	0.0683963	0	0	
-30.4	-10	1.5	20.0338	-1.1623	0	0	
-30.4	-7.6	1.5	21.7413	-0.800733	0	0	
-30.4	-5.2	1.5	22.1387	-2.5892	0	0	
-30.4	-2.8	1.5	23.1395	-4.04417	0	0	
-30.4	-0.4	1.5	23.7671	-6.07301	0	0	
-30.4	2	1.5	20.1267	-11.7171	0	0	
-30.4	4.4	1.5	-4.41372	-32.7301	0	0	
-30.4	6.8	1.5	19.981	-8.93594	0	0	
-30.4	9.2	1.5	-2.34661	-28.108	0	0	
-30.4	11.6	1.5	22.9193	-6.54196	0	0	
-30.4	14	1.5	21.809	0.115844	0	0	
-30.4	16.4	1.5	22.2764	-3.94956	0	0	
-30.4	18.8	1.5	20.9753	5.30967	0	0	
-30.4	21.2	1.5	21.2189	0.709334	0	0	
-30.4	23.6	1.5	21.4827	2.48965	0	0	
-30.4	26	1.5	21.5442	7.39108	0	0	
-30.4	28.4	1.5	20.3996	5.82558	0	0	
-30.4	30.8	1.5	20.3788	8.28269	0	0	
-30.4	33.2	1.5	-2.9084	-21.7369	0	0	
-30.4	35.6	1.5	18.7854	2.98867	0	0	
-30.4	38	1.5	-3.80623	-22.6524	0	0	
-30.4	40.4	1.5	-9.18775	-28.5708	0	0	
-30.4	42.8	1.5	17.4381	-0.107662	0	0	
-30.4	45.2	1.5	-6.80183	-24.5555	0	0	
-30.4	47.6	1.5	-9.05852	-23.2335	0	0	
-30.4	50	1.5	17.0846	2.73123	0	0	
-28	-70	1.5	14.9124	-7.02352	0	0	
-28	-67.6	1.5	16.2585	2.78629	0	0	
-28	-65.2	1.5	-5.53461	-17.9339	0	0	
-28	-62.8	1.5	15.9586	4.1049	0	0	
-28	-60.4	1.5	14.0424	0.381716	0	0	
-28	-58	1.5	15.6987	5.291	0	0	
-28	-55.6	1.5	-7.06631	-18.2249	0	0	
-28	-53.2	1.5	16.7561	-3.23663	0	0	
-28	-50.8	1.5	-7.98505	-20.8347	0	0	
-28	-48.4	1.5	17.0704	2.90106	0	0	
-28	-46	1.5	17.9885	1.11746	0	0	
-28	-43.6	1.5	18.0391	5.92629	0	0	
-28	-41.2	1.5	-6.88639	-24.0972	0	0	
-28	-38.8	1.5	19.7829	4.7652	0	0	
-28	-36.4	1.5	18.9349	3.20307	0	0	
-28	-34	1.5	17.3749	7.13126	0	0	
-28	-31.6	1.5	20.4543	3.81696	0	0	
-28	-29.2	1.5	20.5464	3.25481	0	0	
-28	-26.8	1.5	19.1344	-1.36123	0	0	
-28	-24.4	1.5	-5.30261	-23.6874	0	0	
-28	-22	1.5	19.8157	-6.07114	0	0	
-28	-19.6	1.5	22.2311	3.17727	0	0	
-28	-17.2	1.5	21.6496	4.46291	0	0	
-28	-14.8	1.5	22.2926	5.7164	0	0	
-28	-12.4	1.5	21.8244	3.05606	0	0	
-28	-10	1.5	23.3793	2.92162	0	0	
-28	-7.6	1.5	-3.52749	-24.7268	0	0	
-28	-5.2	1.5	20.0564	-12.5234	0	0	
-28	-2.8	1.5	23.3848	-4.76167	0	0	
-28	-0.4	1.5	23.0904	-7.19337	0	0	
-28	2	1.5	20.7637	-10.2678	0	0	
-28	4.4	1.5	23.6028	-7.05664	0	0	
-28	6.8	1.5	20.1709	-11.4874	0	0	
-28	9.2	1.5	18.9673	-7.54717	0	0	
-28	11.6	1.5	21.4038	2.00289	0	0	
-28	14	1.5	21.6517	-5.05194	0	0	
-28	16.4	1.5	20.9226	5.66726	0	0	
-28	18.8	1.5	21.304	1.67368	0	0	
-28	21.2	1.5	21.785	3.76063	0	0	
-28	23.6	1.5	21.5708	1.39413	0	0	
-28	26	1.5	20.6964	-2.44065	0	0	
-28	28.4	1.5	20.7994	5.14599	0	0	
-28	30.8	1.5	19.5432	3.91771	0	0	
-28	33.2	1.5	20.4059	1.02161	0	0	
-28	35.6	1.5	19.6438	2.44015	0	0	
-28	38	1.5	18.5386	-1.69644	0	0	
-28	40.4	1.5	20.0413	1.90942	0	0	
-28	42.8	1.5	14.3623	-1.80079	0	0	
-28	45.2	1.5	19.179	7.19734	0	0	
-28	47.6	1.5	18.6999	2.54154	0	0	
-28	50	1.5	-0.337596	-18.4417	0	0	
-25.6	-70	1.5	14.6378	-0.627894	0	0	
-25.6	-67.6	1.5	14.7915	-1.08909	0	0	
-25.6	-65.2	1.5	14.6917	-1.21478	0	0	
-25.6	-62.8	1.5	16.5015	-4.04832	0	0	
-25.6	-60.4	1.5	16.2861	-4.71465	0	0	
-25.6	-58	1.5	17.1863	-5.45907	0	0	
-25.6	-55.6	1.5	16.6323	1.9787	0	0	
-25.6	-53.2	1.5	16.2426	-3.5843	0	0	
-25.6	-50.8	1.5	17.3152	4.41786	0	0	
-25.6	-48.4	1.5	0.501774	-10.3906	0	0	
-25.6	-46	1.5	15.6595	-0.277554	0	0	
-25.6	-43.6	1.5	-0.902968	-12.029	0	0	
-25.6	-41.2	1.5	19.9449	8.04374	0	0	
-25.6	-38.8	1.5	19.8316	4.42275	0	0	
-25.6	-36.4	1.5	18.1468	0.461779	0	0	
-25.6	-34	1.5	20.3128	5.35279	0	0	
-25.6	-31.6	1.5	18.9235	4.98958	0	0	
-25.6	-29.2	1.5	-1.67275	-19.4435	0	0	
-25.6	-26.8	1.5	20.4907	2.36323	0	0	
-25.6	-24.4	1.5	20.2694	-1.13532	0	0	
-25.6	-22	1.5	16.1584	-9.41846	0	0	
-25.6	-19.6	1.5	20.9608	3.44395	0	0	
-25.6	-17.2	1.5	21.8405	2.65088	0	0	
-25.6	-14.8	1.5	23.9249	8.37091	0	0	
-25.6	-12.4	1.5	21.5975	-10.6776	0	0	
-25.6	-10	1.5	22.8614	4.34163	0	0	
-25.6	-7.6	1.5	19.9116	-3.3702	0	0	
-25.6	-5.2	1.5	22.674	-1.94773	0	0	
-25.6	-2.8	1.5	21.5911	-12.1631	0	0	
-25.6	-0.4	1.5	24.3514	-4.49981	0	0	
-25.6	2	1.5	23.3822	-5.58069	0	0	
-25.6	4.4	1.5	23.934	-6.19874	0	0	
-25.6	6.8	1.5	22.9942	-5.68455	0	0	
-25.6	9.2	1.5	19.99	-11.3752	0	0	
-25.6	11.6	1.5	21.6551	2.77628	0	0	
-25.6	14	1.5	23.9327	5.75755	0	0	
-25.6	16.4	1.5	23.6093	6.3914	0	0	
-25.6	18.8	1.5	22.6928	4.08752	0	0	
-25.6	21.2	1.5	20.5491	2.36075	0	0	
-25.6	23.6	1.5	22.2188	9.69182	0	0	
-25.6	26	1.5	19.5988	-2.2547	0	0	
-25.6	28.4	1.5	20.5532	4.23358	0	0	
-25.6	30.8	1.5	19.4322	2.98712	0	0	
-25.6	33.2	1.5	18.2156	-2.938	0	0	
-25.6	35.6	1.5	14.7504	0.0437273	0	0	
-25.6	38	1.5	18.7907	-0.316208	0	0	
-25.6	40.4	1.5	15.8228	1.4508	0	0	
-25.6	42.8	1.5	-3.42029	-17.5732	0	0	
-25.6	45.2	1.5	19.3919	4.30866	0	0	
-25.6	47.6	1.5	14.4368	-2.00868	0	0	
-25.6	50	1.5	18.6799	3.03214	0	0	
-23.2	-70	1.5	-10.4679	-25.1097	0	0	
-23.2	-67.6	1.5	11.9774	-0.804297	0	0	
-23.2	-65.2	1.5	15.1236	-7.40375	0	0	
-23.2	-62.8	1.5	15.684	1.4725	0	0	
-23.2	-60.4	1.5	17.861	4.31727	0	0	
-23.2	-58	1.5	17.1004	3.4908	0	0	
-23.2	-55.6	1.5	17.3406	-1.7583	0	0	
-23.2	-53.2	1.5	16.0306	1.81228	0	0	
-23.2	-50.8	1.5	17.0625	5.17463	0	0	
-23.2	-48.4	1.5	15.3894	3.48706	0	0	
-23.2	-46	1.5	14.1636	-0.392927	0	0	
-23.2	-43.6	1.5	-2.56332	-17.4968	0	0	
-23.2	-41.2	1.5	18.1107	0.0606865	0	0	
-23.2	-38.8	1.5	20.6952	7.07045	0	0	
-23.2	-36.4	1.5	17.2756	1.29033	0	0	
-23.2	-34	1.5	18.8118	8.93389	0	0	
-23.2	-31.6	1.5	20.7936	6.74583	0	0	
-23.2	-29.2	1.5	-0.586976	-16.6982	0	0	
-23.2	-26.8	1.5	22.0125	4.8442	0	0	
-23.2	-24.4	1.5	21.9719	4.16581	0	0	
-23.2	-22	1.5	21.9644	3.67212	0	0	
-23.2	-19.6	1.5	21.8141	3.71022	0	0	
-23.2	-17.2	1.5	24.1665	4.91847	0	0	
-23.2	-14.8	1.5	23.713	8.87799	0	0	
-23.2	-12.4	1.5	21.9647	-8.10072	0	0	
-23.2	-10	1.5	24.5664	8.59972	0	0	
-23.2	-7.6	1.5	25.0531	5.58643	0	0	
-23.2	-5.2	1.5	20.7759	-4.3837	0	0	
-23.2	-2.8	1.5	21.2098	-6.55441	0	0	
-23.2	-0.4	1.5	23.6421	-6.35705	0	0	
-23.2	2	1.5	25.603	-1.91042	0	0	
-23.2	4.4	1.5	19.3709	-10.6089	0	0	
-23.2	6.8	1.5	24.9706	-5.14276	0	0	
-23.2	9.2	1.5	25.3613	-3.61067	0	0	
-23.2	11.6	1.5	24.7983	-2.48731	0	0	
-23.2	14	1.5	21.5459	4.67495	0	0	
-23.2	16.4	1.5	23.5061	1.09671	0	0	
-23.2	18.8	1.5	21.1463	2.19919	0	0	
-23.2	21.2	1.5	21.3168	2.14054	0	0	
-23.2	23.6	1.5	21.195	9.4041	0	0	
-23.2	26	1.5	21.4553	0.123198	0	0	
-23.2	28.4	1.5	21.8874	7.6136	0	0	
-23.2	30.8	1.5	-3.03681	-21.4735	0	0	
-23.2	33.2	1.5	18.5344	-3.52388	0	0	
-23.2	35.6	1.5	18.0508	-0.08456	0	0	
-23.2	38	1.5	20.0924	3.08867	0	0	
-23.2	40.4	1.5	18.6052	2.0649	0	0	
-23.2	42.8	1.5	19.8503	2.32708	0	0	
-23.2	45.2	1.5	18.1913	2.08614	0	0	
-23.2	47.6	1.5	18.5232	4.80543	0	0	
-23.2	50	1.5	15.0459	3.77984	0	0	
-20.8	-70	1.5	14.0696	-1.39776	0	0	
-20.8	-67.6	1.5	15.7991	1.68463	0	0	
-20.8	-65.2	1.5	16.2605	2.77421	0	0	
-20.8	-62.8	1.5	-4.27856	-17.0871	0	0	
-20.8	-60.4	1.5	16.3436	4.29945	0	0	
-20.8	-58	1.5	-4.01191	-19.9099	0	0	
-20.8	-55.6	1.5	-0.336609	-13.9834	0	0	
-20.8	-53.2	1.5	18.6233	4.06727	0	0	
-20.8	-50.8	1.5	-7.25101	-21.4399	0	0	
-20.8	-48.4	1.5	18.3412	5.31951	0	0	
-20.8	-46	1.5	17.8982	4.75247	0	0	
-20.8	-43.6	1.5	19.3758	7.04571	0	0	
-20.8	-41.2	1.5	18.7848	2.0432	0	0	
-20.8	-38.8	1.5	13.9585	2.84207	0	0	
-20.8	-36.4	1.5	19.3031	-1.1124	0	0	
-20.8	-34	1.5	15.539	-2.98778	0	0	
-20.8	-31.6	1.5	19.4202	7.19117	0	0	
-20.8	-29.2	1.5	21.8562	7.15045	0	0	
-20.8	-26.8	1.5	21.786	6.53637	0	0	
-20.8	-24.4	1.5	19.2142	1.02767	0	0	
-20.8	-22	1.5	18.7436	0.438682	0	0	
-20.8	-19.6	1.5	22.2486	-0.0641406	0	0	
-20.8	-17.2	1.5	0.904436	-19.3435	0	0	
-20.8	-14.8	1.5	23.9085	4.92045	0	0	
-20.8	-12.4	1.5	20.9384	-10.126	0	0	
-20.8	-10	1.5	25.5081	8.95815	0	0	
-20.8	-7.6	1.5	24.7709	7.00716	0	0	
-20.8	-5.2	1.5	26.1659	2.79535	0	0	
-20.8	-2.8	1.5	26.5178	-0.344301	0	0	
-20.8	-0.4	1.5	25.3919	-4.36052	0	0	
-20.8	2	1.5	26.2039	-4.66979	0	0	
-20.8	4.4	1.5	26.4507	-4.70232	0	0	
-20.8	6.8	1.5	26.1163	-4.20308	0	0	
-20.8	9.2	1.5	25.5879	-3.36657	0	0	
-20.8	11.6	1.5	25.4037	7.45413	0	0	
-20.8	14	1.5	25.0039	14.3974	0	0	
-20.8	16.4	1.5	24.2452	4.48752	0	0	
-20.8	18.8	1.5	20.4373	4.33014	0	0	
-20.8	21.2	1.5	22.9552	9.5894	0	0	
-20.8	23.6	1.5	21.4969	6.74769	0	0	
-20.8	26	1.5	22.4606	3.79956	0	0	
-20.8	28.4	1.5	22.1275	4.16097	0	0	
-20.8	30.8	1.5	20.7336	-0.103774	0	0	
-20.8	33.2	1.5	20.3147	-1.76484	0	0	
-20.8	35.6	1.5	16.4409	0.784995	0	0	
-20.8	38	1.5	16.8834	1.29924	0	0	
-20.8	40.4	1.5	19.8083	3.88587	0	0	
-20.8	42.8	1.5	19.6639	3.75952	0	0	
-20.8	45.2	1.5	19.3762	0.54164	0	0	
-20.8	47.6	1.5	17.2276	3.45251	0	0	
-20.8	50	1.5	16.5757	3.65702	0	0	
-18.4	-70	1.5	14.1648	-2.29809	0	0	
-18.4	-67.6	1.5	15.8781	-5.87975	0	0	
-18.4	-65.2	1.5	15.8375	0.274614	0	0	
-18.4	-62.8	1.5	-0.872643	-19.7127	0	0	
-18.4	-60.4	1.5	16.8232	1.26917	0	0	
-18.4	-58	1.5	16.2213	0.764191	0	0	
-18.4	-55.6	1.5	17.2585	-5.17336	0	0	
-18.4	-53.2	1.5	18.8461	4.10112	0	0	
-18.4	-50.8	1.5	17.8044	-0.804767	0	0	
-18.4	-48.4	1.5	17.487	6.0412	0	0	
-18.4	-46	1.5	19.1069	5.30123	0	0	
-18.4	-43.6	1.5	18.2283	7.03085	0	0	
-18.4	-41.2	1.5	-1.468	-12.6411	0	0	
-18.4	-38.8	1.5	19.3866	6.96906	0	0	
-18.4	-36.4	1.5	19.7904	-0.672555	0	0	
-18.4	-34	1.5	18.9378	-1.87762	0	0	
-18.4	-31.6	1.5	21.7093	10.4366	0	0	
-18.4	-29.2	1.5	20.8699	4.95212	0	0	
-18.4	-26.8	1.5	20.233	3.57199	0	0	
-18.4	-24.4	1.5	20.8183	6.87161	0	0	
-18.4	-22	1.5	21.8602	5.11098	0	0	
-18.4	-19.6	1.5	21.827	3.60599	0	0	
-18.4	-17.2	1.5	23.5875	5.01812	0	0	
-18.4	-14.8	1.5	25.0053	5.48091	0	0	
-18.4	-12.4	1.5	25.187	5.59646	0	0	
-18.4	-10	1.5	26.045	7.93606	0	0	
-18.4	-7.6	1.5	26.6852	11.3913	0	0	
-18.4	-5.2	1.5	26.9937	3.16954	0	0	
-18.4	-2.8	1.5	26.2385	-0.839969	0	0	
-18.4	-0.4	1.5	27.4209	-2.01697	0	0	
-18.4	2	1.5	22.1072	-8.29859	0	0	
-18.4	4.4	1.5	27.2603	-3.26663	0	0	
-18.4	6.8	1.5	26.5104	-1.70078	0	0	
-18.4	9.2	1.5	23.7471	1.14357	0	0	
-18.4	11.6	1.5	23.573	5.40035	0	0	
-18.4	14	1.5	25.6185	8.89985	0	0	
-18.4	16.4	1.5	25.012	10.4867	0	0	
-18.4	18.8	1.5	25.0955	9.05344	0	0	
-18.4	21.2	1.5	22.7707	5.26076	0	0	
-18.4	23.6	1.5	23.5305	3.9106	0	0	
-18.4	26	1.5	22.5014	3.90252	0	0	
-18.4	28.4	1.5	22.8846	4.52018	0	0	
-18.4	30.8	1.5	21.7174	2.58538	0	0	
-18.4	33.2	1.5	19.4389	3.00216	0	0	
-18.4	35.6	1.5	20.1257	9.05285	0	0	
-18.4	38	1.5	19.8179	4.69529	0	0	
-18.4	40.4	1.5	18.8032	3.61812	0	0	
-18.4	42.8	1.5	17.5134	2.30177	0	0	
-18.4	45.2	1.5	20.8116	6.83888	0	0	
-18.4	47.6	1.5	15.824	-0.889082	0	0	
-18.4	50	1.5	18.1684	12.6274	0	0	
-16	-70	1.5	17.0441	-5.89016	0	0	
-16	-67.6	1.5	-8.95688	-29.429	0	0	
-16	-65.2	1.5	16.2873	0.490588	0	0	
-16	-62.8	1.5	16.2442	1.78555	0	0	
-16	-60.4	1.5	-4.19333	-20.2547	0	0	
-16	-58	1.5	17.2552	3.5153	0	0	
-16	-55.6	1.5	-6.63375	-20.0228	0	0	
-16	-53.2	1.5	16.9099	-3.82047	0	0	
-16	-50.8	1.5	16.9061	1.77509	0	0	
-16	-48.4	1.5	-0.14509	-16.6975	0	0	
-16	-46	1.5	18.6671	5.83083	0	0	
-16	-43.6	1.5	18.3915	2.5881	0	0	
-16	-41.2	1.5	-4.67809	-22.0256	0	0	
-16	-38.8	1.5	20.5119	7.37287	0	0	
-16	-36.4	1.5	20.6969	5.14407	0	0	
-16	-34	1.5	21.7158	8.83084	0	0	
-16	-31.6	1.5	21.9177	9.61095	0	0	
-16	-29.2	1.5	21.0656	7.40035	0	0	
-16	-26.8	1.5	20.2736	2.1624	0	0	
-16	-24.4	1.5	23.4921	9.54164	0	0	
-16	-22	1.5	21.0415	5.23926	0	0	
-16	-19.6	1.5	24.6065	7.8271	0	0	
-16	-17.2	1.5	-2.11611	-19.6303	0	0	
-16	-14.8	1.5	24.125	6.17961	0	0	
-16	-12.4	1.5	26.4484	8.82957	0	0	
-16	-10	1.5	26.7416	9.60469	0	0	
-16	-7.6	1.5	27.6502	11.143	0	0	
-16	-5.2	1.5	26.5108	6.25566	0	0	
-16	-2.8	1.5	29.1049	3.47174	0	0	
-16	-0.4	1.5	27.6226	-1.46083	0	0	
-16	2	1.5	28.3376	-2.51766	0	0	
-16	4.4	1.5	23.422	-6.02832	0	0	
-16	6.8	1.5	27.9573	0.288135	0	0	
-16	9.2	1.5	23.7941	6.68944	0	0	
-16	11.6	1.5	22.4579	-8.94405	0	0	
-16	14	1.5	26.7125	9.45553	0	0	
-16	16.4	1.5	26.1451	8.68869	0	0	
-16	18.8	1.5	25.5285	11.4983	0	0	
-16	21.2	1.5	-2.04233	-18.1902	0	0	
-16	23.6	1.5	23.2812	5.00183	0	0	
-16	26	1.5	19.7254	-3.74674	0	0	
-16	28.4	1.5	23.2448	3.74433	0	0	
-16	30.8	1.5	21.8151	2.27959	0	0	
-16	33.2	1.5	21.5698	3.26014	0	0	
-16	35.6	1.5	20.1493	8.384	0	0	
-16	38	1.5	19.2077	8.99419	0	0	
-16	40.4	1.5	20.6315	1.58508	0	0	
-16	42.8	1.5	18.4322	-0.189502	0	0	
-16	45.2	1.5	18.8549	12.2582	0	0	
-16	47.6	1.5	19.0043	5.33567	0	0	
-16	50	1.5	15.6772	-2.99279	0	0	
-13.6	-70	1.5	-5.21623	-21.538	0	0	
-13.6	-67.6	1.5	16.1529	-5.61156	0	0	
-13.6	-65.2	1.5	17.0919	0.1152	0	0	
-13.6	-62.8	1.5	15.0838	1.27864	0	0	
-13.6	-60.4	1.5	17.0753	2.8451	0	0	
-13.6	-58	1.5	17.1145	1.53187	0	0	
-13.6	-55.6	1.5	17.6376	-5.32107	0	0	
-13.6	-53.2	1.5	18.1581	5.75	0	0	
-13.6	-50.8	1.5	-2.2936	-16.6496	0	0	
-13.6	-48.4	1.5	17.9213	4.22241	0	0	
-13.6	-46	1.5	19.5553	5.5838	0	0	
-13.6	-43.6	1.5	17.2018	4.16222	0	0	
-13.6	-41.2	1.5	19.0674	-4.22189	0	0	
-13.6	-38.8	1.5	22.2451	8.75594	0	0	
-13.6	-36.4	1.5	21.3869	8.25366	0	0	
-13.6	-34	1.5	20.6195	7.21424	0	0	
-13.6	-31.6	1.5	21.5807	9.68382	0	0	
-13.6	-29.2	1.5	19.2478	2.00976	0	0	
-13.6	-26.8	1.5	23.939	12.103	0	0	
-13.6	-24.4	1.5	24.1032	11.0359	0	0	
-13.6	-22	1.5	23.9615	10.8967	0	0	
-13.6	-19.6	1.5	20.3654	3.64318	0	0	
-13.6	-17.2	1.5	24.7735	8.29859	0	0	
-13.6	-14.8	1.5	26.1292	8.51296	0	0	
-13.6	-12.4	1.5	27.36	11.0646	0	0	
-13.6	-10	1.5	27.7849	7.64806	0	0	
-13.6	-7.6	1.5	27.5995	8.96771	0	0	
-13.6	-5.2	1.5	29.553	11.6576	0	0	
-13.6	-2.8	1.5	29.184	5.99954	0	0	
-13.6	-0.4	1.5	25.1582	-3.44954	0	0	
-13.6	2	1.5	29.6348	-0.44	0	0	
-13.6	4.4	1.5	29.6247	-0.294577	0	0	
-13.6	6.8	1.5	28.6197	2.63644	0	0	
-13.6	9.2	1.5	28.9943	7.94102	0	0	
-13.6	11.6	1.5	28.2732	9.7513	0	0	
-13.6	14	1.5	27.3233	15.7699	0	0	
-13.6	16.4	1.5	26.3898	11.1448	0	0	
-13.6	18.8	1.5	24.2133	8.25546	0	0	
-13.6	21.2	1.5	23.0816	0.131229	0	0	
-13.6	23.6	1.5	24.8993	7.26247	0	0	
-13.6	26	1.5	20.6403	3.09508	0	0	
-13.6	28.4	1.5	23.0002	3.46432	0	0	
-13.6	30.8	1.5	22.7961	7.32537	0	0	
-13.6	33.2	1.5	22.3809	9.73306	0	0	
-13.6	35.6	1.5	21.6405	8.84409	0	0	
-13.6	38	1.5	19.6843	5.84705	0	0	
-13.6	40.4	1.5	21.0905	0.974004	0	0	
-13.6	42.8	1.5	13.5368	-0.966271	0	0	
-13.6	45.2	1.5	18.3524	1.76279	0	0	
-13.6	47.6	1.5	-0.122746	-14.226	0	0	
-13.6	50	1.5	18.7527	4.38603	0	0	
-11.2	-70	1.5	16.128	-5.71006	0	0	
-11.2	-67.6	1.5	-5.67296	-27.2532	0	0	
-11.2	-65.2	1.5	16.4501	0.0450319	0	0	
-11.2	-62.8	1.5	16.2516	0.445307	0	0	
-11.2	-60.4	1.5	16.3341	-0.166464	0	0	
-11.2	-58	1.5	17.396	2.18385	0	0	
-11.2	-55.6	1.5	17.3988	-1.14445	0	0	
-11.2	-53.2	1.5	18.9265	2.46997	0	0	
-11.2	-50.8	1.5	17.0103	-5.41282	0	0	
-11.2	-48.4	1.5	19.3695	3.09079	0	0	
-11.2	-46	1.5	19.2777	5.83383	0	0	
-11.2	-43.6	1.5	19.8281	3.93339	0	0	
-11.2	-41.2	1.5	18.6251	2.41943	0	0	
-11.2	-38.8	1.5	17.8438	-3.10358	0	0	
-11.2	-36.4	1.5	2.8341	-11.5577	0	0	
-11.2	-34	1.5	22.5862	5.26586	0	0	
-11.2	-31.6	1.5	22.465	8.45876	0	0	
-11.2	-29.2	1.5	22.4827	0.985065	0	0	
-11.2	-26.8	1.5	23.0895	11.6103	0	0	
-11.2	-24.4	1.5	24.8111	12.0173	0	0	
-11.2	-22	1.5	22.6444	6.97804	0	0	
-11.2	-19.6	1.5	18.3358	-2.37083	0	0	
-11.2	-17.2	1.5	26.5061	11.3438	0	0	
-11.2	-14.8	1.5	27.2436	10.9902	0	0	
-11.2	-12.4	1.5	28.2986	10.2065	0	0	
-11.2	-10	1.5	29.5175	9.72818	0	0	
-11.2	-7.6	1.5	28.9684	12.6098	0	0	
-11.2	-5.2	1.5	29.6819	12.3681	0	0	
-11.2	-2.8	1.5	26.2409	2.10674	0	0	
-11.2	-0.4	1.5	30.9817	1.91175	0	0	
-11.2	2	1.5	29.1198	-1.91938	0	0	
-11.2	4.4	1.5	30.7091	0.04463	0	0	
-11.2	6.8	1.5	29.8324	2.38535	0	0	
-11.2	9.2	1.5	29.1052	7.39795	0	0	
-11.2	11.6	1.5	28.7675	15.2904	0	0	
-11.2	14	1.5	27.4205	13.0421	0	0	
-11.2	16.4	1.5	26.3892	8.13853	0	0	
-11.2	18.8	1.5	26.5941	6.27521	0	0	
-11.2	21.2	1.5	24.6459	5.56695	0	0	
-11.2	23.6	1.5	20.8556	2.0703	0	0	
-11.2	26	1.5	23.2572	5.3544	0	0	
-11.2	28.4	1.5	23.6141	5.96459	0	0	
-11.2	30.8	1.5	19.7065	7.21489	0	0	
-11.2	33.2	1.5	20.5514	5.39953	0	0	
-11.2	35.6	1.5	21.4801	4.4893	0	0	
-11.2	38	1.5	20.4411	0.266934	0	0	
-11.2	40.4	1.5	19.0466	4.24906	0	0	
-11.2	42.8	1.5	20.2031	1.99169	0	0	
-11.2	45.2	1.5	20.0676	1.47754	0	0	
-11.2	47.6	1.5	19.5108	4.19958	0	0	
-11.2	50	1.5	15.8432	-3.96481	0	0	
-8.8	-70	1.5	-4.14771	-20.1476	0	0	
-8.8	-67.6	1.5	15.9978	-0.528097	0	0	
-8.8	-65.2	1.5	16.7613	-1.41018	0	0	
-8.8	-62.8	1.5	17.1794	1.41602	0	0	
-8.8	-60.4	1.5	16.6041	3.20671	0	0	
-8.8	-58	1.5	17.8245	-0.521187	0	0	
-8.8	-55.6	1.5	17.9359	1.12694	0	0	
-8.8	-53.2	1.5	-4.00932	-20.8785	0	0	
-8.8	-50.8	1.5	17.7378	-3.47218	0	0	
-8.8	-48.4	1.5	19.0859	4.88436	0	0	
-8.8	-46	1.5	18.7577	4.76821	0	0	
-8.8	-43.6	1.5	19.7616	4.03828	0	0	
-8.8	-41.2	1.5	21.9407	5.6865	0	0	
-8.8	-38.8	1.5	20.7656	7.85412	0	0	
-8.8	-36.4	1.5	20.4416	3.84949	0	0	
-8.8	-34	1.5	21.0499	-0.597405	0	0	
-8.8	-31.6	1.5	21.1604	6.56751	0	0	
-8.8	-29.2	1.5	19.6713	0.647942	0	0	
-8.8	-26.8	1.5	23.6273	9.06377	0	0	
-8.8	-24.4	1.5	22.7729	8.51535	0	0	
-8.8	-22	1.5	23.8186	11.8198	0	0	
-8.8	-19.6	1.5	26.2421	12.576	0	0	
-8.8	-17.2	1.5	27.1143	17.1234	0	0	
-8.8	-14.8	1.5	27.876	14.2339	0	0	
-8.8	-12.4	1.5	28.2235	9.94451	0	0	
-8.8	-10	1.5	30.1594	12.3781	0	0	
-8.8	-7.6	1.5	30.1615	10.3104	0	0	
-8.8	-5.2	1.5	30.6277	11.7102	0	0	
-8.8	-2.8	1.5	32.4519	12.7556	0	0	
-8.8	-0.4	1.5	30.1016	2.13929	0	0	
-8.8	2	1.5	29.7608	-0.701599	0	0	
-8.8	4.4	1.5	32.0115	2.75497	0	0	
-8.8	6.8	1.5	31.1992	8.26138	0	0	
-8.8	9.2	1.5	29.6097	17.6281	0	0	
-8.8	11.6	1.5	30.1656	15.4676	0	0	
-8.8	14	1.5	28.3865	12.1528	0	0	
-8.8	16.4	1.5	28.3953	9.74318	0	0	
-8.8	18.8	1.5	26.9149	8.18516	0	0	
-8.8	21.2	1.5	26.2019	7.95948	0	0	
-8.8	23.6	1.5	2.76767	-13.34	0	0	
-8.8	26	1.5	23.1616	3.85569	0	0	
-8.8	28.4	1.5	23.1368	13.1801	0	0	
-8.8	30.8	1.5	23.7392	10.4903	0	0	
-8.8	33.2	1.5	0.220458	-11.913	0	0	
-8.8	35.6	1.5	20.9183	4.05716	0	0	
-8.8	38	1.5	21.5964	7.6695	0	0	
-8.8	40.4	1.5	20.5129	7.49367	0	0	
-8.8	42.8	1.5	20.4512	6.06599	0	0	
-8.8	45.2	1.5	19.709	3.49115	0	0	
-8.8	47.6	1.5	19.5049	8.22452	0	0	
-8.8	50	1.5	17.8534	0.0225807	0	0	
-6.4	-70	1.5	15.7431	-0.548576	0	0	
-6.4	-67.6	1.5	16.5162	1.63948	0	0	
-6.4	-65.2	1.5	16.2299	-2.42592	0	0	
-6.4	-62.8	1.5	-4.02793	-21.0485	0	0	
-6.4	-60.4	1.5	13.092	-5.84599	0	0	
-6.4	-58	1.5	17.4294	-0.83448	0	0	
-6.4	-55.6	1.5	19.9946	3.28191	0	0	
-6.4	-53.2	1.5	-2.83798	-20.6595	0	0	
-6.4	-50.8	1.5	17.2159	0.440622	0	0	
-6.4	-48.4	1.5	17.2831	2.89944	0	0	
-6.4	-46	1.5	18.0966	5.84182	0	0	
-6.4	-43.6	1.5	20.7647	2.24243	0	0	
-6.4	-41.2	1.5	19.9237	4.31795	0	0	
-6.4	-38.8	1.5	21.0631	5.74252	0	0	
-6.4	-36.4	1.5	20.766	2.95571	0	0	
-6.4	-34	1.5	21.5174	7.88537	0	0	
-6.4	-31.6	1.5	23.1216	5.87598	0	0	
-6.4	-29.2	1.5	22.7494	8.94734	0	0	
-6.4	-26.8	1.5	23.7711	9.11112	0	0	
-6.4	-24.4	1.5	24.8949	8.06974	0	0	
-6.4	-22	1.5	25.5171	11.4388	0	0	
-6.4	-19.6	1.5	23.0076	2.74488	0	0	
-6.4	-17.2	1.5	26.6523	14.7231	0	0	
-6.4	-14.8	1.5	28.3335	15.9432	0	0	
-6.4	-12.4	1.5	28.5544	14.5254	0	0	
-6.4	-10	1.5	31.0368	15.4944	0	0	
-6.4	-7.6	1.5	31.2777	14.1329	0	0	
-6.4	-5.2	1.5	32.8921	16.9365	0	0	
-6.4	-2.8	1.5	33.9351	19.0001	0	0	
-6.4	-0.4	1.5	33.8917	6.00742	0	0	
-6.4	2	1.5	35.0571	4.90615	0	0	
-6.4	4.4	1.5	32.1851	4.11588	0	0	
-6.4	6.8	1.5	32.2632	11.2246	0	0	
-6.4	9.2	1.5	31.2015	16.0774	0	0	
-6.4	11.6	1.5	30.6729	13.2062	0	0	
-6.4	14	1.5	28.8292	14.3901	0	0	
-6.4	16.4	1.5	28.8445	9.39004	0	0	
-6.4	18.8	1.5	27.2488	8.36432	0	0	
-6.4	21.2	1.5	26.416	7.49849	0	0	
-6.4	23.6	1.5	24.4229	10.3591	0	0	
-6.4	26	1.5	23.779	6.06277	0	0	
-6.4	28.4	1.5	23.7515	14.9314	0	0	
-6.4	30.8	1.5	21.511	6.18232	0	0	
-6.4	33.2	1.5	22.2356	4.60459	0	0	
-6.4	35.6	1.5	20.4452	5.15226	0	0	
-6.4	38	1.5	22.0682	5.36496	0	0	
-6.4	40.4	1.5	20.862	3.86104	0	0	
-6.4	42.8	1.5	2.1885	-15.1673	0	0	
-6.4	45.2	1.5	20.3232	2.59646	0	0	
-6.4	47.6	1.5	18.8623	2.30086	0	0	
-6.4	50	1.5	18.2461	0.794834	0	0	
-4	-70	1.5	16.182	-0.334516	0	0	
-4	-67.6	1.5	-5.77087	-18.1018	0	0	
-4	-65.2	1.5	16.6706	0.44977	0	0	
-4	-62.8	1.5	15.9797	-1.0687	0	0	
-4	-60.4	1.5	16.3798	-5.4957	0	0	
-4	-58	1.5	16.9905	-0.0791244	0	0	
-4	-55.6	1.5	-0.300054	-17.4562	0	0	
-4	-53.2	1.5	0.0222877	-17.7379	0	0	
-4	-50.8	1.5	18.2132	4.29767	0	0	
-4	-48.4	1.5	18.282	-3.52926	0	0	
-4	-46	1.5	19.2932	2.01436	0	0	
-4	-43.6	1.5	16.307	-5.82723	0	0	
-4	-41.2	1.5	-0.300919	-14.7369	0	0	
-4	-38.8	1.5	21.1671	5.39359	0	0	
-4	-36.4	1.5	21.3054	-1.71843	0	0	
-4	-34	1.5	20.8806	2.61274	0	0	
-4	-31.6	1.5	22.2555	6.02971	0	0	
-4	-29.2	1.5	23.717	11.715	0	0	
-4	-26.8	1.5	25.3838	8.86444	0	0	
-4	-24.4	1.5	25.5831	10.9901	0	0	
-4	-22	1.5	25.0901	9.7182	0	0	
-4	-19.6	1.5	26.2939	12.8327	0	0	
-4	-17.2	1.5	28.3643	14.0596	0	0	
-4	-14.8	1.5	28.2774	13.8224	0	0	
-4	-12.4	1.5	31.2061	17.9958	0	0	
-4	-10	1.5	30.0609	20.3537	0	0	
-4	-7.6	1.5	32.4058	17.3503	0	0	
-4	-5.2	1.5	34.6676	17.0634	0	0	
-4	-2.8	1.5	36.0777	23.0142	0	0	
-4	-0.4	1.5	37.7634	10.5216	0	0	
-4	2	1.5	37.1424	6.98731	0	0	
-4	4.4	1.5	36.2072	12.0486	0	0	
-4	6.8	1.5	34.8512	20.8975	0	0	
-4	9.2	1.5	33.6434	16.1575	0	0	
-4	11.6	1.5	27.2088	10.7081	0	0	
-4	14	1.5	30.889	11.143	0	0	
-4	16.4	1.5	29.2527	11.5361	0	0	
-4	18.8	1.5	27.289	7.63707	0	0	
-4	21.2	1.5	26.8532	8.54221	0	0	
-4	23.6	1.5	25.0723	7.60705	0	0	
-4	26	1.5	23.7803	12.2448	0	0	
-4	28.4	1.5	23.6879	10.5021	0	0	
-4	30.8	1.5	23.9088	14.0693	0	0	
-4	33.2	1.5	23.0397	6.17168	0	0	
-4	35.6	1.5	21.1788	4.80138	0	0	
-4	38	1.5	21.0607	7.58747	0	0	
-4	40.4	1.5	21.6449	6.12327	0	0	
-4	42.8	1.5	20.3066	2.82842	0	0	
-4	45.2	1.5	20.1215	1.3281	0	0	
-4	47.6	1.5	18.6776	-2.44387	0	0	
-4	50	1.5	17.755	-1.6397	0	0	
-1.6	-70	1.5	16.1188	-2.36771	0	0	
-1.6	-67.6	1.5	16.65	5.21797	0	0	
-1.6	-65.2	1.5	16.4783	2.15607	0	0	
-1.6	-62.8	1.5	-3.81579	-20.3384	0	0	
-1.6	-60.4	1.5	16.7574	-0.5007	0	0	
-1.6	-58	1.5	17.8914	1.06595	0	0	
-1.6	-55.6	1.5	-3.25036	-21.179	0	0	
-1.6	-53.2	1.5	18.0761	2.41893	0	0	
-1.6	-50.8	1.5	19.7265	3.58402	0	0	
-1.6	-48.4	1.5	17.5519	7.00156	0	0	
-1.6	-46	1.5	1.96994	-13.8191	0	0	
-1.6	-43.6	1.5	21.0761	4.26689	0	0	
-1.6	-41.2	1.5	21.4945	4.60079	0	0	
-1.6	-38.8	1.5	20.8341	4.09043	0	0	
-1.6	-36.4	1.5	21.875	4.01853	0	0	
-1.6	-34	1.5	22.6599	6.63558	0	0	
-1.6	-31.6	1.5	23.9958	6.78651	0	0	
-1.6	-29.2	1.5	24.6645	12.5104	0	0	
-1.6	-26.8	1.5	25.6192	12.145	0	0	
-1.6	-24.4	1.5	23.2316	8.44023	0	0	
-1.6	-22	1.5	24.3783	8.66546	0	0	
-1.6	-19.6	1.5	25.5431	10.2312	0	0	
-1.6	-17.2	1.5	26.792	11.0811	0	0	
-1.6	-14.8	1.5	31.3855	17.36	0	0	
-1.6	-12.4	1.5	29.9822	14.8645	0	0	
-1.6	-10	1.5	30.8194	16.096	0	0	
-1.6	-7.6	1.5	34.4802	19.2833	0	0	
-1.6	-5.2	1.5	36.0439	22.6713	0	0	
-1.6	-2.8	1.5	37.6894	17.2071	0	0	
-1.6	-0.4	1.5	41.0868	19.8124	0	0	
-1.6	2	1.5	41.1143	10.7343	0	0	
-1.6	4.4	1.5	39.2182	25.8975	0	0	
-1.6	6.8	1.5	37.7795	20.4337	0	0	
-1.6	9.2	1.5	34.9343	18.0771	0	0	
-1.6	11.6	1.5	32.2718	15.4761	0	0	
-1.6	14	1.5	30.8967	12.7568	0	0	
-1.6	16.4	1.5	29.202	11.8107	0	0	
-1.6	18.8	1.5	29.8143	15.2618	0	0	
-1.6	21.2	1.5	27.4938	12.2434	0	0	
-1.6	23.6	1.5	27.0361	12.4622	0	0	
-1.6	26	1.5	24.5996	6.35899	0	0	
-1.6	28.4	1.5	24.4346	7.74244	0	0	
-1.6	30.8	1.5	22.6073	4.75093	0	0	
-1.6	33.2	1.5	21.5204	4.39905	0	0	
-1.6	35.6	1.5	22.2581	7.71309	0	0	
-1.6	38	1.5	20.8708	4.30797	0	0	
-1.6	40.4	1.5	20.5567	1.39534	0	0	
-1.6	42.8	1.5	20.1127	2.74451	0	0	
-1.6	45.2	1.5	22.337	5.42845	0	0	
-1.6	47.6	1.5	-0.089261	-17.9804	0	0	
-1.6	50	1.5	19.4373	3.19114	0	0	
0.8	-70	1.5	-2.07697	-20.7686	0	0	
0.8	-67.6	1.5	15.2153	-7.94815	0	0	
0.8	-65.2	1.5	16.8504	-0.40915	0	0	
0.8	-62.8	1.5	15.0928	-2.88064	0	0	
0.8	-60.4	1.5	17.4374	0.194918	0	0	
0.8	-58	1.5	-5.38346	-24.8319	0	0	
0.8	-55.6	1.5	18.0148	-1.29449	0	0	
0.8	-53.2	1.5	15.6609	-1.63486	0	0	
0.8	-50.8	1.5	18.3569	1.77613	0	0	
0.8	-48.4	1.5	18.8507	1.2623	0	0	
0.8	-46	1.5	18.8012	2.58421	0	0	
0.8	-43.6	1.5	18.9966	-4.60737	0	0	
0.8	-41.2	1.5	19.8524	2.65054	0	0	
0.8	-38.8	1.5	21.2784	3.10086	0	0	
0.8	-36.4	1.5	19.843	7.20555	0	0	
0.8	-34	1.5	20.2361	4.85374	0	0	
0.8	-31.6	1.5	23.3934	7.5279	0	0	
0.8	-29.2	1.5	21.6189	8.19963	0	0	
0.8	-26.8	1.5	24.1751	8.551	0	0	
0.8	-24.4	1.5	24.6039	10.5996	0	0	
0.8	-22	1.5	26.7715	12.1318	0	0	
0.8	-19.6	1.5	27.71	14.5393	0	0	
0.8	-17.2	1.5	28.0931	13.1946	0	0	
0.8	-14.8	1.5	28.6946	12.3593	0	0	
0.8	-12.4	1.5	31.0199	14.5942	0	0	
0.8	-10	1.5	32.8136	15.2527	0	0	
0.8	-7.6	1.5	35.7718	19.8819	0	0	
0.8	-5.2	1.5	38.252	22.8333	0	0	
0.8	-2.8	1.5	40.9397	28.194	0	0	
0.8	-0.4	1.5	47.8114	30.8352	0	0	
0.8	2	1.5	47.2766	25.1394	0	0	
0.8	4.4	1.5	41.728	25.7449	0	0	
0.8	6.8	1.5	37.0537	17.9968	0	0	
0.8	9.2	1.5	34.9254	15.5469	0	0	
0.8	11.6	1.5	33.5888	16.5542	0	0	
0.8	14	1.5	30.6024	14.9608	0	0	
0.8	16.4	1.5	28.486	17.3722	0	0	
0.8	18.8	1.5	29.1612	17.2929	0	0	
0.8	21.2	1.5	27.9369	13.4395	0	0	
0.8	23.6	1.5	25.6243	8.35173	0	0	
0.8	26	1.5	23.9085	6.55994	0	0	
0.8	28.4	1.5	26.2035	8.6979	0	0	
0.8	30.8	1.5	24.3909	6.74406	0	0	
0.8	33.2	1.5	23.1644	5.95887	0	0	
0.8	35.6	1.5	23.0544	6.97077	0	0	
0.8	38	1.5	21.2376	5.13482	0	0	
0.8	40.4	1.5	20.3361	1.44002	0	0	
0.8	42.8	1.5	20.4162	2.21359	0	0	
0.8	45.2	1.5	19.6544	2.5015	0	0	
0.8	47.6	1.5	19.0329	1.07022	0	0	
0.8	50	1.5	-1.10512	-19.4946	0	0	
3.2	-70	1.5	-6.24958	-22.9894	0	0	
3.2	-67.6	1.5	16.9642	-0.74142	0	0	
3.2	-65.2	1.5	-3.85369	-20.4815	0	0	
3.2	-62.8	1.5	17.2327	3.19771	0	0	
3.2	-60.4	1.5	-5.72083	-23.2431	0	0	
3.2	-58	1.5	16.3624	3.21506	0	0	
3.2	-55.6	1.5	18.5515	0.564387	0	0	
3.2	-53.2	1.5	-1.23382	-13.0926	0	0	
3.2	-50.8	1.5	19.7373	3.02431	0	0	
3.2	-48.4	1.5	-0.0046778	-17.4178	0	0	
3.2	-46	1.5	-1.23186	-19.4738	0	0	
3.2	-43.6	1.5	20.3625	5.54433	0	0	
3.2	-41.2	1.5	20.7282	4.85724	0	0	
3.2	-38.8	1.5	21.3996	5.1146	0	0	
3.2	-36.4	1.5	21.7232	5.82524	0	0	
3.2	-34	1.5	22.1498	5.64167	0	0	
3.2	-31.6	1.5	23.6191	5.48016	0	0	
3.2	-29.2	1.5	23.5221	11.2041	0	0	
3.2	-26.8	1.5	24.3884	9.90536	0	0	
3.2	-24.4	1.5	26.4878	10.7798	0	0	
3.2	-22	1.5	27.7553	11.4515	0	0	
3.2	-19.6	1.5	24.4722	7.51501	0	0	
3.2	-17.2	1.5	28.5865	12.2067	0	0	
3.2	-14.8	1.5	28.5237	12.1433	0	0	
3.2	-12.4	1.5	31.0671	11.348	0	0	
3.2	-10	1.5	33.1202	16.0373	0	0	
3.2	-7.6	1.5	34.8467	18.7811	0	0	
3.2	-5.2	1.5	38.0716	21.0411	0	0	
3.2	-2.8	1.5	43.8516	28.2736	0	0	
3.2	-0.4	1.5	51.1831	37.5033	0	0	
3.2	2	1.5	52.0774	33.8049	0	0	
3.2	4.4	1.5	45.5516	28.8366	0	0	
3.2	6.8	1.5	37.7885	20.966	0	0	
3.2	9.2	1.5	35.3528	17.9891	0	0	
3.2	11.6	1.5	32.6782	15.0442	0	0	
3.2	14	1.5	31.8314	19.5173	0	0	
3.2	16.4	1.5	29.3789	19.1179	0	0	
3.2	18.8	1.5	27.8704	11.2006	0	0	
3.2	21.2	1.5	28.9209	11.6708	0	0	
3.2	23.6	1.5	26.6111	9.93081	0	0	
3.2	26	1.5	23.8861	6.94213	0	0	
3.2	28.4	1.5	24.3608	6.57348	0	0	
3.2	30.8	1.5	23.9355	6.18413	0	0	
3.2	33.2	1.5	23.3533	6.46775	0	0	
3.2	35.6	1.5	22.674	4.18504	0	0	
3.2	38	1.5	20.8522	0.170236	0	0	
3.2	40.4	1.5	21.9308	3.75832	0	0	
3.2	42.8	1.5	0.90529	-14.8539	0	0	
3.2	45.2	1.5	20.78	4.48348	0	0	
3.2	47.6	1.5	18.9292	-1.98847	0	0	
3.2	50	1.5	19.4791	2.53891	0	0	
5.6	-70	1.5	16.5015	1.29327	0	0	
5.6	-67.6	1.5	16.8471	-0.165051	0	0	
5.6	-65.2	1.5	15.4786	-5.89086	0	0	
5.6	-62.8	1.5	17.9039	-0.144874	0	0	
5.6	-60.4	1.5	17.6715	4.14762	0	0	
5.6	-58	1.5	18.5114	2.57836	0	0	
5.6	-55.6	1.5	17.6555	0.319929	0	0	
5.6	-53.2	1.5	-3.30813	-18.6935	0	0	
5.6	-50.8	1.5	19.0716	0.970733	0	0	
5.6	-48.4	1.5	19.8343	2.14975	0	0	
5.6	-46	1.5	19.5725	1.30094	0	0	
5.6	-43.6	1.5	20.6505	6.32807	0	0	
5.6	-41.2	1.5	20.3308	3.95028	0	0	
5.6	-38.8	1.5	21.0372	5.24644	0	0	
5.6	-36.4	1.5	21.7622	4.16295	0	0	
5.6	-34	1.5	22.8934	6.40703	0	0	
5.6	-31.6	1.5	23.3173	6.39097	0	0	
5.6	-29.2	1.5	23.0834	5.09255	0	0	
5.6	-26.8	1.5	24.9563	7.67256	0	0	
5.6	-24.4	1.5	25.0734	8.34877	0	0	
5.6	-22	1.5	26.5517	9.5036	0	0	
5.6	-19.6	1.5	27.1908	13.3925	0	0	
5.6	-17.2	1.5	28.2811	12.2613	0	0	
5.6	-14.8	1.5	29.9343	12.9333	0	0	
5.6	-12.4	1.5	31.1771	14.4598	0	0	
5.6	-10	1.5	33.1807	16.9694	0	0	
5.6	-7.6	1.5	34.7632	20.1572	0	0	
5.6	-5.2	1.5	36.7833	24.4628	0	0	
5.6	-2.8	1.5	40.7373	24.5348	0	0	
5.6	-0.4	1.5	44.082	30.3038	0	0	
5.6	2	1.5	39.3235	11.1617	0	0	
5.6	4.4	1.5	40.766	23.1725	0	0	
5.6	6.8	1.5	35.178	15.8697	0	0	
5.6	9.2	1.5	33.2791	16.5704	0	0	
5.6	11.6	1.5	33.0832	25.5254	0	0	
5.6	14	1.5	29.5727	15.6621	0	0	
5.6	16.4	1.5	29.6926	11.7184	0	0	
5.6	18.8	1.5	29.1238	12.4788	0	0	
5.6	21.2	1.5	27.4855	12.9219	0	0	
5.6	23.6	1.5	26.1422	9.40172	0	0	
5.6	26	1.5	25.9796	8.86605	0	0	
5.6	28.4	1.5	25.1848	6.97816	0	0	
5.6	30.8	1.5	23.0612	7.09253	0	0	
5.6	33.2	1.5	23.4142	7.42714	0	0	
5.6	35.6	1.5	22.7771	5.16475	0	0	
5.6	38	1.5	19.3743	-0.186503	0	0	
5.6	40.4	1.5	22.2333	2.92065	0	0	
5.6	42.8	1.5	20.5276	4.33844	0	0	
5.6	45.2	1.5	1.39541	-19.8672	0	0	
5.6	47.6	1.5	19.2396	0.873178	0	0	
5.6	50	1.5	18.1428	0.81385	0	0	
8	-70	1.5	15.9592	-2.1827	0	0	
8	-67.6	1.5	-4.6429	-24.2978	0	0	
8	-65.2	1.5	17.3382	-2.1612	0	0	
8	-62.8	1.5	13.6515	-5.57736	0	0	
8	-60.4	1.5	17.6401	1.17834	0	0	
8	-58	1.5	-1.92743	-20.5436	0	0	
8	-55.6	1.5	19.1941	1.23835	0	0	
8	-53.2	1.5	18.5311	0.202968	0	0	
8	-50.8	1.5	20.4747	0.46552	0	0	
8	-48.4	1.5	-1.7814	-19.3422	0	0	
8	-46	1.5	19.4359	-2.40312	0	0	
8	-43.6	1.5	20.1421	0.501164	0	0	
8	-41.2	1.5	17.4	2.4847	0	0	
8	-38.8	1.5	19.2906	2.42071	0	0	
8	-36.4	1.5	21.7656	5.76833	0	0	
8	-34	1.5	23.0886	6.51878	0	0	
8	-31.6	1.5	23.3171	6.55858	0	0	
8	-29.2	1.5	23.7952	5.57022	0	0	
8	-26.8	1.5	24.5954	12.5748	0	0	
8	-24.4	1.5	26.5941	11.3843	0	0	
8	-22	1.5	26.0383	10.4	0	0	
8	-19.6	1.5	27.2976	12.4119	0	0	
8	-17.2	1.5	27.2031	7.55635	0	0	
8	-14.8	1.5	29.102	14.2929	0	0	
8	-12.4	1.5	31.3064	18.1346	0	0	
8	-10	1.5	30.8342	18.1594	0	0	
8	-7.6	1.5	34.047	19.4343	0	0	
8	-5.2	1.5	36.8012	19.8304	0	0	
8	-2.8	1.5	38.5183	21.1345	0	0	
8	-0.4	1.5	39.6201	17.1593	0	0	
8	2	1.5	41.5675	8.52672	0	0	
8	4.4	1.5	39.3306	19.1666	0	0	
8	6.8	1.5	37.3511	22.7473	0	0	
8	9.2	1.5	36.231	23.8982	0	0	
8	11.6	1.5	33.507	17.0894	0	0	
8	14	1.5	30.6373	12.1464	0	0	
8	16.4	1.5	31.3468	12.4083	0	0	
8	18.8	1.5	29.8757	12.7868	0	0	
8	21.2	1.5	28.0301	11.3845	0	0	
8	23.6	1.5	26.8047	7.52639	0	0	
8	26	1.5	26.2455	7.39362	0	0	
8	28.4	1.5	26.5319	7.98417	0	0	
8	30.8	1.5	23.158	4.70727	0	0	
8	33.2	1.5	24.8427	3.66044	0	0	
8	35.6	1.5	22.9008	7.62559	0	0	
8	38	1.5	7.88656	-11.2162	0	0	
8	40.4	1.5	21.564	2.54651	0	0	
8	42.8	1.5	20.5472	-0.48515	0	0	
8	45.2	1.5	21.4281	1.99869	0	0	
8	47.6	1.5	-1.79333	-20.9486	0	0	
8	50	1.5	20.214	5.45012	0	0	
10.4	-70	1.5	-4.73467	-21.6743	0	0	
10.4	-67.6	1.5	-5.71759	-25.3253	0	0	
10.4	-65.2	1.5	15.4688	-5.39944	0	0	
10.4	-62.8	1.5	15.702	-4.57299	0	0	
10.4	-60.4	1.5	16.8241	-0.364148	0	0	
10.4	-58	1.5	17.7798	-1.01934	0	0	
10.4	-55.6	1.5	17.8141	2.0801	0	0	
10.4	-53.2	1.5	19.1113	-1.0423	0	0	
10.4	-50.8	1.5	18.3861	-1.6464	0	0	
10.4	-48.4	1.5	1.71844	-19.2751	0	0	
10.4	-46	1.5	20.5027	-0.0724523	0	0	
10.4	-43.6	1.5	20.6341	2.78866	0	0	
10.4	-41.2	1.5	21.2352	3.14624	0	0	
10.4	-38.8	1.5	19.4748	3.01661	0	0	
10.4	-36.4	1.5	21.7962	2.51595	0	0	
10.4	-34	1.5	22.8897	8.14112	0	0	
10.4	-31.6	1.5	23.1092	6.92004	0	0	
10.4	-29.2	1.5	24.6222	10.1961	0	0	
10.4	-26.8	1.5	24.4065	11.6629	0	0	
10.4	-24.4	1.5	25.55	10.6957	0	0	
10.4	-22	1.5	28.0872	9.29348	0	0	
10.4	-19.6	1.5	27.3043	10.7831	0	0	
10.4	-17.2	1.5	26.776	8.68684	0	0	
10.4	-14.8	1.5	29.7453	16.8041	0	0	
10.4	-12.4	1.5	29.6138	17.7432	0	0	
10.4	-10	1.5	31.1897	16.4578	0	0	
10.4	-7.6	1.5	34.4347	18.9995	0	0	
10.4	-5.2	1.5	36.614	17.598	0	0	
10.4	-2.8	1.5	39.2757	17.9921	0	0	
10.4	-0.4	1.5	44.1374	22.3998	0	0	
10.4	2	1.5	50.087	17.4846	0	0	
10.4	4.4	1.5	46.027	32.2335	0	0	
10.4	6.8	1.5	40.6852	22.9515	0	0	
10.4	9.2	1.5	36.5535	16.1294	0	0	
10.4	11.6	1.5	34.1257	14.2604	0	0	
10.4	14	1.5	32.7682	11.8284	0	0	
10.4	16.4	1.5	28.3586	9.42634	0	0	
10.4	18.8	1.5	28.1242	9.64658	0	0	
10.4	21.2	1.5	27.9981	8.66193	0	0	
10.4	23.6	1.5	25.486	6.00994	0	0	
10.4	26	1.5	24.0841	5.40713	0	0	
10.4	28.4	1.5	26.3504	5.50327	0	0	
10.4	30.8	1.5	16.6513	-5.32859	0	0	
10.4	33.2	1.5	23.9399	6.71414	0	0	
10.4	35.6	1.5	21.9237	3.30124	0	0	
10.4	38	1.5	21.9271	1.30692	0	0	
10.4	40.4	1.5	21.2967	-0.0525407	0	0	
10.4	42.8	1.5	21.1723	3.14032	0	0	
10.4	45.2	1.5	19.2893	-1.55439	0	0	
10.4	47.6	1.5	20.747	0.468161	0	0	
10.4	50	1.5	18.4688	-3.08004	0	0	
12.8	-70	1.5	-4.41939	-21.5916	0	0	
12.8	-67.6	1.5	15.9989	-2.32444	0	0	
12.8	-65.2	1.5	17.4142	-3.11039	0	0	
12.8	-62.8	1.5	16.9641	0.304741	0	0	
12.8	-60.4	1.5	-0.181232	-21.7623	0	0	
12.8	-58	1.5	17.3397	-3.1668	0	0	
12.8	-55.6	1.5	17.4336	-0.0749059	0	0	
12.8	-53.2	1.5	18.2624	-2.66053	0	0	
12.8	-50.8	1.5	17.3823	-3.80648	0	0	
12.8	-48.4	1.5	18.7757	2.20872	0	0	
12.8	-46	1.5	17.8221	-1.67076	0	0	
12.8	-43.6	1.5	1.757	-13.5086	0	0	
12.8	-41.2	1.5	22.2078	5.74343	0	0	
12.8	-38.8	1.5	21.0619	4.88852	0	0	
12.8	-36.4	1.5	20.853	5.03996	0	0	
12.8	-34	1.5	21.8208	3.30706	0	0	
12.8	-31.6	1.5	23.182	4.72764	0	0	
12.8	-29.2	1.5	22.6693	6.34627	0	0	
12.8	-26.8	1.5	24.0564	6.84514	0	0	
12.8	-24.4	1.5	24.2149	8.87359	0	0	
12.8	-22	1.5	26.298	8.80329	0	0	
12.8	-19.6	1.5	26.7576	8.97544	0	0	
12.8	-17.2	1.5	27.903	15.8531	0	0	
12.8	-14.8	1.5	28.7453	13.584	0	0	
12.8	-12.4	1.5	29.1757	12.4768	0	0	
12.8	-10	1.5	31.3146	16.2064	0	0	
12.8	-7.6	1.5	34.6789	17.3264	0	0	
12.8	-5.2	1.5	36.3838	16.2907	0	0	
12.8	-2.8	1.5	41.0851	20.4701	0	0	
12.8	-0.4	1.5	46.447	24.7222	0	0	
12.8	2	1.5	57.1593	27.5994	0	0	
12.8	4.4	1.5	44.7429	24.8957	0	0	
12.8	6.8	1.5	39.351	14.0718	0	0	
12.8	9.2	1.5	37.3109	20.0009	0	0	
12.8	11.6	1.5	34.9633	14.7423	0	0	
12.8	14	1.5	32.4502	11.7201	0	0	
12.8	16.4	1.5	31.5509	9.27551	0	0	
12.8	18.8	1.5	28.8753	9.52579	0	0	
12.8	21.2	1.5	27.2478	7.03803	0	0	
12.8	23.6	1.5	27.2357	5.80945	0	0	
12.8	26	1.5	26.2481	6.09154	0	0	
12.8	28.4	1.5	25.3389	5.3882	0	0	
12.8	30.8	1.5	23.7272	4.96761	0	0	
12.8	33.2	1.5	22.8083	3.77727	0	0	
12.8	35.6	1.5	23.4396	2.49527	0	0	
12.8	38	1.5	21.9391	6.64215	0	0	
12.8	40.4	1.5	21.3543	4.99105	0	0	
12.8	42.8	1.5	21.1859	-0.973762	0	0	
12.8	45.2	1.5	0.0392863	-18.4033	0	0	
12.8	47.6	1.5	19.5407	-0.155372	0	0	
12.8	50	1.5	19.6076	5.96799	0	0	
15.2	-70	1.5	15.6324	-5.75381	0	0	
15.2	-67.6	1.5	16.6753	-4.86316	0	0	
15.2	-65.2	1.5	17.7047	1.38907	0	0	
15.2	-62.8	1.5	17.0657	-3.75254	0	0	
15.2	-60.4	1.5	-0.419544	-17.8224	0	0	
15.2	-58	1.5	17.131	2.99665	0	0	
15.2	-55.6	1.5	0.274717	-18.6442	0	0	
15.2	-53.2	1.5	18.8711	4.56184	0	0	
15.2	-50.8	1.5	19.5723	0.596784	0	0	
15.2	-48.4	1.5	19.6583	0.261598	0	0	
15.2	-46	1.5	19.7666	3.54995	0	0	
15.2	-43.6	1.5	18.9882	-0.238554	0	0	
15.2	-41.2	1.5	20.7479	0.341097	0	0	
15.2	-38.8	1.5	20.6229	8.00928	0	0	
15.2	-36.4	1.5	22.1438	4.07761	0	0	
15.2	-34	1.5	22.7434	6.46609	0	0	
15.2	-31.6	1.5	23.806	6.91913	0	0	
15.2	-29.2	1.5	23.5395	8.92036	0	0	
15.2	-26.8	1.5	23.9812	9.59861	0	0	
15.2	-24.4	1.5	25.5237	4.86592	0	0	
15.2	-22	1.5	26.3587	15.6066	0	0	
15.2	-19.6	1.5	25.8618	11.6078	0	0	
15.2	-17.2	1.5	27.339	13.6219	0	0	
15.2	-14.8	1.5	29.6189	14.3729	0	0	
15.2	-12.4	1.5	29.5474	13.6623	0	0	
15.2	-10	1.5	32.5363	13.6501	0	0	
15.2	-7.6	1.5	35.2624	20.8013	0	0	
15.2	-5.2	1.5	36.0575	21.2497	0	0	
15.2	-2.8	1.5	38.3914	19.1451	0	0	
15.2	-0.4	1.5	42.4958	28.8077	0	0	
15.2	2	1.5	44.3522	10.4581	0	0	
15.2	4.4	1.5	43.0566	21.1917	0	0	
15.2	6.8	1.5	40.0628	31.5373	0	0	
15.2	9.2	1.5	36.0237	18.1504	0	0	
15.2	11.6	1.5	33.4937	16.2764	0	0	
15.2	14	1.5	32.2602	13.1055	0	0	
15.2	16.4	1.5	28.999	10.6786	0	0	
15.2	18.8	1.5	28.9359	8.83047	0	0	
15.2	21.2	1.5	27.668	11.4477	0	0	
15.2	23.6	1.5	27.2655	7.21565	0	0	
15.2	26	1.5	26.1082	5.18955	0	0	
15.2	28.4	1.5	25.5869	6.68669	0	0	
15.2	30.8	1.5	23.4471	3.81545	0	0	
15.2	33.2	1.5	22.3274	5.51868	0	0	
15.2	35.6	1.5	21.8743	2.40253	0	0	
15.2	38	1.5	22.3466	6.62195	0	0	
15.2	40.4	1.5	21.8362	0.530834	0	0	
15.2	42.8	1.5	1.90749	-14.229	0	0	
15.2	45.2	1.5	19.9282	1.75808	0	0	
15.2	47.6	1.5	18.9407	0.829942	0	0	
15.2	50	1.5	19.9637	3.38167	0	0	
17.6	-70	1.5	15.3129	-6.00518	0	0	
17.6	-67.6	1.5	15.567	-6.15485	0	0	
17.6	-65.2	1.5	14.7962	-1.92815	0	0	
17.6	-62.8	1.5	-7.55814	-25.6898	0	0	
17.6	-60.4	1.5	17.1748	0.000471059	0	0	
17.6	-58	1.5	18.1856	2.4626	0	0	
17.6	-55.6	1.5	16.7095	-1.65687	0	0	
17.6	-53.2	1.5	19.4858	-0.171817	0	0	
17.6	-50.8	1.5	18.928	1.09114	0	0	
17.6	-48.4	1.5	18.4677	-0.352926	0	0	
17.6	-46	1.5	18.9168	5.79465	0	0	
17.6	-43.6	1.5	21.5731	8.13247	0	0	
17.6	-41.2	1.5	21.1138	4.77045	0	0	
17.6	-38.8	1.5	20.9555	1.41746	0	0	
17.6	-36.4	1.5	22.1526	5.43572	0	0	
17.6	-34	1.5	20.7736	5.97877	0	0	
17.6	-31.6	1.5	21.4113	8.9292	0	0	
17.6	-29.2	1.5	24.2378	5.41855	0	0	
17.6	-26.8	1.5	23.9928	4.55499	0	0	
17.6	-24.4	1.5	23.9849	10.4596	0	0	
17.6	-22	1.5	26.5424	11.8276	0	0	
17.6	-19.6	1.5	28.056	9.53208	0	0	
17.6	-17.2	1.5	28.6976	12.0474	0	0	
17.6	-14.8	1.5	30.0859	11.2219	0	0	
17.6	-12.4	1.5	29.9289	11.5309	0	0	
17.6	-10	1.5	32.2372	14.3166	0	0	
17.6	-7.6	1.5	34.909	18.4428	0	0	
17.6	-5.2	1.5	35.5171	21.6738	0	0	
17.6	-2.8	1.5	41.5549	23.1676	0	0	
17.6	-0.4	1.5	44.4673	28.2253	0	0	
17.6	2	1.5	44.2173	16.3191	0	0	
17.6	4.4	1.5	40.8244	28.5336	0	0	
17.6	6.8	1.5	37.3949	17.9288	0	0	
17.6	9.2	1.5	36.0203	24.3299	0	0	
17.6	11.6	1.5	32.7307	16.847	0	0	
17.6	14	1.5	30.8482	12.6928	0	0	
17.6	16.4	1.5	30.863	13.8267	0	0	
17.6	18.8	1.5	28.9271	8.49494	0	0	
17.6	21.2	1.5	28.6096	10.7517	0	0	
17.6	23.6	1.5	25.5248	5.34239	0	0	
17.6	26	1.5	25.879	12.9447	0	0	
17.6	28.4	1.5	25.3084	7.59237	0	0	
17.6	30.8	1.5	22.6077	1.97187	0	0	
17.6	33.2	1.5	23.1294	6.50586	0	0	
17.6	35.6	1.5	22.1955	0.657041	0	0	
17.6	38	1.5	21.4553	1.96223	0	0	
17.6	40.4	1.5	22.2749	1.51613	0	0	
17.6	42.8	1.5	21.3475	1.31558	0	0	
17.6	45.2	1.5	15.3635	-1.25647	0	0	
17.6	47.6	1.5	19.0682	1.00401	0	0	
17.6	50	1.5	19.8594	3.23794	0	0	
20	-70	1.5	-9.11624	-25.8338	0	0	
20	-67.6	1.5	15.8889	1.74018	0	0	
20	-65.2	1.5	17.8219	1.86968	0	0	
20	-62.8	1.5	16.7487	0.475399	0	0	
20	-60.4	1.5	18.0826	-0.765847	0	0	
20	-58	1.5	17.7511	1.40803	0	0	
20	-55.6	1.5	17.9435	-2.08322	0	0	
20	-53.2	1.5	16.5215	-1.47685	0	0	
20	-50.8	1.5	17.9707	2.40811	0	0	
20	-48.4	1.5	-2.33972	-17.5628	0	0	
20	-46	1.5	19.6866	-2.9565	0	0	
20	-43.6	1.5	19.9357	-0.25794	0	0	
20	-41.2	1.5	20.0774	0.065757	0	0	
20	-38.8	1.5	21.3047	8.73056	0	0	
20	-36.4	1.5	19.3182	-0.222744	0	0	
20	-34	1.5	23.2131	5.56316	0	0	
20	-31.6	1.5	23.2645	2.8006	0	0	
20	-29.2	1.5	23.7812	2.65545	0	0	
20	-26.8	1.5	23.4503	3.66666	0	0	
20	-24.4	1.5	26.4273	10.0718	0	0	
20	-22	1.5	26.7971	9.32641	0	0	
20	-19.6	1.5	27.8401	14.8074	0	0	
20	-17.2	1.5	29.1312	9.44735	0	0	
20	-14.8	1.5	29.6239	11.424	0	0	
20	-12.4	1.5	32.559	13.4887	0	0	
20	-10	1.5	32.5987	13.0537	0	0	
20	-7.6	1.5	35.8239	18.6432	0	0	
20	-5.2	1.5	38.7793	19.0252	0	0	
20	-2.8	1.5	43.4326	23.4761	0	0	
20	-0.4	1.5	54.6518	38.6804	0	0	
20	2	1.5	49.0189	31.1814	0	0	
20	4.4	1.5	39.9094	21.6475	0	0	
20	6.8	1.5	38.3064	18.2329	0	0	
20	9.2	1.5	35.9587	16.1585	0	0	
20	11.6	1.5	32.5531	15.5699	0	0	
20	14	1.5	31.4	20.5364	0	0	
20	16.4	1.5	30.0255	13.9516	0	0	
20	18.8	1.5	28.7088	13.9631	0	0	
20	21.2	1.5	28.8287	9.16323	0	0	
20	23.6	1.5	26.6596	7.05138	0	0	
20	26	1.5	24.1573	5.08725	0	0	
20	28.4	1.5	23.2519	5.26474	0	0	
20	30.8	1.5	4.20973	-15.0374	0	0	
20	33.2	1.5	23.0083	2.8568	0	0	
20	35.6	1.5	22.3572	4.53715	0	0	
20	38	1.5	22.4005	4.14137	0	0	
20	40.4	1.5	20.5452	1.7482	0	0	
20	42.8	1.5	20.3681	5.12924	0	0	
20	45.2	1.5	19.5411	0.501784	0	0	
20	47.6	1.5	18.3089	-0.516747	0	0	
20	50	1.5	18.1309	2.62575	0	0	
22.4	-70	1.5	16.4297	-2.56919	0	0	
22.4	-67.6	1.5	16.0723	-6.34617	0	0	
22.4	-65.2	1.5	16.5948	-6.94397	0	0	
22.4	-62.8	1.5	17.2607	0.797768	0	0	
22.4	-60.4	1.5	15.9592	-0.909843	0	0	
22.4	-58	1.5	16.8501	-0.914711	0	0	
22.4	-55.6	1.5	18.1109	3.0413	0	0	
22.4	-53.2	1.5	18.4985	1.33286	0	0	
22.4	-50.8	1.5	18.4057	-3.08552	0	0	
22.4	-48.4	1.5	3.63773	-18.5736	0	0	
22.4	-46	1.5	21.3235	4.57507	0	0	
22.4	-43.6	1.5	19.5687	5.77369	0	0	
22.4	-41.2	1.5	20.7979	6.79035	0	0	
22.4	-38.8	1.5	21.8226	2.91888	0	0	
22.4	-36.4	1.5	20.94	6.53751	0	0	
22.4	-34	1.5	23.0737	5.07613	0	0	
22.4	-31.6	1.5	22.8305	11.1236	0	0	
22.4	-29.2	1.5	23.8884	4.07878	0	0	
22.4	-26.8	1.5	23.4597	8.97699	0	0	
22.4	-24.4	1.5	25.279	4.54522	0	0	
22.4	-22	1.5	26.0186	7.14382	0	0	
22.4	-19.6	1.5	27.2808	8.34903	0	0	
22.4	-17.2	1.5	28.5282	13.6922	0	0	
22.4	-14.8	1.5	28.5906	7.76649	0	0	
22.4	-12.4	1.5	30.1484	11.9505	0	0	
22.4	-10	1.5	34.1121	21.6818	0	0	
22.4	-7.6	1.5	34.8186	15.6117	0	0	
22.4	-5.2	1.5	38.5368	20.7913	0	0	
22.4	-2.8	1.5	42.4436	29.0502	0	0	
22.4	-0.4	1.5	47.8081	29.2586	0	0	
22.4	2	1.5	45.2918	27.4208	0	0	
22.4	4.4	1.5	39.8665	19.1595	0	0	
22.4	6.8	1.5	37.2249	17.3493	0	0	
22.4	9.2	1.5	34.1223	14.5838	0	0	
22.4	11.6	1.5	33.0571	17.1019	0	0	
22.4	14	1.5	32.046	17.7396	0	0	
22.4	16.4	1.5	29.6341	18.7437	0	0	
22.4	18.8	1.5	27.928	13.038	0	0	
22.4	21.2	1.5	26.4578	11.5084	0	0	
22.4	23.6	1.5	26.2613	9.257	0	0	
22.4	26	1.5	26.6215	7.34757	0	0	
22.4	28.4	1.5	24.7441	5.44963	0	0	
22.4	30.8	1.5	20.3733	4.2925	0	0	
22.4	33.2	1.5	23.5614	4.31272	0	0	
22.4	35.6	1.5	22.3705	6.41223	0	0	
22.4	38	1.5	21.7644	2.54648	0	0	
22.4	40.4	1.5	19.7837	-0.686861	0	0	
22.4	42.8	1.5	20.3059	1.32442	0	0	
22.4	45.2	1.5	23.9329	3.35125	0	0	
22.4	47.6	1.5	19.4014	-1.79209	0	0	
22.4	50	1.5	20.0352	3.53249	0	0	
24.8	-70	1.5	13.6334	-9.30698	0	0	
24.8	-67.6	1.5	15.6678	1.01088	0	0	
24.8	-65.2	1.5	-5.02204	-19.783	0	0	
24.8	-62.8	1.5	-7.29916	-19.8384	0	0	
24.8	-60.4	1.5	16.5539	1.45327	0	0	
24.8	-58	1.5	16.3788	-5.08778	0	0	
24.8	-55.6	1.5	-1.67591	-15.7479	0	0	
24.8	-53.2	1.5	18.5621	-1.28135	0	0	
24.8	-50.8	1.5	18.275	5.16968	0	0	
24.8	-48.4	1.5	19.0426	-3.24577	0	0	
24.8	-46	1.5	18.0621	-4.18615	0	0	
24.8	-43.6	1.5	20.3568	2.66873	0	0	
24.8	-41.2	1.5	19.8442	0.516895	0	0	
24.8	-38.8	1.5	20.5544	1.50964	0	0	
24.8	-36.4	1.5	23.5869	2.09749	0	0	
24.8	-34	1.5	22.4239	2.15503	0	0	
24.8	-31.6	1.5	22.0977	7.91766	0	0	
24.8	-29.2	1.5	23.6331	5.90093	0	0	
24.8	-26.8	1.5	23.8223	3.45073	0	0	
24.8	-24.4	1.5	26.1641	11.0822	0	0	
24.8	-22	1.5	25.8884	7.02496	0	0	
24.8	-19.6	1.5	28.0107	10.2584	0	0	
24.8	-17.2	1.5	30.5232	14.9401	0	0	
24.8	-14.8	1.5	29.2387	12.0036	0	0	
24.8	-12.4	1.5	31.5476	13.1372	0	0	
24.8	-10	1.5	32.78	15.9416	0	0	
24.8	-7.6	1.5	36.0906	17.4166	0	0	
24.8	-5.2	1.5	36.9745	24.846	0	0	
24.8	-2.8	1.5	39.3829	20.3029	0	0	
24.8	-0.4	1.5	41.5295	19.9899	0	0	
24.8	2	1.5	40.9268	11.2485	0	0	
24.8	4.4	1.5	38.6463	24.2252	0	0	
24.8	6.8	1.5	37.0978	20.6449	0	0	
24.8	9.2	1.5	30.2388	10.2425	0	0	
24.8	11.6	1.5	32.4713	16.6632	0	0	
24.8	14	1.5	30.1941	10.6206	0	0	
24.8	16.4	1.5	29.1001	13.7617	0	0	
24.8	18.8	1.5	29.3193	17.4933	0	0	
24.8	21.2	1.5	27.4807	15.2713	0	0	
24.8	23.6	1.5	27.0432	12.7927	0	0	
24.8	26	1.5	25.2769	10.5402	0	0	
24.8	28.4	1.5	23.6679	5.22731	0	0	
24.8	30.8	1.5	23.5848	5.49378	0	0	
24.8	33.2	1.5	22.9322	3.84458	0	0	
24.8	35.6	1.5	22.7196	5.34414	0	0	
24.8	38	1.5	21.1754	3.00079	0	0	
24.8	40.4	1.5	21.6477	1.51635	0	0	
24.8	42.8	1.5	19.5169	1.86666	0	0	
24.8	45.2	1.5	20.441	1.06255	0	0	
24.8	47.6	1.5	20.2109	1.4957	0	0	
24.8	50	1.5	21.1784	1.33753	0	0	
27.2	-70	1.5	-5.46704	-20.1611	0	0	
27.2	-67.6	1.5	-3.34735	-20.1889	0	0	
27.2	-65.2	1.5	16.0012	2.90248	0	0	
27.2	-62.8	1.5	17.359	3.23452	0	0	
27.2	-60.4	1.5	-5.39	-18.9502	0	0	
27.2	-58	1.5	-3.16997	-15.1957	0	0	
27.2	-55.6	1.5	18.2785	1.95377	0	0	
27.2	-53.2	1.5	17.9393	4.55018	0	0	
27.2	-50.8	1.5	18.8298	-1.94498	0	0	
27.2	-48.4	1.5	19.184	5.76677	0	0	
27.2	-46	1.5	18.6653	5.98362	0	0	
27.2	-43.6	1.5	19.4971	-2.63376	0	0	
27.2	-41.2	1.5	18.7234	-3.32513	0	0	
27.2	-38.8	1.5	21.0137	2.86696	0	0	
27.2	-36.4	1.5	20.8985	7.26746	0	0	
27.2	-34	1.5	22.4869	5.8207	0	0	
27.2	-31.6	1.5	23.2701	6.97471	0	0	
27.2	-29.2	1.5	23.8515	6.90503	0	0	
27.2	-26.8	1.5	25.1874	6.02952	0	0	
27.2	-24.4	1.5	25.663	7.80392	0	0	
27.2	-22	1.5	25.4309	14.4669	0	0	
27.2	-19.6	1.5	25.902	9.4539	0	0	
27.2	-17.2	1.5	27.8606	8.65699	0	0	
27.2	-14.8	1.5	27.8798	11.5646	0	0	
27.2	-12.4	1.5	30.2806	14.7659	0	0	
27.2	-10	1.5	32.1972	15.4854	0	0	
27.2	-7.6	1.5	31.5686	19.2141	0	0	
27.2	-5.2	1.5	34.5126	17.1796	0	0	
27.2	-2.8	1.5	35.7935	16.9026	0	0	
27.2	-0.4	1.5	35.6068	10.0168	0	0	
27.2	2	1.5	37.5857	5.17073	0	0	
27.2	4.4	1.5	33.564	6.26311	0	0	
27.2	6.8	1.5	34.9844	17.7005	0	0	
27.2	9.2	1.5	32.9318	17.0509	0	0	
27.2	11.6	1.5	31.6003	11.46	0	0	
27.2	14	1.5	30.4409	10.986	0	0	
27.2	16.4	1.5	29.326	8.65365	0	0	
27.2	18.8	1.5	27.265	11.553	0	0	
27.2	21.2	1.5	25.6895	13.0208	0	0	
27.2	23.6	1.5	25.0145	16.6875	0	0	
27.2	26	1.5	24.4046	5.40562	0	0	
27.2	28.4	1.5	24.631	6.28254	0	0	
27.2	30.8	1.5	22.6733	6.79315	0	0	
27.2	33.2	1.5	21.4798	5.0679	0	0	
27.2	35.6	1.5	21.5484	1.50955	0	0	
27.2	38	1.5	21.2337	1.67629	0	0	
27.2	40.4	1.5	22.0012	3.54369	0	0	
27.2	42.8	1.5	20.4986	1.33317	0	0	
27.2	45.2	1.5	20.4987	0.295837	0	0	
27.2	47.6	1.5	19.2268	0.250376	0	0	
27.2	50	1.5	19.049	-1.09135	0	0	
29.6	-70	1.5	14.8659	-5.18042	0	0	
29.6	-67.6	1.5	15.826	-6.66804	0	0	
29.6	-65.2	1.5	16.4543	2.58295	0	0	
29.6	-62.8	1.5	-6.30929	-18.5452	0	0	
29.6	-60.4	1.5	16.5375	-3.35938	0	0	
29.6	-58	1.5	17.9053	7.31255	0	0	
29.6	-55.6	1.5	17.1565	-5.13007	0	0	
29.6	-53.2	1.5	18.8749	-0.332563	0	0	
29.6	-50.8	1.5	-3.72643	-20.3045	0	0	
29.6	-48.4	1.5	20.1568	2.13678	0	0	
29.6	-46	1.5	19.1746	5.67845	0	0	
29.6	-43.6	1.5	20.025	7.04484	0	0	
29.6	-41.2	1.5	20.749	5.98225	0	0	
29.6	-38.8	1.5	-0.402281	-17.1771	0	0	
29.6	-36.4	1.5	20.5213	-1.45074	0	0	
29.6	-34	1.5	22.9502	5.83555	0	0	
29.6	-31.6	1.5	21.229	1.87218	0	0	
29.6	-29.2	1.5	23.5337	8.68289	0	0	
29.6	-26.8	1.5	22.5419	6.67331	0	0	
29.6	-24.4	1.5	23.8757	5.83867	0	0	
29.6	-22	1.5	25.9465	8.05083	0	0	
29.6	-19.6	1.5	24.9477	8.14008	0	0	
29.6	-17.2	1.5	26.9917	12.6421	0	0	
29.6	-14.8	1.5	28.7854	15.6635	0	0	
29.6	-12.4	1.5	29.8601	19.899	0	0	
29.6	-10	1.5	27.3148	12.8319	0	0	
29.6	-7.6	1.5	31.6675	14.7492	0	0	
29.6	-5.2	1.5	32.6724	14.4079	0	0	
29.6	-2.8	1.5	34.7368	16.2952	0	0	
29.6	-0.4	1.5	34.4921	6.79012	0	0	
29.6	2	1.5	33.8474	1.99352	0	0	
29.6	4.4	1.5	31.8183	2.62515	0	0	
29.6	6.8	1.5	33.0478	12.1893	0	0	
29.6	9.2	1.5	31.8002	17.5761	0	0	
29.6	11.6	1.5	31.2658	14.063	0	0	
29.6	14	1.5	29.5	11.0339	0	0	
29.6	16.4	1.5	27.1565	7.68553	0	0	
29.6	18.8	1.5	26.434	13.688	0	0	
29.6	21.2	1.5	24.1184	5.84068	0	0	
29.6	23.6	1.5	25.9734	11.9076	0	0	
29.6	26	1.5	21.5428	12.0804	0	0	
29.6	28.4	1.5	23.0021	13.3518	0	0	
29.6	30.8	1.5	23.3962	12.7705	0	0	
29.6	33.2	1.5	22.4916	2.61149	0	0	
29.6	35.6	1.5	22.3245	5.51689	0	0	
29.6	38	1.5	22.8232	1.76415	0	0	
29.6	40.4	1.5	20.8494	1.45188	0	0	
29.6	42.8	1.5	-0.982205	-18.9788	0	0	
29.6	45.2	1.5	19.2589	0.846844	0	0	
29.6	47.6	1.5	16.9966	-3.23607	0	0	
29.6	50	1.5	19.11	-0.943348	0	0	
32	-70	1.5	13.7826	-6.32548	0	0	
32	-67.6	1.5	-5.31048	-23.0894	0	0	
32	-65.2	1.5	-7.69756	-21.3466	0	0	
32	-62.8	1.5	16.6327	4.77918	0	0	
32	-60.4	1.5	16.4681	3.83662	0	0	
32	-58	1.5	17.6157	4.41129	0	0	
32	-55.6	1.5	19.8827	1.8872	0	0	
32	-53.2	1.5	17.3499	5.19833	0	0	
32	-50.8	1.5	0.187739	-16.7806	0	0	
32	-48.4	1.5	19.958	0.962505	0	0	
32	-46	1.5	17.8944	4.42974	0	0	
32	-43.6	1.5	19.4012	5.98421	0	0	
32	-41.2	1.5	20.6821	1.60104	0	0	
32	-38.8	1.5	21.8221	5.50687	0	0	
32	-36.4	1.5	4.33324	-15.4265	0	0	
32	-34	1.5	20.2079	5.99907	0	0	
32	-31.6	1.5	19.9432	-1.84297	0	0	
32	-29.2	1.5	21.8816	-0.23461	0	0	
32	-26.8	1.5	23.8097	6.03424	0	0	
32	-24.4	1.5	24.1755	7.69281	0	0	
32	-22	1.5	23.5432	6.45302	0	0	
32	-19.6	1.5	26.2132	12.9284	0	0	
32	-17.2	1.5	27.4777	14.1312	0	0	
32	-14.8	1.5	28.2941	16.9883	0	0	
32	-12.4	1.5	26.5078	13.2953	0	0	
32	-10	1.5	29.2955	11.9366	0	0	
32	-7.6	1.5	31.6481	14.0386	0	0	
32	-5.2	1.5	32.2141	12.9183	0	0	
32	-2.8	1.5	31.9217	13.0149	0	0	
32	-0.4	1.5	32.6274	6.33656	0	0	
32	2	1.5	32.0781	1.36328	0	0	
32	4.4	1.5	31.9498	1.44349	0	0	
32	6.8	1.5	31.1792	5.95802	0	0	
32	9.2	1.5	29.2433	14.5567	0	0	
32	11.6	1.5	29.9842	10.3067	0	0	
32	14	1.5	25.5944	10.2755	0	0	
32	16.4	1.5	28.1673	9.19843	0	0	
32	18.8	1.5	27.4427	10.3682	0	0	
32	21.2	1.5	26.3474	7.55304	0	0	
32	23.6	1.5	25.5835	6.80693	0	0	
32	26	1.5	21.6023	8.25475	0	0	
32	28.4	1.5	23.3748	13.3774	0	0	
32	30.8	1.5	23.6119	13.5106	0	0	
32	33.2	1.5	23.023	8.70105	0	0	
32	35.6	1.5	21.9345	9.54563	0	0	
32	38	1.5	20.5839	-0.498985	0	0	
32	40.4	1.5	19.3985	0.820559	0	0	
32	42.8	1.5	18.7076	0.29544	0	0	
32	45.2	1.5	20.8343	2.36076	0	0	
32	47.6	1.5	17.8657	-0.569311	0	0	
32	50	1.5	18.4234	-1.46445	0	0	
34.4	-70	1.5	15.5454	2.71759	0	0	
34.4	-67.6	1.5	-5.93103	-18.9399	0	0	
34.4	-65.2	1.5	16.9266	-1.88015	0	0	
34.4	-62.8	1.5	16.3548	-2.43425	0	0	
34.4	-60.4	1.5	16.5519	-3.61969	0	0	
34.4	-58	1.5	17.5207	3.92192	0	0	
34.4	-55.6	1.5	17.3754	4.91894	0	0	
34.4	-53.2	1.5	16.7932	-1.37522	0	0	
34.4	-50.8	1.5	13.5657	4.07342	0	0	
34.4	-48.4	1.5	19.093	3.41953	0	0	
34.4	-46	1.5	19.1153	1.35712	0	0	
34.4	-43.6	1.5	18.7646	4.36672	0	0	
34.4	-41.2	1.5	3.11911	-14.5143	0	0	
34.4	-38.8	1.5	21.9899	8.26811	0	0	
34.4	-36.4	1.5	21.9959	3.53734	0	0	
34.4	-34	1.5	21.4189	5.47078	0	0	
34.4	-31.6	1.5	20.1129	2.85892	0	0	
34.4	-29.2	1.5	23.311	7.14077	0	0	
34.4	-26.8	1.5	23.2048	6.6724	0	0	
34.4	-24.4	1.5	24.3231	12.7517	0	0	
34.4	-22	1.5	25.0172	11.9899	0	0	
34.4	-19.6	1.5	25.7111	12.5125	0	0	
34.4	-17.2	1.5	26.7383	13.3115	0	0	
34.4	-14.8	1.5	26.588	12.4216	0	0	
34.4	-12.4	1.5	26.7666	8.76153	0	0	
34.4	-10	1.5	29.3133	9.90917	0	0	
34.4	-7.6	1.5	29.3735	9.93833	0	0	
34.4	-5.2	1.5	30.1086	11.6911	0	0	
34.4	-2.8	1.5	29.0137	8.90859	0	0	
34.4	-0.4	1.5	31.1582	2.49776	0	0	
34.4	2	1.5	30.6297	-0.682486	0	0	
34.4	4.4	1.5	29.5583	-0.262941	0	0	
34.4	6.8	1.5	29.8342	3.78992	0	0	
34.4	9.2	1.5	29.9405	13.24	0	0	
34.4	11.6	1.5	28.9503	9.42381	0	0	
34.4	14	1.5	28.31	15.7949	0	0	
34.4	16.4	1.5	-1.52103	-19.9888	0	0	
34.4	18.8	1.5	26.0754	7.91287	0	0	
34.4	21.2	1.5	25.331	7.13162	0	0	
34.4	23.6	1.5	23.7562	5.47615	0	0	
34.4	26	1.5	22.0014	6.16664	0	0	
34.4	28.4	1.5	23.9251	3.86039	0	0	
34.4	30.8	1.5	23.6431	13.7559	0	0	
34.4	33.2	1.5	21.8779	11.41	0	0	
34.4	35.6	1.5	21.5357	11.7004	0	0	
34.4	38	1.5	18.41	2.16372	0	0	
34.4	40.4	1.5	21.8121	10.0231	0	0	
34.4	42.8	1.5	-0.0138217	-17.1898	0	0	
34.4	45.2	1.5	18.2894	1.73092	0	0	
34.4	47.6	1.5	-0.217748	-19.9892	0	0	
34.4	50	1.5	18.4495	-2.17192	0	0	
36.8	-70	1.5	16.0907	2.22191	0	0	
36.8	-67.6	1.5	-7.32485	-23.4453	0	0	
36.8	-65.2	1.5	16.1698	-5.69614	0	0	
36.8	-62.8	1.5	-2.51313	-16.1689	0	0	
36.8	-60.4	1.5	17.3491	3.13716	0	0	
36.8	-58	1.5	17.1254	-5.094	0	0	
36.8	-55.6	1.5	16.1757	4.03175	0	0	
36.8	-53.2	1.5	17.2061	-2.67435	0	0	
36.8	-50.8	1.5	15.7293	-7.30224	0	0	
36.8	-48.4	1.5	17.7913	5.07228	0	0	
36.8	-46	1.5	18.42	-3.70078	0	0	
36.8	-43.6	1.5	16.8871	3.12629	0	0	
36.8	-41.2	1.5	21.073	5.94448	0	0	
36.8	-38.8	1.5	19.9372	2.59045	0	0	
36.8	-36.4	1.5	0.495252	-16.5093	0	0	
36.8	-34	1.5	20.9155	0.056139	0	0	
36.8	-31.6	1.5	22.1658	3.60985	0	0	
36.8	-29.2	1.5	22.4432	7.2772	0	0	
36.8	-26.8	1.5	22.0825	7.78584	0	0	
36.8	-24.4	1.5	23.9215	11.5761	0	0	
36.8	-22	1.5	23.0797	13.7268	0	0	
36.8	-19.6	1.5	26.0244	7.2237	0	0	
36.8	-17.2	1.5	23.4922	5.80624	0	0	
36.8	-14.8	1.5	25.2902	6.93495	0	0	
36.8	-12.4	1.5	26.423	8.9268	0	0	
36.8	-10	1.5	28.0129	10.333	0	0	
36.8	-7.6	1.5	28.3824	7.4599	0	0	
36.8	-5.2	1.5	27.7748	9.82833	0	0	
36.8	-2.8	1.5	29.576	6.69212	0	0	
36.8	-0.4	1.5	27.7088	-1.93588	0	0	
36.8	2	1.5	30.0807	-1.31938	0	0	
36.8	4.4	1.5	29.0982	-2.11143	0	0	
36.8	6.8	1.5	28.7268	0.373102	0	0	
36.8	9.2	1.5	27.1615	0.493658	0	0	
36.8	11.6	1.5	28.3894	4.67374	0	0	
36.8	14	1.5	27.1895	8.76201	0	0	
36.8	16.4	1.5	21.6628	10.2255	0	0	
36.8	18.8	1.5	23.5802	8.05264	0	0	
36.8	21.2	1.5	23.2939	1.476	0	0	
36.8	23.6	1.5	23.2658	5.03312	0	0	
36.8	26	1.5	23.1831	3.82143	0	0	
36.8	28.4	1.5	22.1319	6.87728	0	0	
36.8	30.8	1.5	22.3352	7.30822	0	0	
36.8	33.2	1.5	21.8088	6.5269	0	0	
36.8	35.6	1.5	22.6023	8.10414	0	0	
36.8	38	1.5	21.4499	8.089	0	0	
36.8	40.4	1.5	20.1167	8.20805	0	0	
36.8	42.8	1.5	19.5585	6.55151	0	0	
36.8	45.2	1.5	16.5288	-1.7211	0	0	
36.8	47.6	1.5	16.4114	-3.35731	0	0	
36.8	50	1.5	18.3892	-0.780157	0	0	
39.2	-70	1.5	15.272	-5.67497	0	0	
39.2	-67.6	1.5	14.4788	-8.50115	0	0	
39.2	-65.2	1.5	15.4851	3.55114	0	0	
39.2	-62.8	1.5	15.0033	0.0492064	0	0	
39.2	-60.4	1.5	17.0598	-1.45648	0	0	
39.2	-58	1.5	-3.60716	-20.6256	0	0	
39.2	-55.6	1.5	15.4175	-6.92401	0	0	
39.2	-53.2	1.5	-5.17207	-17.8394	0	0	
39.2	-50.8	1.5	18.578	0.69528	0	0	
39.2	-48.4	1.5	-1.86664	-21.8979	0	0	
39.2	-46	1.5	18.1335	1.17357	0	0	
39.2	-43.6	1.5	20.3355	3.27993	0	0	
39.2	-41.2	1.5	19.5903	6.00151	0	0	
39.2	-38.8	1.5	20.4151	2.60451	0	0	
39.2	-36.4	1.5	20.3266	4.04297	0	0	
39.2	-34	1.5	19.8506	-0.399923	0	0	
39.2	-31.6	1.5	21.8269	3.39945	0	0	
39.2	-29.2	1.5	22.3425	7.30747	0	0	
39.2	-26.8	1.5	11.623	0.622549	0	0	
39.2	-24.4	1.5	22.1436	10.3619	0	0	
39.2	-22	1.5	-1.57414	-18.1255	0	0	
39.2	-19.6	1.5	24.395	9.00208	0	0	
39.2	-17.2	1.5	24.987	7.44706	0	0	
39.2	-14.8	1.5	21.9418	3.97166	0	0	
39.2	-12.4	1.5	24.1991	5.79592	0	0	
39.2	-10	1.5	25.8456	5.86705	0	0	
39.2	-7.6	1.5	27.0925	9.98211	0	0	
39.2	-5.2	1.5	28.2	8.6373	0	0	
39.2	-2.8	1.5	28.0891	3.76597	0	0	
39.2	-0.4	1.5	27.787	-0.715194	0	0	
39.2	2	1.5	27.1817	-4.06745	0	0	
39.2	4.4	1.5	25.2141	-1.90396	0	0	
39.2	6.8	1.5	27.9503	-0.53928	0	0	
39.2	9.2	1.5	25.3735	-3.1992	0	0	
39.2	11.6	1.5	24.0098	10.8166	0	0	
39.2	14	1.5	25.8052	5.88274	0	0	
39.2	16.4	1.5	25.2015	8.32674	0	0	
39.2	18.8	1.5	25.0321	10.8366	0	0	
39.2	21.2	1.5	25.307	10.3614	0	0	
39.2	23.6	1.5	22.1506	6.4305	0	0	
39.2	26	1.5	23.5215	7.50398	0	0	
39.2	28.4	1.5	23.2296	4.93201	0	0	
39.2	30.8	1.5	21.4223	6.40253	0	0	
39.2	33.2	1.5	20.861	4.3257	0	0	
39.2	35.6	1.5	18.7406	9.71609	0	0	
39.2	38	1.5	20.3215	8.73451	0	0	
39.2	40.4	1.5	20.5746	3.16663	0	0	
39.2	42.8	1.5	19.3363	9.94434	0	0	
39.2	45.2	1.5	18.3271	4.61638	0	0	
39.2	47.6	1.5	19.4798	6.73372	0	0	
39.2	50	1.5	0.34619	-20.5912	0	0	
41.6	-70	1.5	-4.82393	-22.3186	0	0	
41.6	-67.6	1.5	-8.22972	-24.9745	0	0	
41.6	-65.2	1.5	16.784	0.706616	0	0	
41.6	-62.8	1.5	14.8722	-7.6182	0	0	
41.6	-60.4	1.5	16.698	1.21223	0	0	
41.6	-58	1.5	-4.36021	-23.4978	0	0	
41.6	-55.6	1.5	18.2699	0.521598	0	0	
41.6	-53.2	1.5	17.2096	-5.50072	0	0	
41.6	-50.8	1.5	17.8319	-3.03868	0	0	
41.6	-48.4	1.5	-2.87741	-19.3474	0	0	
41.6	-46	1.5	18.0291	-3.31575	0	0	
41.6	-43.6	1.5	19.0833	1.65622	0	0	
41.6	-41.2	1.5	18.2042	3.02647	0	0	
41.6	-38.8	1.5	20.1856	3.33852	0	0	
41.6	-36.4	1.5	20.383	8.30962	0	0	
41.6	-34	1.5	19.533	5.34202	0	0	
41.6	-31.6	1.5	22.2597	8.97779	0	0	
41.6	-29.2	1.5	22.4464	11.218	0	0	
41.6	-26.8	1.5	21.1425	8.50939	0	0	
41.6	-24.4	1.5	22.9432	11.4914	0	0	
41.6	-22	1.5	23.9444	11.2605	0	0	
41.6	-19.6	1.5	22.0931	7.65405	0	0	
41.6	-17.2	1.5	24.8464	7.55246	0	0	
41.6	-14.8	1.5	25.4357	5.52686	0	0	
41.6	-12.4	1.5	23.1593	-5.2115	0	0	
41.6	-10	1.5	26.2246	5.85163	0	0	
41.6	-7.6	1.5	26.1815	10.4084	0	0	
41.6	-5.2	1.5	24.8852	4.38395	0	0	
41.6	-2.8	1.5	24.2776	-1.01441	0	0	
41.6	-0.4	1.5	26.3046	-3.5803	0	0	
41.6	2	1.5	23.9223	-8.96161	0	0	
41.6	4.4	1.5	27.1458	-4.46354	0	0	
41.6	6.8	1.5	26.7774	-4.23431	0	0	
41.6	9.2	1.5	25.6902	-0.116731	0	0	
41.6	11.6	1.5	25.1489	7.72678	0	0	
41.6	14	1.5	25.5675	8.0058	0	0	
41.6	16.4	1.5	25.2585	6.87361	0	0	
41.6	18.8	1.5	23.7142	9.65057	0	0	
41.6	21.2	1.5	22.5217	0.242863	0	0	
41.6	23.6	1.5	22.3315	8.43592	0	0	
41.6	26	1.5	23.1569	7.93164	0	0	
41.6	28.4	1.5	22.0538	4.35692	0	0	
41.6	30.8	1.5	22.2424	2.98984	0	0	
41.6	33.2	1.5	21.1121	2.21269	0	0	
41.6	35.6	1.5	19.9326	6.62394	0	0	
41.6	38	1.5	20.3035	6.50081	0	0	
41.6	40.4	1.5	18.7168	3.79085	0	0	
41.6	42.8	1.5	17.9283	6.90491	0	0	
41.6	45.2	1.5	0.364449	-17.9707	0	0	
41.6	47.6	1.5	18.6062	2.26682	0	0	
41.6	50	1.5	17.9013	0.791283	0	0	
44	-70	1.5	15.3109	4.87993	0	0	
44	-67.6	1.5	15.3526	1.20244	0	0	
44	-65.2	1.5	14.9402	-6.92442	0	0	
44	-62.8	1.5	16.4024	-1.7638	0	0	
44	-60.4	1.5	15.6655	2.32204	0	0	
44	-58	1.5	16.9359	-0.0887536	0	0	
44	-55.6	1.5	20.5587	6.29659	0	0	
44	-53.2	1.5	17.2699	3.06888	0	0	
44	-50.8	1.5	18.4724	2.49684	0	0	
44	-48.4	1.5	16.8563	3.0813	0	0	
44	-46	1.5	17.2931	6.22596	0	0	
44	-43.6	1.5	17.0983	-4.34032	0	0	
44	-41.2	1.5	16.7975	-1.75394	0	0	
44	-38.8	1.5	19.1038	5.0015	0	0	
44	-36.4	1.5	18.6017	0.547897	0	0	
44	-34	1.5	-0.70956	-12.4656	0	0	
44	-31.6	1.5	18.7677	2.55231	0	0	
44	-29.2	1.5	21.6491	7.99915	0	0	
44	-26.8	1.5	21.8404	8.23326	0	0	
44	-24.4	1.5	22.2251	8.22955	0	0	
44	-22	1.5	22.9642	2.63393	0	0	
44	-19.6	1.5	23.4123	7.74661	0	0	
44	-17.2	1.5	24.1524	4.22408	0	0	
44	-14.8	1.5	22.6671	-5.38283	0	0	
44	-12.4	1.5	21.3211	1.72922	0	0	
44	-10	1.5	24.8173	6.90201	0	0	
44	-7.6	1.5	25.2746	9.76352	0	0	
44	-5.2	1.5	25.807	4.21946	0	0	
44	-2.8	1.5	22.8239	-5.51531	0	0	
44	-0.4	1.5	-2.58306	-32.0203	0	0	
44	2	1.5	25.0531	-5.95494	0	0	
44	4.4	1.5	25.6556	-4.7568	0	0	
44	6.8	1.5	25.7517	-4.13571	0	0	
44	9.2	1.5	20.5449	-9.5239	0	0	
44	11.6	1.5	24.567	7.70941	0	0	
44	14	1.5	24.7957	7.29227	0	0	
44	16.4	1.5	24.1508	-0.326921	0	0	
44	18.8	1.5	23.3134	3.06112	0	0	
44	21.2	1.5	22.9158	5.44804	0	0	
44	23.6	1.5	23.1754	5.979	0	0	
44	26	1.5	23.0382	9.9974	0	0	
44	28.4	1.5	21.6636	2.92813	0	0	
44	30.8	1.5	17.7767	-2.1179	0	0	
44	33.2	1.5	19.7616	2.3152	0	0	
44	35.6	1.5	22.0261	4.83866	0	0	
44	38	1.5	21.168	4.41021	0	0	
44	40.4	1.5	18.8568	7.05999	0	0	
44	42.8	1.5	19.8049	2.56488	0	0	
44	45.2	1.5	19.0615	7.09936	0	0	
44	47.6	1.5	16.6967	-0.545525	0	0	
44	50	1.5	18.2308	2.46737	0	0	
46.4	-70	1.5	15.4379	1.12207	0	0	
46.4	-67.6	1.5	15.5444	2.55982	0	0	
46.4	-65.2	1.5	16.0811	-1.23395	0	0	
46.4	-62.8	1.5	16.2262	3.68914	0	0	
46.4	-60.4	1.5	16.0182	2.07309	0	0	
46.4	-58	1.5	-6.061	-22.3544	0	0	
46.4	-55.6	1.5	-5.95996	-19.4226	0	0	
46.4	-53.2	1.5	-8.15261	-24.9416	0	0	
46.4	-50.8	1.5	18.6593	2.95475	0	0	
46.4	-48.4	1.5	16.7069	0.18185	0	0	
46.4	-46	1.5	18.7442	2.09725	0	0	
46.4	-43.6	1.5	18.4181	1.93792	0	0	
46.4	-41.2	1.5	18.7885	5.61247	0	0	
46.4	-38.8	1.5	18.4695	0.247669	0	0	
46.4	-36.4	1.5	18.8491	7.04024	0	0	
46.4	-34	1.5	-1.63127	-14.296	0	0	
46.4	-31.6	1.5	20.6716	15.165	0	0	
46.4	-29.2	1.5	21.7985	11.7864	0	0	
46.4	-26.8	1.5	20.427	3.24585	0	0	
46.4	-24.4	1.5	22.7301	5.44239	0	0	
46.4	-22	1.5	20.7736	-2.12794	0	0	
46.4	-19.6	1.5	22.923	4.89599	0	0	
46.4	-17.2	1.5	23.7367	3.08596	0	0	
46.4	-14.8	1.5	23.9028	5.14212	0	0	
46.4	-12.4	1.5	19.3106	-1.69601	0	0	
46.4	-10	1.5	23.6151	7.77577	0	0	
46.4	-7.6	1.5	22.6186	-10.6882	0	0	
46.4	-5.2	1.5	25.1446	3.64809	0	0	
46.4	-2.8	1.5	25.1738	-0.775495	0	0	
46.4	-0.4	1.5	25.2578	-5.13783	0	0	
46.4	2	1.5	25.2931	-5.99893	0	0	
46.4	4.4	1.5	22.4889	-6.60077	0	0	
46.4	6.8	1.5	25.1187	-4.44178	0	0	
46.4	9.2	1.5	23.3653	-2.89993	0	0	
46.4	11.6	1.5	20.1304	-8.56037	0	0	
46.4	14	1.5	-3.87655	-17.8933	0	0	
46.4	16.4	1.5	23.5299	-2.63241	0	0	
46.4	18.8	1.5	22.8983	-0.111961	0	0	
46.4	21.2	1.5	21.9952	2.51212	0	0	
46.4	23.6	1.5	21.5583	6.41451	0	0	
46.4	26	1.5	20.5205	-1.16764	0	0	
46.4	28.4	1.5	22.1745	8.86466	0	0	
46.4	30.8	1.5	22.0461	4.81813	0	0	
46.4	33.2	1.5	21.2196	6.66495	0	0	
46.4	35.6	1.5	16.2312	3.47309	0	0	
46.4	38	1.5	19.0827	0.981752	0	0	
46.4	40.4	1.5	17.9497	2.3145	0	0	
46.4	42.8	1.5	19.8688	1.11055	0	0	
46.4	45.2	1.5	-5.55949	-17.2045	0	0	
46.4	47.6	1.5	17.2249	-2.42885	0	0	
46.4	50	1.5	16.8691	8.38077	0	0	
48.8	-70	1.5	15.8712	-6.1859	0	0	
48.8	-67.6	1.5	-6.23214	-22.7715	0	0	
48.8	-65.2	1.5	-5.18919	-23.3917	0	0	
48.8	-62.8	1.5	15.696	0.769092	0	0	
48.8	-60.4	1.5	-3.4634	-21.1905	0	0	
48.8	-58	1.5	14.8817	-0.58206	0	0	
48.8	-55.6	1.5	-6.82239	-23.0224	0	0	
48.8	-53.2	1.5	15.2177	-5.8864	0	0	
48.8	-50.8	1.5	-4.16486	-20.0397	0	0	
48.8	-48.4	1.5	17.9784	2.76187	0	0	
48.8	-46	1.5	18.4549	4.94876	0	0	
48.8	-43.6	1.5	16.0636	-2.48724	0	0	
48.8	-41.2	1.5	18.5568	0.0836083	0	0	
48.8	-38.8	1.5	19.063	2.04884	0	0	
48.8	-36.4	1.5	19.9599	7.56842	0	0	
48.8	-34	1.5	19.782	5.8767	0	0	
48.8	-31.6	1.5	19.3668	3.03963	0	0	
48.8	-29.2	1.5	15.5517	-2.24898	0	0	
48.8	-26.8	1.5	19.1739	0.0887606	0	0	
48.8	-24.4	1.5	22.054	3.71546	0	0	
48.8	-22	1.5	22.6007	5.32119	0	0	
48.8	-19.6	1.5	22.0391	2.16258	0	0	
48.8	-17.2	1.5	23.0875	3.24918	0	0	
48.8	-14.8	1.5	22.5837	2.3689	0	0	
48.8	-12.4	1.5	18.1574	-2.7739	0	0	
48.8	-10	1.5	23.847	8.38707	0	0	
48.8	-7.6	1.5	24.0882	4.18661	0	0	
48.8	-5.2	1.5	24.307	1.91213	0	0	
48.8	-2.8	1.5	23.9289	-2.4707	0	0	
48.8	-0.4	1.5	24.3464	-4.80034	0	0	
48.8	2	1.5	24.7523	-6.18794	0	0	
48.8	4.4	1.5	23.9364	-7.77631	0	0	
48.8	6.8	1.5	24.0959	-7.16923	0	0	
48.8	9.2	1.5	21.1286	-2.38141	0	0	
48.8	11.6	1.5	22.7337	0.0786404	0	0	
48.8	14	1.5	23.2459	10.553	0	0	
48.8	16.4	1.5	21.5928	8.36447	0	0	
48.8	18.8	1.5	20.8257	-0.270817	0	0	
48.8	21.2	1.5	21.3671	1.62213	0	0	
48.8	23.6	1.5	15.9374	-8.4291	0	0	
48.8	26	1.5	19.8652	-2.09413	0	0	
48.8	28.4	1.5	20.9791	6.1252	0	0	
48.8	30.8	1.5	20.9841	4.96688	0	0	
48.8	33.2	1.5	19.6997	2.01389	0	0	
48.8	35.6	1.5	20.7343	6.06373	0	0	
48.8	38	1.5	20.0228	3.07095	0	0	
48.8	40.4	1.5	19.0596	1.8114	0	0	
48.8	42.8	1.5	0.0563114	-18.9483	0	0	
48.8	45.2	1.5	18.7391	2.46976	0	0	
48.8	47.6	1.5	16.9746	5.236	0	0	
48.8	50	1.5	15.8343	-1.64737	0	0	
51.2	-70	1.5	14.3867	-8.37079	0	0	
51.2	-67.6	1.5	14.6899	-6.57778	0	0	
51.2	-65.2	1.5	16.1809	0.831565	0	0	
51.2	-62.8	1.5	16.0313	-1.14703	0	0	
51.2	-60.4	1.5	15.0328	-6.65205	0	0	
51.2	-58	1.5	16.8608	1.97533	0	0	
51.2	-55.6	1.5	-2.19237	-17.2131	0	0	
51.2	-53.2	1.5	17.0885	1.95037	0	0	
51.2	-50.8	1.5	17.1614	3.48791	0	0	
51.2	-48.4	1.5	-3.31611	-20.0487	0	0	
51.2	-46	1.5	17.5446	-0.36732	0	0	
51.2	-43.6	1.5	18.4576	6.10895	0	0	
51.2	-41.2	1.5	18.1332	7.3513	0	0	
51.2	-38.8	1.5	18.6895	5.38613	0	0	
51.2	-36.4	1.5	17.8211	4.775	0	0	
51.2	-34	1.5	19.1854	5.9116	0	0	
51.2	-31.6	1.5	18.5753	1.64306	0	0	
51.2	-29.2	1.5	19.5433	-0.485253	0	0	
51.2	-26.8	1.5	19.2322	-1.75682	0	0	
51.2	-24.4	1.5	20.5743	2.22695	0	0	
51.2	-22	1.5	21.2204	1.24016	0	0	
51.2	-19.6	1.5	18.47	1.17381	0	0	
51.2	-17.2	1.5	-1.56359	-21.5777	0	0	
51.2	-14.8	1.5	21.5801	3.08412	0	0	
51.2	-12.4	1.5	22.9988	3.50586	0	0	
51.2	-10	1.5	20.0339	-5.98418	0	0	
51.2	-7.6	1.5	21.9126	8.00295	0	0	
51.2	-5.2	1.5	22.4728	-1.76424	0	0	
51.2	-2.8	1.5	22.8792	-5.29685	0	0	
51.2	-0.4	1.5	13.9499	-16.1118	0	0	
51.2	2	1.5	23.6271	-6.85006	0	0	
51.2	4.4	1.5	20.9009	-7.91519	0	0	
51.2	6.8	1.5	23.9029	-7.51238	0	0	
51.2	9.2	1.5	20.4779	-2.07807	0	0	
51.2	11.6	1.5	23.0829	-6.70287	0	0	
51.2	14	1.5	22.9292	15.1002	0	0	
51.2	16.4	1.5	20.4442	3.77698	0	0	
51.2	18.8	1.5	19.2269	-7.19593	0	0	
51.2	21.2	1.5	21.7425	-0.494162	0	0	
51.2	23.6	1.5	20.8666	-0.161973	0	0	
51.2	26	1.5	20.3392	-3.05541	0	0	
51.2	28.4	1.5	21.3399	8.00034	0	0	
51.2	30.8	1.5	20.484	6.42271	0	0	
51.2	33.2	1.5	18.0662	7.07716	0	0	
51.2	35.6	1.5	17.177	0.632777	0	0	
51.2	38	1.5	18.7709	-1.12101	0	0	
51.2	40.4	1.5	12.7044	-4.57214	0	0	
51.2	42.8	1.5	17.6393	-0.286299	0	0	
51.2	45.2	1.5	17.0684	-0.153925	0	0	
51.2	47.6	1.5	18.1527	0.0365189	0	0	
51.2	50	1.5	17.5292	1.39435	0	0	
53.6	-70	1.5	-9.9386	-23.5745	0	0	
53.6	-67.6	1.5	16.0525	-1.7998	0	0	
53.6	-65.2	1.5	14.2836	-7.83687	0	0	
53.6	-62.8	1.5	15.6128	-4.91662	0	0	
53.6	-60.4	1.5	-6.3238	-26.9995	0	0	
53.6	-58	1.5	17.1391	2.40412	0	0	
53.6	-55.6	1.5	-6.80667	-26.1998	0	0	
53.6	-53.2	1.5	15.0561	1.40865	0	0	
53.6	-50.8	1.5	17.6776	3.8944	0	0	
53.6	-48.4	1.5	18.5	3.99831	0	0	
53.6	-46	1.5	14.6926	-1.81279	0	0	
53.6	-43.6	1.5	18.6353	1.27404	0	0	
53.6	-41.2	1.5	16.4979	0.0423398	0	0	
53.6	-38.8	1.5	17.9541	0.388075	0	0	
53.6	-36.4	1.5	19.5442	4.71277	0	0	
53.6	-34	1.5	17.3694	0.0483466	0	0	
53.6	-31.6	1.5	20.316	3.12696	0	0	
53.6	-29.2	1.5	17.7672	-0.212763	0	0	
53.6	-26.8	1.5	20.2488	0.876561	0	0	
53.6	-24.4	1.5	-4.98288	-25.2465	0	0	
53.6	-22	1.5	20.5799	2.51891	0	0	
53.6	-19.6	1.5	21.0649	-0.644957	0	0	
53.6	-17.2	1.5	22.1203	2.47988	0	0	
53.6	-14.8	1.5	22.5633	3.22234	0	0	
53.6	-12.4	1.5	18.4722	-7.43731	0	0	
53.6	-10	1.5	22.4406	4.20498	0	0	
53.6	-7.6	1.5	21.0448	0.471802	0	0	
53.6	-5.2	1.5	24.1139	-0.258023	0	0	
53.6	-2.8	1.5	21.6759	-5.21183	0	0	
53.6	-0.4	1.5	21.6679	-7.48313	0	0	
53.6	2	1.5	22.9272	-7.47628	0	0	
53.6	4.4	1.5	20.6669	-9.3875	0	0	
53.6	6.8	1.5	23.2375	-8.71729	0	0	
53.6	9.2	1.5	22.6632	-5.76686	0	0	
53.6	11.6	1.5	22.8069	-7.9811	0	0	
53.6	14	1.5	20.7558	1.094	0	0	
53.6	16.4	1.5	20.6835	6.41515	0	0	
53.6	18.8	1.5	21.462	10.9205	0	0	
53.6	21.2	1.5	20.952	0.414251	0	0	
53.6	23.6	1.5	20.9753	0.725482	0	0	
53.6	26	1.5	21.1455	0.66344	0	0	
53.6	28.4	1.5	20.3327	1.30508	0	0	
53.6	30.8	1.5	20.2883	5.77746	0	0	
53.6	33.2	1.5	18.5248	4.22431	0	0	
53.6	35.6	1.5	18.0808	0.383399	0	0	
53.6	38	1.5	17.3488	2.94781	0	0	
53.6	40.4	1.5	15.9987	-2.45148	0	0	
53.6	42.8	1.5	19.1037	10.6919	0	0	
53.6	45.2	1.5	16.319	1.41235	0	0	
53.6	47.6	1.5	17.5802	-0.706218	0	0	
53.6	50	1.5	-3.605	-23.1308	0	0	
56	-70	1.5	14.7517	-0.111688	0	0	
56	-67.6	1.5	-8.61658	-26.1925	0	0	
56	-65.2	1.5	15.0514	-7.8879	0	0	
56	-62.8	1.5	-8.52738	-25.7762	0	0	
56	-60.4	1.5	15.6619	-5.18403	0	0	
56	-58	1.5	16.0828	-3.79798	0	0	
56	-55.6	1.5	16.2945	0.082251	0	0	
56	-53.2	1.5	16.8319	2.60252	0	0	
56	-50.8	1.5	-6.26377	-21.6596	0	0	
56	-48.4	1.5	16.0112	-2.97019	0	0	
56	-46	1.5	14.8207	-4.15935	0	0	
56	-43.6	1.5	16.1197	2.05015	0	0	
56	-41.2	1.5	16.0577	-3.79837	0	0	
56	-38.8	1.5	-4.51709	-15.2463	0	0	
56	-36.4	1.5	-9.04675	-25.1739	0	0	
56	-34	1.5	18.1093	2.19579	0	0	
56	-31.6	1.5	19.4836	1.40331	0	0	
56	-29.2	1.5	20.4835	1.55773	0	0	
56	-26.8	1.5	-9.55208	-29.0287	0	0	
56	-24.4	1.5	19.3392	3.29323	0	0	
56	-22	1.5	19.1539	-9.70805	0	0	
56	-19.6	1.5	19.8555	-0.351704	0	0	
56	-17.2	1.5	19.5727	3.43138	0	0	
56	-14.8	1.5	21.877	6.28136	0	0	
56	-12.4	1.5	21.4951	7.39289	0	0	
56	-10	1.5	18.7433	-13.9772	0	0	
56	-7.6	1.5	18.4039	-16.1383	0	0	
56	-5.2	1.5	22.6275	-3.58397	0	0	
56	-2.8	1.5	22.4603	-5.1226	0	0	
56	-0.4	1.5	22.9711	-4.37451	0	0	
56	2	1.5	21.0086	-7.57845	0	0	
56	4.4	1.5	-5.35689	-35.7334	0	0	
56	6.8	1.5	22.1745	-10.3246	0	0	
56	9.2	1.5	20.971	-10.7496	0	0	
56	11.6	1.5	21.4885	-9.1623	0	0	
56	14	1.5	-7.83649	-22.7987	0	0	
56	16.4	1.5	21.453	8.63404	0	0	
56	18.8	1.5	21.4885	-5.56645	0	0	
56	21.2	1.5	19.297	-6.41197	0	0	
56	23.6	1.5	18.0079	-7.1405	0	0	
56	26	1.5	20.8266	-1.1775	0	0	
56	28.4	1.5	17.9372	-3.83563	0	0	
56	30.8	1.5	17.41	2.71228	0	0	
56	33.2	1.5	19.7499	5.30229	0	0	
56	35.6	1.5	-7.10169	-20.1621	0	0	
56	38	1.5	18.1974	-2.52066	0	0	
56	40.4	1.5	16.9087	-3.18031	0	0	
56	42.8	1.5	17.1462	1.59783	0	0	
56	45.2	1.5	15.0675	-1.83309	0	0	
56	47.6	1.5	15.6863	1.03282	0	0	
56	50	1.5	16.6554	-0.131284	0	0	
58.4	-70	1.5	14.2399	-0.145114	0	0	
58.4	-67.6	1.5	14.7433	1.21444	0	0	
58.4	-65.2	1.5	-14.2587	-31.1066	0	0	
58.4	-62.8	1.5	-7.55069	-24.9517	0	0	
58.4	-60.4	1.5	14.31	-3.03829	0	0	
58.4	-58	1.5	13.8828	-4.68019	0	0	
58.4	-55.6	1.5	-5.82366	-18.1032	0	0	
58.4	-53.2	1.5	15.5081	-2.21785	0	0	
58.4	-50.8	1.5	16.5756	1.02094	0	0	
58.4	-48.4	1.5	16.2905	3.56856	0	0	
58.4	-46	1.5	17.9413	3.55564	0	0	
58.4	-43.6	1.5	17.4899	3.8295	0	0	
58.4	-41.2	1.5	-6.3203	-19.3801	0	0	
58.4	-38.8	1.5	16.7458	-2.65215	0	0	
58.4	-36.4	1.5	18.235	0.287986	0	0	
58.4	-34	1.5	19.3127	2.86738	0	0	
58.4	-31.6	1.5	16.9176	-0.742333	0	0	
58.4	-29.2	1.5	18.4901	-2.17149	0	0	
58.4	-26.8	1.5	20.4096	1.21174	0	0	
58.4	-24.4	1.5	21.3068	1.90525	0	0	
58.4	-22	1.5	17.6256	-11.5492	0	0	
58.4	-19.6	1.5	18.7573	-10.4025	0	0	
58.4	-17.2	1.5	21.57	3.14913	0	0	
58.4	-14.8	1.5	19.7518	0.973317	0	0	
58.4	-12.4	1.5	21.4002	3.55544	0	0	
58.4	-10	1.5	21.2575	-0.365105	0	0	
58.4	-7.6	1.5	18.4147	-14.6467	0	0	
58.4	-5.2	1.5	18.2528	-10.7672	0	0	
58.4	-2.8	1.5	21.7043	-4.29243	0	0	
58.4	-0.4	1.5	20.0173	-10.9991	0	0	
58.4	2	1.5	21.557	-8.27894	0	0	
58.4	4.4	1.5	19.9518	-7.84253	0	0	
58.4	6.8	1.5	21.8615	-8.36402	0	0	
58.4	9.2	1.5	21.6667	-8.30777	0	0	
58.4	11.6	1.5	19.4806	-4.51745	0	0	
58.4	14	1.5	19.9472	1.65941	0	0	
58.4	16.4	1.5	20.8475	5.67982	0	0	
58.4	18.8	1.5	20.6986	2.85707	0	0	
58.4	21.2	1.5	20.7909	3.30229	0	0	
58.4	23.6	1.5	18.854	-1.90302	0	0	
58.4	26	1.5	20.2334	-1.26021	0	0	
58.4	28.4	1.5	20.2479	-0.0295136	0	0	
58.4	30.8	1.5	20.4489	1.92943	0	0	
58.4	33.2	1.5	19.1697	2.42125	0	0	
58.4	35.6	1.5	18.7304	2.25119	0	0	
58.4	38	1.5	17.1077	-4.09	0	0	
58.4	40.4	1.5	18.0442	0.563886	0	0	
58.4	42.8	1.5	18.3989	-1.92429	0	0	
58.4	45.2	1.5	17.8062	4.28201	0	0	
58.4	47.6	1.5	14.0433	0.941753	0	0	
58.4	50	1.5	15.3943	-1.29314	0	0	
60.8	-70	1.5	-8.13912	-23.061	0	0	
60.8	-67.6	1.5	14.1207	-7.29233	0	0	
60.8	-65.2	1.5	16.0879	2.28524	0	0	
60.8	-62.8	1.5	-6.26184	-18.9863	0	0	
60.8	-60.4	1.5	14.6086	-2.52259	0	0	
60.8	-58	1.5	15.1913	-0.470656	0	0	
60.8	-55.6	1.5	15.4386	-3.14727	0	0	
60.8	-53.2	1.5	15.2559	-1.54503	0	0	
60.8	-50.8	1.5	15.8964	2.33167	0	0	
60.8	-48.4	1.5	16.8961	2.7151	0	0	
60.8	-46	1.5	17.6621	0.754909	0	0	
60.8	-43.6	1.5	17.8259	4.96801	0	0	
60.8	-41.2	1.5	16.0039	-3.53983	0	0	
60.8	-38.8	1.5	-5.44796	-21.7795	0	0	
60.8	-36.4	1.5	17.8089	-0.643463	0	0	
60.8	-34	1.5	18.1123	0.199719	0	0	
60.8	-31.6	1.5	14.5195	-10.0694	0	0	
60.8	-29.2	1.5	17.02	4.0963	0	0	
60.8	-26.8	1.5	19.4857	-0.36226	0	0	
60.8	-24.4	1.5	19.9213	0.394215	0	0	
60.8	-22	1.5	19.7347	0.243492	0	0	
60.8	-19.6	1.5	20.1358	-1.53971	0	0	
60.8	-17.2	1.5	-4.84441	-23.518	0	0	
60.8	-14.8	1.5	20.4785	4.7608	0	0	
60.8	-12.4	1.5	19.7401	-13.6468	0	0	
60.8	-10	1.5	18.7379	-7.68413	0	0	
60.8	-7.6	1.5	20.4233	-2.35761	0	0	
60.8	-5.2	1.5	20.7035	-4.52024	0	0	
60.8	-2.8	1.5	21.113	-4.82592	0	0	
60.8	-0.4	1.5	19.3608	-10.4406	0	0	
60.8	2	1.5	21.2411	-8.75005	0	0	
60.8	4.4	1.5	-7.84581	-38.5208	0	0	
60.8	6.8	1.5	18.2267	-11.9648	0	0	
60.8	9.2	1.5	-4.86577	-32.171	0	0	
60.8	11.6	1.5	20.8008	-4.24648	0	0	
60.8	14	1.5	21.1233	-2.61498	0	0	
60.8	16.4	1.5	20.8798	-9.48124	0	0	
60.8	18.8	1.5	15.6569	-13.4666	0	0	
60.8	21.2	1.5	20.2115	1.56757	0	0	
60.8	23.6	1.5	20.1735	0.445793	0	0	
60.8	26	1.5	-7.32121	-28.0364	0	0	
60.8	28.4	1.5	20.39	-1.48182	0	0	
60.8	30.8	1.5	15.8739	-8.94941	0	0	
60.8	33.2	1.5	12.7579	-9.98958	0	0	
60.8	35.6	1.5	17.8646	1.2248	0	0	
60.8	38	1.5	19.1461	3.51951	0	0	
60.8	40.4	1.5	12.9275	-5.39965	0	0	
60.8	42.8	1.5	-9.32101	-22.0594	0	0	
60.8	45.2	1.5	-7.93137	-23.6971	0	0	
60.8	47.6	1.5	17.0255	0.804264	0	0	
60.8	50	1.5	17.9496	3.4353	0	0	
63.2	-70	1.5	-11.1162	-25.6647	0	0	
63.2	-67.6	1.5	14.9821	1.3626	0	0	
63.2	-65.2	1.5	13.4067	-3.43797	0	0	
63.2	-62.8	1.5	14.9248	-4.09381	0	0	
63.2	-60.4	1.5	15.5645	2.09094	0	0	
63.2	-58	1.5	13.8255	4.88313	0	0	
63.2	-55.6	1.5	15.2943	1.86294	0	0	
63.2	-53.2	1.5	-8.93885	-21.4178	0	0	
63.2	-50.8	1.5	16.1446	2.09735	0	0	
63.2	-48.4	1.5	16.3801	2.22989	0	0	
63.2	-46	1.5	-6.6133	-21.4045	0	0	
63.2	-43.6	1.5	17.7201	2.65412	0	0	
63.2	-41.2	1.5	15.7594	1.404	0	0	
63.2	-38.8	1.5	17.8275	-0.0158145	0	0	
63.2	-36.4	1.5	-9.45704	-29.0151	0	0	
63.2	-34	1.5	16.4239	-8.08088	0	0	
63.2	-31.6	1.5	16.5569	-3.41137	0	0	
63.2	-29.2	1.5	19.0516	0.397821	0	0	
63.2	-26.8	1.5	-6.61215	-26.7484	0	0	
63.2	-24.4	1.5	18.8231	1.44985	0	0	
63.2	-22	1.5	19.6557	2.93986	0	0	
63.2	-19.6	1.5	18.2366	-1.95684	0	0	
63.2	-17.2	1.5	18.2488	-12.6964	0	0	
63.2	-14.8	1.5	17.5256	-15.2961	0	0	
63.2	-12.4	1.5	18.0327	-6.74413	0	0	
63.2	-10	1.5	-9.71367	-32.3374	0	0	
63.2	-7.6	1.5	18.3987	-6.03214	0	0	
63.2	-5.2	1.5	17.7464	-10.7471	0	0	
63.2	-2.8	1.5	-7.3957	-39.1371	0	0	
63.2	-0.4	1.5	20.5978	-9.1911	0	0	
63.2	2	1.5	20.6942	-9.33724	0	0	
63.2	4.4	1.5	19.3176	-11.1517	0	0	
63.2	6.8	1.5	20.9756	-10.066	0	0	
63.2	9.2	1.5	-9.14966	-39.4556	0	0	
63.2	11.6	1.5	21.5306	-5.82589	0	0	
63.2	14	1.5	17.0262	-13.2386	0	0	
63.2	16.4	1.5	-6.3901	-32.3195	0	0	
63.2	18.8	1.5	19.5299	5.13426	0	0	
63.2	21.2	1.5	-4.54634	-22.1863	0	0	
63.2	23.6	1.5	18.7579	-6.88394	0	0	
63.2	26	1.5	17.7272	-3.40435	0	0	
63.2	28.4	1.5	17.1056	-3.78187	0	0	
63.2	30.8	1.5	19.036	-4.07257	0	0	
63.2	33.2	1.5	19.2217	1.58739	0	0	
63.2	35.6	1.5	17.4435	4.34445	0	0	
63.2	38	1.5	16.3484	-2.1192	0	0	
63.2	40.4	1.5	17.4844	2.03145	0	0	
63.2	42.8	1.5	-6.7452	-21.1817	0	0	
63.2	45.2	1.5	-13.5889	-27.4732	0	0	
63.2	47.6	1.5	-8.11542	-19.7349	0	0	
63.2	50	1.5	-9.73295	-25.6173	0	0	
65.6	-70	1.5	15.3834	0.752954	0	0	
65.6	-67.6	1.5	-12.1564	-29.6117	0	0	
65.6	-65.2	1.5	11.9838	-2.01321	0	0	
65.6	-62.8	1.5	15.1973	2.70418	0	0	
65.6	-60.4	1.5	14.2953	-2.20456	0	0	
65.6	-58	1.5	13.378	-5.95284	0	0	
65.6	-55.6	1.5	-11.7203	-25.3407	0	0	
65.6	-53.2	1.5	16.3017	0.879	0	0	
65.6	-50.8	1.5	-11.9584	-25.1617	0	0	
65.6	-48.4	1.5	16.4656	1.4035	0	0	
65.6	-46	1.5	14.2385	-4.87066	0	0	
65.6	-43.6	1.5	16.9783	2.07902	0	0	
65.6	-41.2	1.5	-9.22904	-28.8198	0	0	
65.6	-38.8	1.5	16.1814	-1.66182	0	0	
65.6	-36.4	1.5	16.3746	-1.00576	0	0	
65.6	-34	1.5	-8.52181	-27.276	0	0	
65.6	-31.6	1.5	16.9887	-1.86295	0	0	
65.6	-29.2	1.5	-13.5702	-32.3409	0	0	
65.6	-26.8	1.5	-6.50251	-27.4523	0	0	
65.6	-24.4	1.5	17.5486	-1.80441	0	0	
65.6	-22	1.5	19.4949	1.30926	0	0	
65.6	-19.6	1.5	15.5346	-2.08879	0	0	
65.6	-17.2	1.5	-7.25469	-25.6946	0	0	
65.6	-14.8	1.5	-8.35353	-25.2975	0	0	
65.6	-12.4	1.5	19.3688	-1.00332	0	0	
65.6	-10	1.5	18.8819	-6.8301	0	0	
65.6	-7.6	1.5	19.0078	-5.24057	0	0	
65.6	-5.2	1.5	17.6353	-15.8549	0	0	
65.6	-2.8	1.5	19.8885	-7.88494	0	0	
65.6	-0.4	1.5	19.8603	-9.5345	0	0	
65.6	2	1.5	18.9114	-12.3371	0	0	
65.6	4.4	1.5	19.2145	-11.422	0	0	
65.6	6.8	1.5	20.2617	-10.9429	0	0	
65.6	9.2	1.5	17.0724	-13.5982	0	0	
65.6	11.6	1.5	17.6003	-7.12613	0	0	
65.6	14	1.5	19.9329	-11.4272	0	0	
65.6	16.4	1.5	19.7772	1.43822	0	0	
65.6	18.8	1.5	18.5077	-11.6064	0	0	
65.6	21.2	1.5	19.0461	2.27422	0	0	
65.6	23.6	1.5	-4.28992	-30.9211	0	0	
65.6	26	1.5	-7.68651	-27.7036	0	0	
65.6	28.4	1.5	18.1933	-6.47031	0	0	
65.6	30.8	1.5	18.0391	-4.20971	0	0	
65.6	33.2	1.5	17.2644	-7.14352	0	0	
65.6	35.6	1.5	-9.46317	-30.3239	0	0	
65.6	38	1.5	16.58	-2.20835	0	0	
65.6	40.4	1.5	16.3281	-5.9073	0	0	
65.6	42.8	1.5	-11.7973	-27.0136	0	0	
65.6	45.2	1.5	15.7216	1.18612	0	0	
65.6	47.6	1.5	14.8308	-6.02994	0	0	
65.6	50	1.5	16.2723	-0.627658	0	0	
68	-70	1.5	-10.3834	-22.6572	0	0	
68	-67.6	1.5	13.7109	-3.89011	0	0	
68	-65.2	1.5	13.0766	-0.943472	0	0	
68	-62.8	1.5	-14.4175	-26.1152	0	0	
68	-60.4	1.5	13.077	-6.9094	0	0	
68	-58	1.5	-7.04666	-13.2867	0	0	
68	-55.6	1.5	15.2895	1.20627	0	0	
68	-53.2	1.5	-9.10046	-25.4115	0	0	
68	-50.8	1.5	15.2633	3.09904	0	0	
68	-48.4	1.5	14.894	4.90549	0	0	
68	-46	1.5	16.724	1.55784	0	0	
68	-43.6	1.5	16.2277	-0.252351	0	0	
68	-41.2	1.5	-9.21365	-28.3779	0	0	
68	-38.8	1.5	15.8754	-3.2506	0	0	
68	-36.4	1.5	18.0914	0.454793	0	0	
68	-34	1.5	15.4784	-4.00447	0	0	
68	-31.6	1.5	16.1336	-10.7806	0	0	
68	-29.2	1.5	19.0866	-1.1276	0	0	
68	-26.8	1.5	15.5408	-2.11762	0	0	
68	-24.4	1.5	16.6726	-13.2655	0	0	
68	-22	1.5	17.3424	-2.55143	0	0	
68	-19.6	1.5	18.1912	-4.23548	0	0	
68	-17.2	1.5	17.3981	-13.3172	0	0	
68	-14.8	1.5	-9.17299	-27.6742	0	0	
68	-12.4	1.5	17.328	-15.2562	0	0	
68	-10	1.5	17.0661	-6.03524	0	0	
68	-7.6	1.5	17.445	-11.1475	0	0	
68	-5.2	1.5	-9.54069	-36.0847	0	0	
68	-2.8	1.5	18.0546	-8.72708	0	0	
68	-0.4	1.5	18.735	-10.8397	0	0	
68	2	1.5	20.4134	-7.90358	0	0	
68	4.4	1.5	18.2443	-12.1087	0	0	
68	6.8	1.5	17.8447	-12.75	0	0	
68	9.2	1.5	-10.6566	-38.6753	0	0	
68	11.6	1.5	19.4273	-12.8015	0	0	
68	14	1.5	18.2343	-7.38708	0	0	
68	16.4	1.5	-9.91938	-29.0984	0	0	
68	18.8	1.5	17.6042	-13.1032	0	0	
68	21.2	1.5	17.1892	-12.4823	0	0	
68	23.6	1.5	19.2847	-9.19006	0	0	
68	26	1.5	18.6266	-8.95208	0	0	
68	28.4	1.5	18.5742	-8.40884	0	0	
68	30.8	1.5	-7.78311	-31.685	0	0	
68	33.2	1.5	15.0134	-10.5427	0	0	
68	35.6	1.5	15.4429	-5.78191	0	0	
68	38	1.5	13.9153	-7.91074	0	0	
68	40.4	1.5	17.4632	-0.142065	0	0	
68	42.8	1.5	17.5663	1.14875	0	0	
68	45.2	1.5	16.7562	1.17996	0	0	
68	47.6	1.5	-10.5162	-23.5937	0	0	
68	50	1.5	15.7394	0.550989	0	0	
70.4	-70	1.5	-10.944	-26.8426	0	0	
70.4	-67.6	1.5	-9.62685	-26.0123	0	0	
70.4	-65.2	1.5	-10.4268	-24.2717	0	0	
70.4	-62.8	1.5	14.6145	1.46251	0	0	
70.4	-60.4	1.5	13.9621	-5.201	0	0	
70.4	-58	1.5	13.6887	0.509032	0	0	
70.4	-55.6	1.5	14.4201	-4.73363	0	0	
70.4	-53.2	1.5	14.3843	-5.18584	0	0	
70.4	-50.8	1.5	-8.04874	-22.1712	0	0	
70.4	-48.4	1.5	15.6856	-0.16886	0	0	
70.4	-46	1.5	16.365	-0.744031	0	0	
70.4	-43.6	1.5	-9.63198	-29.1345	0	0	
70.4	-41.2	1.5	-10.284	-27.48	0	0	
70.4	-38.8	1.5	16.2837	-7.56898	0	0	
70.4	-36.4	1.5	15.4497	-9.94746	0	0	
70.4	-34	1.5	17.0269	-6.34073	0	0	
70.4	-31.6	1.5	15.9931	-0.184067	0	0	
70.4	-29.2	1.5	-8.75913	-26.7254	0	0	
70.4	-26.8	1.5	-10.7242	-33.4352	0	0	
70.4	-24.4	1.5	-6.33139	-25.7	0	0	
70.4	-22	1.5	-7.60758	-22.3613	0	0	
70.4	-19.6	1.5	-10.422	-36.5706	0	0	
70.4	-17.2	1.5	-10.5783	-28.0673	0	0	
70.4	-14.8	1.5	15.6847	-2.22665	0	0	
70.4	-12.4	1.5	15.6945	-17.2891	0	0	
70.4	-10	1.5	18.8742	-3.69742	0	0	
70.4	-7.6	1.5	16.5581	-5.85971	0	0	
70.4	-5.2	1.5	17.8536	-6.48985	0	0	
70.4	-2.8	1.5	-5.45534	-33.7172	0	0	
70.4	-0.4	1.5	18.6232	-10.3399	0	0	
70.4	2	1.5	18.868	-12.0532	0	0	
70.4	4.4	1.5	-11.3286	-41.0198	0	0	
70.4	6.8	1.5	18.2577	-11.4705	0	0	
70.4	9.2	1.5	19.2773	-12.1725	0	0	
70.4	11.6	1.5	17.9896	-6.45466	0	0	
70.4	14	1.5	17.9629	-6.58441	0	0	
70.4	16.4	1.5	-8.31735	-29.7061	0	0	
70.4	18.8	1.5	18.9001	-0.228374	0	0	
70.4	21.2	1.5	-14.0575	-29.1674	0	0	
70.4	23.6	1.5	16.9601	0.481074	0	0	
70.4	26	1.5	18.372	-2.17404	0	0	
70.4	28.4	1.5	16.855	-8.07243	0	0	
70.4	30.8	1.5	17.4462	-6.90094	0	0	
70.4	33.2	1.5	16.7392	-8.20919	0	0	
70.4	35.6	1.5	14.4986	-11.3543	0	0	
70.4	38	1.5	-11.4929	-34.624	0	0	
70.4	40.4	1.5	-8.87955	-31.3808	0	0	
70.4	42.8	1.5	17.1037	0.199191	0	0	
70.4	45.2	1.5	15.9465	-2.97925	0	0	
70.4	47.6	1.5	-9.61136	-22.5146	0	0	
70.4	50	1.5	16.6392	-1.08268	0	0	
72.8	-70	1.5	13.6711	-0.189398	0	0	
72.8	-67.6	1.5	-11.5028	-20.9259	0	0	
72.8	-65.2	1.5	15.2157	2.94215	0	0	
72.8	-62.8	1.5	-9.40954	-22.4361	0	0	
72.8	-60.4	1.5	14.3564	3.17241	0	0	
72.8	-58	1.5	-11.7979	-26.4055	0	0	
72.8	-55.6	1.5	14.0133	-0.921876	0	0	
72.8	-53.2	1.5	-9.85538	-25.6517	0	0	
72.8	-50.8	1.5	16.5663	0.00358622	0	0	
72.8	-48.4	1.5	17.4068	0.252587	0	0	
72.8	-46	1.5	14.8238	-4.66418	0	0	
72.8	-43.6	1.5	14.7231	-1.77636	0	0	
72.8	-41.2	1.5	17.4093	-1.39743	0	0	
72.8	-38.8	1.5	17.0982	-1.95739	0	0	
72.8	-36.4	1.5	-11.1108	-30.3627	0	0	
72.8	-34	1.5	16.0935	-0.0825842	0	0	
72.8	-31.6	1.5	14.8615	1.55532	0	0	
72.8	-29.2	1.5	15.4428	-1.33906	0	0	
72.8	-26.8	1.5	16.9204	-2.76608	0	0	
72.8	-24.4	1.5	16.6755	-1.75248	0	0	
72.8	-22	1.5	18.0988	0.553361	0	0	
72.8	-19.6	1.5	17.9519	0.806664	0	0	
72.8	-17.2	1.5	18.1655	-0.264095	0	0	
72.8	-14.8	1.5	16.7017	0.119702	0	0	
72.8	-12.4	1.5	18.3862	-2.53196	0	0	
72.8	-10	1.5	18.7095	-4.06736	0	0	
72.8	-7.6	1.5	-10.2327	-39.179	0	0	
72.8	-5.2	1.5	15.3222	-13.7268	0	0	
72.8	-2.8	1.5	17.4807	-13.6287	0	0	
72.8	-0.4	1.5	17.7776	-10.6961	0	0	
72.8	2	1.5	17.0773	-13.7012	0	0	
72.8	4.4	1.5	19.0741	-13.299	0	0	
72.8	6.8	1.5	16.9522	-12.162	0	0	
72.8	9.2	1.5	16.185	-15.5913	0	0	
72.8	11.6	1.5	17.7643	-14.7637	0	0	
72.8	14	1.5	18.0602	-14.2088	0	0	
72.8	16.4	1.5	16.8746	-4.23787	0	0	
72.8	18.8	1.5	17.1465	-12.1522	0	0	
72.8	21.2	1.5	17.5141	-1.83815	0	0	
72.8	23.6	1.5	17.2328	1.71606	0	0	
72.8	26	1.5	17.1677	-11.0734	0	0	
72.8	28.4	1.5	-9.88116	-35.1584	0	0	
72.8	30.8	1.5	15.8924	-4.34562	0	0	
72.8	33.2	1.5	16.0582	-4.57981	0	0	
72.8	35.6	1.5	15.4835	-9.91087	0	0	
72.8	38	1.5	16.4444	-6.47918	0	0	
72.8	40.4	1.5	15.5556	-7.14579	0	0	
72.8	42.8	1.5	-9.3852	-29.726	0	0	
72.8	45.2	1.5	15.5296	-2.18174	0	0	
72.8	47.6	1.5	13.0703	-4.83917	0	0	
72.8	50	1.5	14.0586	-2.17543	0	0	
75.2	-70	1.5	13.6948	-1.38056	0	0	
75.2	-67.6	1.5	9.09199	-9.78065	0	0	
75.2	-65.2	1.5	-12.6699	-25.3556	0	0	
75.2	-62.8	1.5	-9.99464	-24.0673	0	0	
75.2	-60.4	1.5	9.64931	-7.78881	0	0	
75.2	-58	1.5	12.6232	-6.41349	0	0	
75.2	-55.6	1.5	-11.3064	-24.5445	0	0	
75.2	-53.2	1.5	-10.902	-25.631	0	0	
75.2	-50.8	1.5	-15.0387	-32.7321	0	0	
75.2	-48.4	1.5	16.4739	-1.69133	0	0	
75.2	-46	1.5	-12.7572	-30.6927	0	0	
75.2	-43.6	1.5	16.1135	-3.9307	0	0	
75.2	-41.2	1.5	17.16	-1.84565	0	0	
75.2	-38.8	1.5	14.2645	-2.28712	0	0	
75.2	-36.4	1.5	16.6113	1.48765	0	0	
75.2	-34	1.5	16.8831	-3.77477	0	0	
75.2	-31.6	1.5	-12.9669	-31.1648	0	0	
75.2	-29.2	1.5	15.7203	-14.1575	0	0	
75.2	-26.8	1.5	16.3317	-2.33315	0	0	
75.2	-24.4	1.5	15.6609	-4.5033	0	0	
75.2	-22	1.5	-5.45784	-18.9102	0	0	
75.2	-19.6	1.5	14.4319	-6.81939	0	0	
75.2	-17.2	1.5	17.9386	0.0469835	0	0	
75.2	-14.8	1.5	16.8086	-5.29474	0	0	
75.2	-12.4	1.5	18.448	-3.28142	0	0	
75.2	-10	1.5	-6.94981	-30.9234	0	0	
75.2	-7.6	1.5	18.1071	-5.58152	0	0	
75.2	-5.2	1.5	16.904	-12.0512	0	0	
75.2	-2.8	1.5	15.611	-17.5712	0	0	
75.2	-0.4	1.5	16.7306	-13.3081	0	0	
75.2	2	1.5	18.4855	-11.0148	0	0	
75.2	4.4	1.5	16.9122	-14.0193	0	0	
75.2	6.8	1.5	-6.65853	-39.2274	0	0	
75.2	9.2	1.5	16.4849	-11.2087	0	0	
75.2	11.6	1.5	14.8496	-15.81	0	0	
75.2	14	1.5	17.1676	-8.8321	0	0	
75.2	16.4	1.5	-9.78936	-36.7036	0	0	
75.2	18.8	1.5	16.7066	-1.08727	0	0	
75.2	21.2	1.5	-11.3849	-23.3761	0	0	
75.2	23.6	1.5	16.687	3.59107	0	0	
75.2	26	1.5	15.1413	-3.42236	0	0	
75.2	28.4	1.5	17.202	-2.11324	0	0	
75.2	30.8	1.5	16.9931	-9.14212	0	0	
75.2	33.2	1.5	15.0728	-5.36618	0	0	
75.2	35.6	1.5	-13.1494	-35.1068	0	0	
75.2	38	1.5	15.422	-7.4985	0	0	
75.2	40.4	1.5	16.8504	-5.15882	0	0	
75.2	42.8	1.5	-12.1629	-33.5262	0	0	
75.2	45.2	1.5	-9.18549	-27.0809	0	0	
75.2	47.6	1.5	-9.0599	-29.2031	0	0	
75.2	50	1.5	15.227	0.56722	0	0	
77.6	-70	1.5	11.5405	-7.13093	0	0	
77.6	-67.6	1.5	11.0858	-4.14004	0	0	
77.6	-65.2	1.5	-12.1949	-30.6629	0	0	
77.6	-62.8	1.5	-10.4998	-26.454	0	0	
77.6	-60.4	1.5	14.8446	-0.93632	0	0	
77.6	-58	1.5	14.8144	-1.08633	0	0	
77.6	-55.6	1.5	14.3438	0.732797	0	0	
77.6	-53.2	1.5	15.5244	5.08421	0	0	
77.6	-50.8	1.5	15.3345	-1.64065	0	0	
77.6	-48.4	1.5	-13.3941	-32.2989	0	0	
77.6	-46	1.5	-13.1236	-32.3574	0	0	
77.6	-43.6	1.5	-13.8677	-32.2555	0	0	
77.6	-41.2	1.5	15.7073	-4.25911	0	0	
77.6	-38.8	1.5	-11.487	-31.0641	0	0	
77.6	-36.4	1.5	-13.1173	-32.5273	0	0	
77.6	-34	1.5	-12.0847	-33.6015	0	0	
77.6	-31.6	1.5	-6.02292	-29.3428	0	0	
77.6	-29.2	1.5	16.7718	-3.08223	0	0	
77.6	-26.8	1.5	-10.5406	-29.3525	0	0	
77.6	-24.4	1.5	-10.8951	-30.8847	0	0	
77.6	-22	1.5	-10.6156	-29.2776	0	0	
77.6	-19.6	1.5	15.7645	-16.5026	0	0	
77.6	-17.2	1.5	16.3318	-7.61867	0	0	
77.6	-14.8	1.5	13.074	-19.7653	0	0	
77.6	-12.4	1.5	14.3353	-11.0478	0	0	
77.6	-10	1.5	16.432	-6.16991	0	0	
77.6	-7.6	1.5	16.1958	-9.61856	0	0	
77.6	-5.2	1.5	17.9512	-8.01796	0	0	
77.6	-2.8	1.5	-11.4666	-39.2164	0	0	
77.6	-0.4	1.5	16.5645	-12.611	0	0	
77.6	2	1.5	17.1517	-13.2715	0	0	
77.6	4.4	1.5	18.0487	-12.7819	0	0	
77.6	6.8	1.5	18.2158	-12.0699	0	0	
77.6	9.2	1.5	17.7279	-13.8836	0	0	
77.6	11.6	1.5	18.0372	-12.7915	0	0	
77.6	14	1.5	10.1717	-21.0055	0	0	
77.6	16.4	1.5	-14.9207	-36.7472	0	0	
77.6	18.8	1.5	-10.0999	-33.6666	0	0	
77.6	21.2	1.5	14.7833	-14.4511	0	0	
77.6	23.6	1.5	14.5746	-15.2284	0	0	
77.6	26	1.5	-10.6088	-34.9006	0	0	
77.6	28.4	1.5	18.0751	-10.2053	0	0	
77.6	30.8	1.5	-9.17093	-33.364	0	0	
77.6	33.2	1.5	-13.905	-37.2671	0	0	
77.6	35.6	1.5	16.1017	-7.5698	0	0	
77.6	38	1.5	-11.6097	-35.8752	0	0	
77.6	40.4	1.5	16.2782	-5.0483	0	0	
77.6	42.8	1.5	10.9774	-10.9505	0	0	
77.6	45.2	1.5	-9.05361	-28.0999	0	0	
77.6	47.6	1.5	14.2991	-3.60723	0	0	
77.6	50	1.5	13.9029	-7.83983	0	0	
80	-70	1.5	12.166	-5.87	0	0	
80	-67.6	1.5	7.79025	-9.68198	0	0	
80	-65.2	1.5	13.3836	-1.14662	0	0	
80	-62.8	1.5	-15.4913	-29.4919	0	0	
80	-60.4	1.5	14.9492	-1.8822	0	0	
80	-58	1.5	-13.1073	-29.4121	0	0	
80	-55.6	1.5	14.4901	-3.67282	0	0	
80	-53.2	1.5	13.2948	-4.01653	0	0	
80	-50.8	1.5	-10.82	-29.0875	0	0	
80	-48.4	1.5	-6.22061	-23.0694	0	0	
80	-46	1.5	14.1514	-4.47498	0	0	
80	-43.6	1.5	15.3461	-2.62744	0	0	
80	-41.2	1.5	13.5374	-3.08961	0	0	
80	-38.8	1.5	16.5061	-3.54874	0	0	
80	-36.4	1.5	15.9892	-3.44115	0	0	
80	-34	1.5	16.2126	-3.43765	0	0	
80	-31.6	1.5	14.8131	-15.2297	0	0	
80	-29.2	1.5	17.3418	-2.3813	0	0	
80	-26.8	1.5	-9.29258	-28.5554	0	0	
80	-24.4	1.5	16.0337	-4.26426	0	0	
80	-22	1.5	17.1369	-0.120007	0	0	
80	-19.6	1.5	15.0925	-6.57427	0	0	
80	-17.2	1.5	-12.1899	-33.5866	0	0	
80	-14.8	1.5	16.083	-17.5757	0	0	
80	-12.4	1.5	13.0316	-9.23843	0	0	
80	-10	1.5	16.6015	-11.2881	0	0	
80	-7.6	1.5	16.6069	-17.2505	0	0	
80	-5.2	1.5	17.1494	-10.19	0	0	
80	-2.8	1.5	16.415	-11.782	0	0	
80	-0.4	1.5	16.9224	-12.8119	0	0	
80	2	1.5	-11.8958	-41.8161	0	0	
80	4.4	1.5	16.4254	-11.8206	0	0	
80	6.8	1.5	17.6399	-11.9533	0	0	
80	9.2	1.5	15.1796	-15.8015	0	0	
80	11.6	1.5	17.0619	-9.57654	0	0	
80	14	1.5	17.0252	-5.99774	0	0	
80	16.4	1.5	18.0031	-6.71049	0	0	
80	18.8	1.5	16.3924	-14.5499	0	0	
80	21.2	1.5	15.4383	-3.55903	0	0	
80	23.6	1.5	-9.06159	-26.4192	0	0	
80	26	1.5	-16.6933	-33.1724	0	0	
80	28.4	1.5	16.3749	-12.5826	0	0	
80	30.8	1.5	16.6335	-11.1984	0	0	
80	33.2	1.5	16.3169	-8.61439	0	0	
80	35.6	1.5	16.6251	-6.81105	0	0	
80	38	1.5	13.766	-10.7415	0	0	
80	40.4	1.5	-9.11241	-34.4449	0	0	
80	42.8	1.5	11.9919	-12.5289	0	0	
80	45.2	1.5	14.2701	-6.11916	0	0	
80	47.6	1.5	14.7396	-7.60706	0	0	
80	50	1.5	13.9437	-3.68663	0	0	
